Log file open, 01/10/22 19:09:23
LogWindows: Failed to load 'aqProf.dll' (GetLastError=126)
LogWindows: File 'aqProf.dll' does not exist
LogWindows: Failed to load 'VtuneApi.dll' (GetLastError=126)
LogWindows: File 'VtuneApi.dll' does not exist
LogWindows: Failed to load 'VtuneApi32e.dll' (GetLastError=126)
LogWindows: File 'VtuneApi32e.dll' does not exist
LogConsoleResponse: Display: Failed to find resolution value strings in scalability ini. Falling back to default.
LogConsoleResponse: Display: Failed to find resolution value strings in scalability ini. Falling back to default.
LogInit: Display: Running engine for game: GunMiniGolfCoded
LogPlatformFile: Not using cached read wrapper
LogTaskGraph: Started task graph with 5 named threads and 26 total threads with 3 sets of task threads.
LogStats: Stats thread started at 0.723678
LogICUInternationalization: ICU TimeZone Detection - Raw Offset: -7:00, Platform Override: ''
LogInit: Display: Loading text-based GConfig....
LogPluginManager: Mounting plugin MeshPainting
LogPluginManager: Mounting plugin XGEController
LogPluginManager: Mounting plugin AISupport
LogPluginManager: Mounting plugin EnvironmentQueryEditor
LogPluginManager: Mounting plugin LiveLink
LogPluginManager: Mounting plugin Paper2D
LogPluginManager: Mounting plugin LightPropagationVolume
LogPluginManager: Mounting plugin CameraShakePreviewer
LogPluginManager: Mounting plugin GameplayCameras
LogPluginManager: Mounting plugin OodleData
LogPluginManager: Mounting plugin AnimationSharing
LogPluginManager: Mounting plugin OodleNetwork
LogPluginManager: Mounting plugin CodeLiteSourceCodeAccess
LogPluginManager: Mounting plugin CLionSourceCodeAccess
LogPluginManager: Mounting plugin GitSourceControl
LogPluginManager: Mounting plugin KDevelopSourceCodeAccess
LogPluginManager: Mounting plugin NullSourceCodeAccess
LogPluginManager: Mounting plugin PerforceSourceControl
LogPluginManager: Mounting plugin PixWinPlugin
LogPluginManager: Mounting plugin PlasticSourceControl
LogPluginManager: Mounting plugin PluginUtils
LogPluginManager: Mounting plugin PropertyAccessNode
LogPluginManager: Mounting plugin RiderSourceCodeAccess
LogPluginManager: Mounting plugin SubversionSourceControl
LogPluginManager: Mounting plugin TextureFormatOodle
LogPluginManager: Mounting plugin UObjectPlugin
LogPluginManager: Mounting plugin VisualStudioCodeSourceCodeAccess
LogPluginManager: Mounting plugin VisualStudioSourceCodeAccess
LogPluginManager: Mounting plugin XCodeSourceCodeAccess
LogPluginManager: Mounting plugin AssetManagerEditor
LogPluginManager: Mounting plugin VariantManagerContent
LogPluginManager: Mounting plugin CryptoKeys
LogPluginManager: Mounting plugin DataValidation
LogPluginManager: Mounting plugin CurveEditorTools
LogPluginManager: Mounting plugin FacialAnimation
LogPluginManager: Mounting plugin GameplayTagsEditor
LogPluginManager: Mounting plugin GeometryMode
LogPluginManager: Mounting plugin MacGraphicsSwitching
LogPluginManager: Mounting plugin MaterialAnalyzer
LogPluginManager: Mounting plugin MobileLauncherProfileWizard
LogPluginManager: Mounting plugin PluginBrowser
LogPluginManager: Mounting plugin SpeedTreeImporter
LogPluginManager: Mounting plugin AlembicImporter
LogPluginManager: Mounting plugin AutomationUtils
LogPluginManager: Mounting plugin BackChannel
LogPluginManager: Mounting plugin ChaosCloth
LogPluginManager: Mounting plugin ChaosClothEditor
LogPluginManager: Mounting plugin ChaosEditor
LogPluginManager: Mounting plugin ChaosNiagara
LogPluginManager: Mounting plugin CharacterAI
LogPluginManager: Mounting plugin ChaosSolverPlugin
LogPluginManager: Mounting plugin GeometryCache
LogPluginManager: Mounting plugin GeometryCollectionPlugin
LogPluginManager: Mounting plugin GeometryProcessing
LogPluginManager: Mounting plugin MotoSynth
LogPluginManager: Mounting plugin OpenImageDenoise
LogPluginManager: Mounting plugin PlanarCut
LogPluginManager: Mounting plugin PlatformCrypto
LogPluginManager: Mounting plugin PythonScriptPlugin
LogPluginManager: Mounting plugin ProxyLODPlugin
LogPluginManager: Mounting plugin SkeletalReduction
LogPluginManager: Mounting plugin Niagara
LogPluginManager: Mounting plugin LuminPlatformFeatures
LogPluginManager: Mounting plugin MagicLeap
LogPluginManager: Mounting plugin MagicLeapLightEstimation
LogPluginManager: Mounting plugin MagicLeapMedia
LogPluginManager: Mounting plugin MagicLeapPassableWorld
LogPluginManager: Mounting plugin MLSDK
LogPluginManager: Mounting plugin AndroidMedia
LogPluginManager: Mounting plugin AvfMedia
LogPluginManager: Mounting plugin ImgMedia
LogPluginManager: Mounting plugin MediaCompositing
LogPluginManager: Mounting plugin MediaPlayerEditor
LogPluginManager: Mounting plugin WebMMedia
LogPluginManager: Mounting plugin WmfMedia
LogPluginManager: Mounting plugin TcpMessaging
LogPluginManager: Mounting plugin UdpMessaging
LogPluginManager: Mounting plugin ActorSequence
LogPluginManager: Mounting plugin LevelSequenceEditor
LogPluginManager: Mounting plugin MatineeToLevelSequence
LogPluginManager: Mounting plugin TemplateSequence
LogPluginManager: Mounting plugin OnlineSubsystem
LogPluginManager: Mounting plugin OnlineSubsystemNull
LogPluginManager: Mounting plugin OnlineSubsystemUtils
LogPluginManager: Mounting plugin ActorLayerUtilities
LogPluginManager: Mounting plugin LauncherChunkInstaller
LogPluginManager: Mounting plugin AndroidDeviceProfileSelector
LogPluginManager: Mounting plugin AndroidMoviePlayer
LogPluginManager: Mounting plugin AndroidPermission
LogPluginManager: Mounting plugin AppleImageUtils
LogPluginManager: Mounting plugin AppleMoviePlayer
LogPluginManager: Mounting plugin ArchVisCharacter
LogPluginManager: Mounting plugin AssetTags
LogPluginManager: Mounting plugin AudioSynesthesia
LogPluginManager: Mounting plugin AudioCapture
LogPluginManager: Mounting plugin CableComponent
LogPluginManager: Mounting plugin ChunkDownloader
LogPluginManager: Mounting plugin CustomMeshComponent
LogPluginManager: Mounting plugin EditableMesh
LogPluginManager: Mounting plugin ExampleDeviceProfileSelector
LogPluginManager: Mounting plugin GoogleCloudMessaging
LogPluginManager: Mounting plugin GooglePAD
LogPluginManager: Mounting plugin IOSDeviceProfileSelector
LogPluginManager: Mounting plugin LinuxDeviceProfileSelector
LogPluginManager: Mounting plugin LocationServicesBPLibrary
LogPluginManager: Mounting plugin MobilePatchingUtils
LogPluginManager: Mounting plugin OpenXR
LogPluginManager: Mounting plugin OpenXREyeTracker
LogPluginManager: Mounting plugin OpenXRHandTracking
LogPluginManager: Mounting plugin PostSplashScreen
LogPluginManager: Mounting plugin PhysXVehicles
LogPluginManager: Mounting plugin ProceduralMeshComponent
LogPluginManager: Mounting plugin PropertyAccessEditor
LogPluginManager: Mounting plugin RuntimePhysXCooking
LogPluginManager: Mounting plugin SignificanceManager
LogPluginManager: Mounting plugin SoundFields
LogPluginManager: Mounting plugin DatasmithContent
LogPluginManager: Mounting plugin Synthesis
LogPluginManager: Mounting plugin WebMMoviePlayer
LogPluginManager: Mounting plugin WindowsMoviePlayer
LogPluginManager: Mounting plugin ScreenshotTools
LogPluginManager: Mounting plugin Takes
LogPluginManager: Mounting plugin ContentBrowserClassDataSource
LogPluginManager: Mounting plugin ContentBrowserAssetDataSource
LogPluginManager: Mounting plugin ContentBrowserFileDataSource
LogPluginManager: Mounting plugin OnlineSubsystemGooglePlay
LogPluginManager: Mounting plugin OnlineSubsystemIOS
LogPluginManager: Mounting plugin OculusVR
LogPluginManager: Mounting plugin SteamVR
PixWinPlugin: PIX capture plugin failed to initialize! Check that the process is launched from PIX.
LogInit: Using libcurl 7.55.1-DEV
LogInit:  - built for x86_64-pc-win32
LogInit:  - supports SSL with OpenSSL/1.1.1
LogInit:  - supports HTTP deflate (compression) using libz 1.2.8
LogInit:  - other features:
LogInit:      CURL_VERSION_SSL
LogInit:      CURL_VERSION_LIBZ
LogInit:      CURL_VERSION_IPV6
LogInit:      CURL_VERSION_ASYNCHDNS
LogInit:      CURL_VERSION_LARGEFILE
LogInit:      CURL_VERSION_IDN
LogInit:  CurlRequestOptions (configurable via config and command line):
LogInit:  - bVerifyPeer = true  - Libcurl will verify peer certificate
LogInit:  - bUseHttpProxy = false  - Libcurl will NOT use HTTP proxy
LogInit:  - bDontReuseConnections = false  - Libcurl will reuse connections
LogInit:  - MaxHostConnections = 16  - Libcurl will limit the number of connections to a host
LogInit:  - LocalHostAddr = Default
LogInit:  - BufferSize = 65536
LogOnline: OSS: Creating online subsystem instance for: NULL
LogInit: WinSock: version 1.1 (2.2), MaxSocks=32767, MaxUdp=65467
LogOnline: OSS: TryLoadSubsystemAndSetDefault: Loaded subsystem for module [NULL]
LogOculusPluginWrapper: OculusPlugin initialized successfully
LogHMD: FOculusHMDModule PreInit successfully
LogInit: Build: ++UE4+Release-4.27-CL-18319896
LogInit: Engine Version: 4.27.2-18319896+++UE4+Release-4.27
LogInit: Compatible Engine Version: 4.27.0-17155196+++UE4+Release-4.27
LogInit: Net CL: 17155196
LogInit: OS: Windows 10 (Release 2009) (), CPU: Intel(R) Core(TM) i7-9700K CPU @ 3.60GHz, GPU: NVIDIA GeForce RTX 2060
LogInit: Compiled (64-bit): Nov 30 2021 07:12:08
LogInit: Compiled with Visual C++: 19.24.28315.00
LogInit: Build Configuration: Development
LogInit: Branch Name: ++UE4+Release-4.27
LogInit: Command Line:  -skipcompile
LogInit: Base Directory: C:/UE_4.27/Engine/Binaries/Win64/
LogInit: Allocator: TBB
LogInit: Installed Engine Build: 1
LogDevObjectVersion: Number of dev versions registered: 29
LogDevObjectVersion:   Dev-Blueprints (B0D832E4-1F89-4F0D-ACCF-7EB736FD4AA2): 10
LogDevObjectVersion:   Dev-Build (E1C64328-A22C-4D53-A36C-8E866417BD8C): 0
LogDevObjectVersion:   Dev-Core (375EC13C-06E4-48FB-B500-84F0262A717E): 4
LogDevObjectVersion:   Dev-Editor (E4B068ED-F494-42E9-A231-DA0B2E46BB41): 40
LogDevObjectVersion:   Dev-Framework (CFFC743F-43B0-4480-9391-14DF171D2073): 37
LogDevObjectVersion:   Dev-Mobile (B02B49B5-BB20-44E9-A304-32B752E40360): 3
LogDevObjectVersion:   Dev-Networking (A4E4105C-59A1-49B5-A7C5-40C4547EDFEE): 0
LogDevObjectVersion:   Dev-Online (39C831C9-5AE6-47DC-9A44-9C173E1C8E7C): 0
LogDevObjectVersion:   Dev-Physics (78F01B33-EBEA-4F98-B9B4-84EACCB95AA2): 14
LogDevObjectVersion:   Dev-Platform (6631380F-2D4D-43E0-8009-CF276956A95A): 0
LogDevObjectVersion:   Dev-Rendering (12F88B9F-8875-4AFC-A67C-D90C383ABD29): 45
LogDevObjectVersion:   Dev-Sequencer (7B5AE74C-D270-4C10-A958-57980B212A5A): 13
LogDevObjectVersion:   Dev-VR (D7296918-1DD6-4BDD-9DE2-64A83CC13884): 3
LogDevObjectVersion:   Dev-LoadTimes (C2A15278-BFE7-4AFE-6C17-90FF531DF755): 1
LogDevObjectVersion:   Private-Geometry (6EACA3D4-40EC-4CC1-B786-8BED09428FC5): 3
LogDevObjectVersion:   Dev-AnimPhys (29E575DD-E0A3-4627-9D10-D276232CDCEA): 17
LogDevObjectVersion:   Dev-Anim (AF43A65D-7FD3-4947-9873-3E8ED9C1BB05): 15
LogDevObjectVersion:   Dev-ReflectionCapture (6B266CEC-1EC7-4B8F-A30B-E4D90942FC07): 1
LogDevObjectVersion:   Dev-Automation (0DF73D61-A23F-47EA-B727-89E90C41499A): 1
LogDevObjectVersion:   FortniteMain (601D1886-AC64-4F84-AA16-D3DE0DEAC7D6): 47
LogDevObjectVersion:   FortniteRelease (E7086368-6B23-4C58-8439-1B7016265E91): 1
LogDevObjectVersion:   Dev-Enterprise (9DFFBCD6-494F-0158-E221-12823C92A888): 10
LogDevObjectVersion:   Dev-Niagara (F2AED0AC-9AFE-416F-8664-AA7FFA26D6FC): 1
LogDevObjectVersion:   Dev-Destruction (174F1F0B-B4C6-45A5-B13F-2EE8D0FB917D): 10
LogDevObjectVersion:   Dev-Physics-Ext (35F94A83-E258-406C-A318-09F59610247C): 41
LogDevObjectVersion:   Dev-PhysicsMaterial-Chaos (B68FC16E-8B1B-42E2-B453-215C058844FE): 1
LogDevObjectVersion:   Dev-CineCamera (B2E18506-4273-CFC2-A54E-F4BB758BBA07): 1
LogDevObjectVersion:   Dev-VirtualProduction (64F58936-FD1B-42BA-BA96-7289D5D0FA4E): 1
LogDevObjectVersion:   Dev-MediaFramework (6F0ED827-A609-4895-9C91-998D90180EA4): 2
LogInit: Presizing for max 25165824 objects, including 0 objects not considered by GC, pre-allocating 0 bytes for permanent pool.
LogConfig: Applying CVar settings from Section [/Script/Engine.StreamingSettings] File [E:/Personal Projects/HumanMiniGolfC++/GunMiniGolfC/GunMiniGolfCoded/Saved/Config/Windows/Engine.ini]
LogConfig: Setting CVar [[s.MinBulkDataSizeForAsyncLoading:131072]]
LogConfig: Setting CVar [[s.AsyncLoadingThreadEnabled:0]]
LogConfig: Setting CVar [[s.EventDrivenLoaderEnabled:1]]
LogConfig: Setting CVar [[s.WarnIfTimeLimitExceeded:0]]
LogConfig: Setting CVar [[s.TimeLimitExceededMultiplier:1.5]]
LogConfig: Setting CVar [[s.TimeLimitExceededMinTime:0.005]]
LogConfig: Setting CVar [[s.UseBackgroundLevelStreaming:1]]
LogConfig: Setting CVar [[s.PriorityAsyncLoadingExtraTime:15.0]]
LogConfig: Setting CVar [[s.LevelStreamingActorsUpdateTimeLimit:5.0]]
LogConfig: Setting CVar [[s.PriorityLevelStreamingActorsUpdateExtraTime:5.0]]
LogConfig: Setting CVar [[s.LevelStreamingComponentsRegistrationGranularity:10]]
LogConfig: Setting CVar [[s.UnregisterComponentsTimeLimit:1.0]]
LogConfig: Setting CVar [[s.LevelStreamingComponentsUnregistrationGranularity:5]]
LogConfig: Setting CVar [[s.FlushStreamingOnExit:1]]
LogInit: Object subsystem initialized
LogConfig: Setting CVar [[con.DebugEarlyDefault:1]]
LogConfig: Setting CVar [[r.setres:1280x720]]
[2022.01.11-02.09.25:818][  0]LogConfig: Setting CVar [[r.VSync:0]]
[2022.01.11-02.09.25:818][  0]LogConfig: Setting CVar [[r.RHICmdBypass:0]]
[2022.01.11-02.09.25:818][  0]LogConfig: Applying CVar settings from Section [/Script/Engine.RendererSettings] File [E:/Personal Projects/HumanMiniGolfC++/GunMiniGolfC/GunMiniGolfCoded/Saved/Config/Windows/Engine.ini]
[2022.01.11-02.09.25:819][  0]LogConfig: Setting CVar [[r.GPUCrashDebugging:0]]
[2022.01.11-02.09.25:819][  0]LogConfig: Applying CVar settings from Section [/Script/Engine.RendererOverrideSettings] File [E:/Personal Projects/HumanMiniGolfC++/GunMiniGolfC/GunMiniGolfCoded/Saved/Config/Windows/Engine.ini]
[2022.01.11-02.09.25:819][  0]LogConfig: Applying CVar settings from Section [/Script/Engine.StreamingSettings] File [E:/Personal Projects/HumanMiniGolfC++/GunMiniGolfC/GunMiniGolfCoded/Saved/Config/Windows/Engine.ini]
[2022.01.11-02.09.25:819][  0]LogConfig: Setting CVar [[s.MinBulkDataSizeForAsyncLoading:131072]]
[2022.01.11-02.09.25:819][  0]LogConfig: Setting CVar [[s.AsyncLoadingThreadEnabled:0]]
[2022.01.11-02.09.25:819][  0]LogConfig: Setting CVar [[s.EventDrivenLoaderEnabled:1]]
[2022.01.11-02.09.25:819][  0]LogConfig: Setting CVar [[s.WarnIfTimeLimitExceeded:0]]
[2022.01.11-02.09.25:819][  0]LogConfig: Setting CVar [[s.TimeLimitExceededMultiplier:1.5]]
[2022.01.11-02.09.25:819][  0]LogConfig: Setting CVar [[s.TimeLimitExceededMinTime:0.005]]
[2022.01.11-02.09.25:819][  0]LogConfig: Setting CVar [[s.UseBackgroundLevelStreaming:1]]
[2022.01.11-02.09.25:819][  0]LogConfig: Setting CVar [[s.PriorityAsyncLoadingExtraTime:15.0]]
[2022.01.11-02.09.25:819][  0]LogConfig: Setting CVar [[s.LevelStreamingActorsUpdateTimeLimit:5.0]]
[2022.01.11-02.09.25:819][  0]LogConfig: Setting CVar [[s.PriorityLevelStreamingActorsUpdateExtraTime:5.0]]
[2022.01.11-02.09.25:819][  0]LogConfig: Setting CVar [[s.LevelStreamingComponentsRegistrationGranularity:10]]
[2022.01.11-02.09.25:819][  0]LogConfig: Setting CVar [[s.UnregisterComponentsTimeLimit:1.0]]
[2022.01.11-02.09.25:819][  0]LogConfig: Setting CVar [[s.LevelStreamingComponentsUnregistrationGranularity:5]]
[2022.01.11-02.09.25:819][  0]LogConfig: Setting CVar [[s.FlushStreamingOnExit:1]]
[2022.01.11-02.09.25:819][  0]LogConfig: Applying CVar settings from Section [/Script/Engine.GarbageCollectionSettings] File [E:/Personal Projects/HumanMiniGolfC++/GunMiniGolfC/GunMiniGolfCoded/Saved/Config/Windows/Engine.ini]
[2022.01.11-02.09.25:819][  0]LogConfig: Setting CVar [[gc.MaxObjectsNotConsideredByGC:1]]
[2022.01.11-02.09.25:819][  0]LogConfig: Setting CVar [[gc.SizeOfPermanentObjectPool:0]]
[2022.01.11-02.09.25:819][  0]LogConfig: Setting CVar [[gc.FlushStreamingOnGC:0]]
[2022.01.11-02.09.25:819][  0]LogConfig: Setting CVar [[gc.NumRetriesBeforeForcingGC:10]]
[2022.01.11-02.09.25:819][  0]LogConfig: Setting CVar [[gc.AllowParallelGC:1]]
[2022.01.11-02.09.25:819][  0]LogConfig: Setting CVar [[gc.TimeBetweenPurgingPendingKillObjects:61.1]]
[2022.01.11-02.09.25:819][  0]LogConfig: Setting CVar [[gc.MaxObjectsInEditor:25165824]]
[2022.01.11-02.09.25:819][  0]LogConfig: Setting CVar [[gc.IncrementalBeginDestroyEnabled:1]]
[2022.01.11-02.09.25:819][  0]LogConfig: Setting CVar [[gc.CreateGCClusters:1]]
[2022.01.11-02.09.25:819][  0]LogConfig: Setting CVar [[gc.MinGCClusterSize:5]]
[2022.01.11-02.09.25:819][  0]LogConfig: Setting CVar [[gc.ActorClusteringEnabled:0]]
[2022.01.11-02.09.25:819][  0]LogConfig: Setting CVar [[gc.BlueprintClusteringEnabled:0]]
[2022.01.11-02.09.25:820][  0]LogConfig: Setting CVar [[gc.UseDisregardForGCOnDedicatedServers:0]]
[2022.01.11-02.09.25:820][  0]LogConfig: Setting CVar [[gc.MultithreadedDestructionEnabled:1]]
[2022.01.11-02.09.25:820][  0]LogConfig: Applying CVar settings from Section [/Script/Engine.NetworkSettings] File [E:/Personal Projects/HumanMiniGolfC++/GunMiniGolfC/GunMiniGolfCoded/Saved/Config/Windows/Engine.ini]
[2022.01.11-02.09.25:820][  0]LogConfig: Applying CVar settings from Section [/Script/UnrealEd.CookerSettings] File [E:/Personal Projects/HumanMiniGolfC++/GunMiniGolfC/GunMiniGolfCoded/Saved/Config/Windows/Engine.ini]
[2022.01.11-02.09.25:836][  0]LogConfig: Applying CVar settings from Section [ViewDistanceQuality@3] File [E:/Personal Projects/HumanMiniGolfC++/GunMiniGolfC/GunMiniGolfCoded/Saved/Config/Windows/Scalability.ini]
[2022.01.11-02.09.25:836][  0]LogConfig: Setting CVar [[r.SkeletalMeshLODBias:0]]
[2022.01.11-02.09.25:837][  0]LogConfig: Setting CVar [[r.ViewDistanceScale:1.0]]
[2022.01.11-02.09.25:837][  0]LogConfig: Applying CVar settings from Section [AntiAliasingQuality@3] File [E:/Personal Projects/HumanMiniGolfC++/GunMiniGolfC/GunMiniGolfCoded/Saved/Config/Windows/Scalability.ini]
[2022.01.11-02.09.25:837][  0]LogConfig: Setting CVar [[r.PostProcessAAQuality:4]]
[2022.01.11-02.09.25:837][  0]LogConfig: Applying CVar settings from Section [ShadowQuality@3] File [E:/Personal Projects/HumanMiniGolfC++/GunMiniGolfC/GunMiniGolfCoded/Saved/Config/Windows/Scalability.ini]
[2022.01.11-02.09.25:837][  0]LogConfig: Setting CVar [[r.LightFunctionQuality:1]]
[2022.01.11-02.09.25:837][  0]LogConfig: Setting CVar [[r.ShadowQuality:5]]
[2022.01.11-02.09.25:837][  0]LogConfig: Setting CVar [[r.Shadow.CSM.MaxCascades:10]]
[2022.01.11-02.09.25:837][  0]LogConfig: Setting CVar [[r.Shadow.MaxResolution:2048]]
[2022.01.11-02.09.25:837][  0]LogConfig: Setting CVar [[r.Shadow.MaxCSMResolution:2048]]
[2022.01.11-02.09.25:837][  0]LogConfig: Setting CVar [[r.Shadow.RadiusThreshold:0.01]]
[2022.01.11-02.09.25:838][  0]LogConfig: Setting CVar [[r.Shadow.DistanceScale:1.0]]
[2022.01.11-02.09.25:838][  0]LogConfig: Setting CVar [[r.Shadow.CSM.TransitionScale:1.0]]
[2022.01.11-02.09.25:838][  0]LogConfig: Setting CVar [[r.Shadow.PreShadowResolutionFactor:1.0]]
[2022.01.11-02.09.25:838][  0]LogConfig: Setting CVar [[r.DistanceFieldShadowing:1]]
[2022.01.11-02.09.25:838][  0]LogConfig: Setting CVar [[r.DistanceFieldAO:1]]
[2022.01.11-02.09.25:839][  0]LogConfig: Setting CVar [[r.AOQuality:2]]
[2022.01.11-02.09.25:839][  0]LogConfig: Setting CVar [[r.VolumetricFog:1]]
[2022.01.11-02.09.25:839][  0]LogConfig: Setting CVar [[r.VolumetricFog.GridPixelSize:8]]
[2022.01.11-02.09.25:839][  0]LogConfig: Setting CVar [[r.VolumetricFog.GridSizeZ:128]]
[2022.01.11-02.09.25:839][  0]LogConfig: Setting CVar [[r.VolumetricFog.HistoryMissSupersampleCount:4]]
[2022.01.11-02.09.25:839][  0]LogConfig: Setting CVar [[r.LightMaxDrawDistanceScale:1]]
[2022.01.11-02.09.25:839][  0]LogConfig: Setting CVar [[r.CapsuleShadows:1]]
[2022.01.11-02.09.25:839][  0]LogConfig: Applying CVar settings from Section [PostProcessQuality@3] File [E:/Personal Projects/HumanMiniGolfC++/GunMiniGolfC/GunMiniGolfCoded/Saved/Config/Windows/Scalability.ini]
[2022.01.11-02.09.25:839][  0]LogConfig: Setting CVar [[r.MotionBlurQuality:4]]
[2022.01.11-02.09.25:839][  0]LogConfig: Setting CVar [[r.AmbientOcclusionMipLevelFactor:0.4]]
[2022.01.11-02.09.25:839][  0]LogConfig: Setting CVar [[r.AmbientOcclusionMaxQuality:100]]
[2022.01.11-02.09.25:839][  0]LogConfig: Setting CVar [[r.AmbientOcclusionLevels:-1]]
[2022.01.11-02.09.25:839][  0]LogConfig: Setting CVar [[r.AmbientOcclusionRadiusScale:1.0]]
[2022.01.11-02.09.25:839][  0]LogConfig: Setting CVar [[r.DepthOfFieldQuality:2]]
[2022.01.11-02.09.25:839][  0]LogConfig: Setting CVar [[r.RenderTargetPoolMin:400]]
[2022.01.11-02.09.25:839][  0]LogConfig: Setting CVar [[r.LensFlareQuality:2]]
[2022.01.11-02.09.25:840][  0]LogConfig: Setting CVar [[r.SceneColorFringeQuality:1]]
[2022.01.11-02.09.25:840][  0]LogConfig: Setting CVar [[r.EyeAdaptationQuality:2]]
[2022.01.11-02.09.25:840][  0]LogConfig: Setting CVar [[r.BloomQuality:5]]
[2022.01.11-02.09.25:840][  0]LogConfig: Setting CVar [[r.FastBlurThreshold:100]]
[2022.01.11-02.09.25:840][  0]LogConfig: Setting CVar [[r.Upscale.Quality:3]]
[2022.01.11-02.09.25:840][  0]LogConfig: Setting CVar [[r.Tonemapper.GrainQuantization:1]]
[2022.01.11-02.09.25:840][  0]LogConfig: Setting CVar [[r.LightShaftQuality:1]]
[2022.01.11-02.09.25:840][  0]LogConfig: Setting CVar [[r.Filter.SizeScale:1]]
[2022.01.11-02.09.25:840][  0]LogConfig: Setting CVar [[r.Tonemapper.Quality:5]]
[2022.01.11-02.09.25:840][  0]LogConfig: Setting CVar [[r.DOF.Gather.AccumulatorQuality:1        ; higher gathering accumulator quality]]
[2022.01.11-02.09.25:840][  0]LogConfig: Setting CVar [[r.DOF.Gather.PostfilterMethod:1          ; Median3x3 postfilering method]]
[2022.01.11-02.09.25:840][  0]LogConfig: Setting CVar [[r.DOF.Gather.EnableBokehSettings:0       ; no bokeh simulation when gathering]]
[2022.01.11-02.09.25:840][  0]LogConfig: Setting CVar [[r.DOF.Gather.RingCount:4                 ; medium number of samples when gathering]]
[2022.01.11-02.09.25:840][  0]LogConfig: Setting CVar [[r.DOF.Scatter.ForegroundCompositing:1    ; additive foreground scattering]]
[2022.01.11-02.09.25:840][  0]LogConfig: Setting CVar [[r.DOF.Scatter.BackgroundCompositing:2    ; additive background scattering]]
[2022.01.11-02.09.25:840][  0]LogConfig: Setting CVar [[r.DOF.Scatter.EnableBokehSettings:1      ; bokeh simulation when scattering]]
[2022.01.11-02.09.25:840][  0]LogConfig: Setting CVar [[r.DOF.Scatter.MaxSpriteRatio:0.1         ; only a maximum of 10% of scattered bokeh]]
[2022.01.11-02.09.25:840][  0]LogConfig: Setting CVar [[r.DOF.Recombine.Quality:1                ; cheap slight out of focus]]
[2022.01.11-02.09.25:840][  0]LogConfig: Setting CVar [[r.DOF.Recombine.EnableBokehSettings:0    ; no bokeh simulation on slight out of focus]]
[2022.01.11-02.09.25:841][  0]LogConfig: Setting CVar [[r.DOF.TemporalAAQuality:1                ; more stable temporal accumulation]]
[2022.01.11-02.09.25:841][  0]LogConfig: Setting CVar [[r.DOF.Kernel.MaxForegroundRadius:0.025]]
[2022.01.11-02.09.25:841][  0]LogConfig: Setting CVar [[r.DOF.Kernel.MaxBackgroundRadius:0.025]]
[2022.01.11-02.09.25:841][  0]LogConfig: Applying CVar settings from Section [TextureQuality@3] File [E:/Personal Projects/HumanMiniGolfC++/GunMiniGolfC/GunMiniGolfCoded/Saved/Config/Windows/Scalability.ini]
[2022.01.11-02.09.25:841][  0]LogConfig: Setting CVar [[r.Streaming.MipBias:0]]
[2022.01.11-02.09.25:841][  0]LogConfig: Setting CVar [[r.Streaming.AmortizeCPUToGPUCopy:0]]
[2022.01.11-02.09.25:841][  0]LogConfig: Setting CVar [[r.Streaming.MaxNumTexturesToStreamPerFrame:0]]
[2022.01.11-02.09.25:841][  0]LogConfig: Setting CVar [[r.Streaming.Boost:1]]
[2022.01.11-02.09.25:841][  0]LogConfig: Setting CVar [[r.MaxAnisotropy:8]]
[2022.01.11-02.09.25:841][  0]LogConfig: Setting CVar [[r.VT.MaxAnisotropy:8]]
[2022.01.11-02.09.25:841][  0]LogConfig: Setting CVar [[r.Streaming.LimitPoolSizeToVRAM:0]]
[2022.01.11-02.09.25:841][  0]LogConfig: Setting CVar [[r.Streaming.PoolSize:1000]]
[2022.01.11-02.09.25:841][  0]LogConfig: Setting CVar [[r.Streaming.MaxEffectiveScreenSize:0]]
[2022.01.11-02.09.25:842][  0]LogConfig: Applying CVar settings from Section [EffectsQuality@3] File [E:/Personal Projects/HumanMiniGolfC++/GunMiniGolfC/GunMiniGolfCoded/Saved/Config/Windows/Scalability.ini]
[2022.01.11-02.09.25:842][  0]LogConfig: Setting CVar [[r.TranslucencyLightingVolumeDim:64]]
[2022.01.11-02.09.25:842][  0]LogConfig: Setting CVar [[r.RefractionQuality:2]]
[2022.01.11-02.09.25:842][  0]LogConfig: Setting CVar [[r.SSR.Quality:3]]
[2022.01.11-02.09.25:842][  0]LogConfig: Setting CVar [[r.SSR.HalfResSceneColor:0]]
[2022.01.11-02.09.25:842][  0]LogConfig: Setting CVar [[r.SceneColorFormat:4]]
[2022.01.11-02.09.25:842][  0]LogConfig: Setting CVar [[r.DetailMode:2]]
[2022.01.11-02.09.25:842][  0]LogConfig: Setting CVar [[r.TranslucencyVolumeBlur:1]]
[2022.01.11-02.09.25:842][  0]LogConfig: Setting CVar [[r.MaterialQualityLevel:1 ; High quality]]
[2022.01.11-02.09.25:842][  0]LogConfig: Setting CVar [[r.AnisotropicMaterials:1]]
[2022.01.11-02.09.25:842][  0]LogConfig: Setting CVar [[r.SSS.Scale:1]]
[2022.01.11-02.09.25:843][  0]LogConfig: Setting CVar [[r.SSS.SampleSet:2]]
[2022.01.11-02.09.25:843][  0]LogConfig: Setting CVar [[r.SSS.Quality:1]]
[2022.01.11-02.09.25:843][  0]LogConfig: Setting CVar [[r.SSS.HalfRes:0]]
[2022.01.11-02.09.25:843][  0]LogConfig: Setting CVar [[r.SSGI.Quality:3]]
[2022.01.11-02.09.25:843][  0]LogConfig: Setting CVar [[r.EmitterSpawnRateScale:1.0]]
[2022.01.11-02.09.25:843][  0]LogConfig: Setting CVar [[r.ParticleLightQuality:2]]
[2022.01.11-02.09.25:844][  0]LogConfig: Setting CVar [[r.SkyAtmosphere.AerialPerspectiveLUT.FastApplyOnOpaque:1 ; Always have FastSkyLUT 1 in this case to avoid wrong sky]]
[2022.01.11-02.09.25:844][  0]LogConfig: Setting CVar [[r.SkyAtmosphere.AerialPerspectiveLUT.SampleCountMaxPerSlice:4]]
[2022.01.11-02.09.25:844][  0]LogConfig: Setting CVar [[r.SkyAtmosphere.AerialPerspectiveLUT.DepthResolution:16.0]]
[2022.01.11-02.09.25:844][  0]LogConfig: Setting CVar [[r.SkyAtmosphere.FastSkyLUT:1]]
[2022.01.11-02.09.25:844][  0]LogConfig: Setting CVar [[r.SkyAtmosphere.FastSkyLUT.SampleCountMin:4.0]]
[2022.01.11-02.09.25:844][  0]LogConfig: Setting CVar [[r.SkyAtmosphere.FastSkyLUT.SampleCountMax:128.0]]
[2022.01.11-02.09.25:844][  0]LogConfig: Setting CVar [[r.SkyAtmosphere.SampleCountMin:4.0]]
[2022.01.11-02.09.25:844][  0]LogConfig: Setting CVar [[r.SkyAtmosphere.SampleCountMax:128.0]]
[2022.01.11-02.09.25:844][  0]LogConfig: Setting CVar [[r.SkyAtmosphere.TransmittanceLUT.UseSmallFormat:0]]
[2022.01.11-02.09.25:844][  0]LogConfig: Setting CVar [[r.SkyAtmosphere.TransmittanceLUT.SampleCount:10.0]]
[2022.01.11-02.09.25:844][  0]LogConfig: Setting CVar [[r.SkyAtmosphere.MultiScatteringLUT.SampleCount:15.0]]
[2022.01.11-02.09.25:844][  0]LogConfig: Setting CVar [[r.SkyLight.RealTimeReflectionCapture:1]]
[2022.01.11-02.09.25:844][  0]LogConfig: Applying CVar settings from Section [FoliageQuality@3] File [E:/Personal Projects/HumanMiniGolfC++/GunMiniGolfC/GunMiniGolfCoded/Saved/Config/Windows/Scalability.ini]
[2022.01.11-02.09.25:845][  0]LogConfig: Setting CVar [[foliage.DensityScale:1.0]]
[2022.01.11-02.09.25:845][  0]LogConfig: Setting CVar [[grass.DensityScale:1.0]]
[2022.01.11-02.09.25:845][  0]LogConfig: Applying CVar settings from Section [ShadingQuality@3] File [E:/Personal Projects/HumanMiniGolfC++/GunMiniGolfC/GunMiniGolfCoded/Saved/Config/Windows/Scalability.ini]
[2022.01.11-02.09.25:845][  0]LogConfig: Setting CVar [[r.HairStrands.SkyLighting.IntegrationType:2]]
[2022.01.11-02.09.25:845][  0]LogConfig: Setting CVar [[r.HairStrands.SkyAO.SampleCount:4]]
[2022.01.11-02.09.25:845][  0]LogConfig: Setting CVar [[r.HairStrands.Visibility.MSAA.SamplePerPixel:4]]
[2022.01.11-02.09.25:845][  0]LogInit: Selected Device Profile: [Windows]
[2022.01.11-02.09.25:845][  0]LogInit: Applying CVar settings loaded from the selected device profile: [Windows]
[2022.01.11-02.09.25:845][  0]LogHAL: Display: Platform has ~ 32 GB [34191577088 / 34359738368 / 32], which maps to Largest [LargestMinGB=32, LargerMinGB=12, DefaultMinGB=8, SmallerMinGB=6, SmallestMinGB=0)
[2022.01.11-02.09.25:846][  0]LogInit: Going up to parent DeviceProfile []
[2022.01.11-02.09.25:846][  0]LogConfig: Applying CVar settings from Section [ViewDistanceQuality@3] File [E:/Personal Projects/HumanMiniGolfC++/GunMiniGolfC/GunMiniGolfCoded/Saved/Config/Windows/Scalability.ini]
[2022.01.11-02.09.25:846][  0]LogConfig: Setting CVar [[r.SkeletalMeshLODBias:0]]
[2022.01.11-02.09.25:846][  0]LogConfig: Setting CVar [[r.ViewDistanceScale:1.0]]
[2022.01.11-02.09.25:846][  0]LogConfig: Applying CVar settings from Section [AntiAliasingQuality@3] File [E:/Personal Projects/HumanMiniGolfC++/GunMiniGolfC/GunMiniGolfCoded/Saved/Config/Windows/Scalability.ini]
[2022.01.11-02.09.25:846][  0]LogConfig: Setting CVar [[r.PostProcessAAQuality:4]]
[2022.01.11-02.09.25:846][  0]LogConfig: Applying CVar settings from Section [ShadowQuality@3] File [E:/Personal Projects/HumanMiniGolfC++/GunMiniGolfC/GunMiniGolfCoded/Saved/Config/Windows/Scalability.ini]
[2022.01.11-02.09.25:846][  0]LogConfig: Setting CVar [[r.LightFunctionQuality:1]]
[2022.01.11-02.09.25:846][  0]LogConfig: Setting CVar [[r.ShadowQuality:5]]
[2022.01.11-02.09.25:846][  0]LogConfig: Setting CVar [[r.Shadow.CSM.MaxCascades:10]]
[2022.01.11-02.09.25:846][  0]LogConfig: Setting CVar [[r.Shadow.MaxResolution:2048]]
[2022.01.11-02.09.25:847][  0]LogConfig: Setting CVar [[r.Shadow.MaxCSMResolution:2048]]
[2022.01.11-02.09.25:847][  0]LogConfig: Setting CVar [[r.Shadow.RadiusThreshold:0.01]]
[2022.01.11-02.09.25:847][  0]LogConfig: Setting CVar [[r.Shadow.DistanceScale:1.0]]
[2022.01.11-02.09.25:847][  0]LogConfig: Setting CVar [[r.Shadow.CSM.TransitionScale:1.0]]
[2022.01.11-02.09.25:847][  0]LogConfig: Setting CVar [[r.Shadow.PreShadowResolutionFactor:1.0]]
[2022.01.11-02.09.25:847][  0]LogConfig: Setting CVar [[r.DistanceFieldShadowing:1]]
[2022.01.11-02.09.25:847][  0]LogConfig: Setting CVar [[r.DistanceFieldAO:1]]
[2022.01.11-02.09.25:847][  0]LogConfig: Setting CVar [[r.AOQuality:2]]
[2022.01.11-02.09.25:847][  0]LogConfig: Setting CVar [[r.VolumetricFog:1]]
[2022.01.11-02.09.25:847][  0]LogConfig: Setting CVar [[r.VolumetricFog.GridPixelSize:8]]
[2022.01.11-02.09.25:847][  0]LogConfig: Setting CVar [[r.VolumetricFog.GridSizeZ:128]]
[2022.01.11-02.09.25:847][  0]LogConfig: Setting CVar [[r.VolumetricFog.HistoryMissSupersampleCount:4]]
[2022.01.11-02.09.25:847][  0]LogConfig: Setting CVar [[r.LightMaxDrawDistanceScale:1]]
[2022.01.11-02.09.25:848][  0]LogConfig: Setting CVar [[r.CapsuleShadows:1]]
[2022.01.11-02.09.25:848][  0]LogConfig: Applying CVar settings from Section [PostProcessQuality@3] File [E:/Personal Projects/HumanMiniGolfC++/GunMiniGolfC/GunMiniGolfCoded/Saved/Config/Windows/Scalability.ini]
[2022.01.11-02.09.25:848][  0]LogConfig: Setting CVar [[r.MotionBlurQuality:4]]
[2022.01.11-02.09.25:848][  0]LogConfig: Setting CVar [[r.AmbientOcclusionMipLevelFactor:0.4]]
[2022.01.11-02.09.25:848][  0]LogConfig: Setting CVar [[r.AmbientOcclusionMaxQuality:100]]
[2022.01.11-02.09.25:848][  0]LogConfig: Setting CVar [[r.AmbientOcclusionLevels:-1]]
[2022.01.11-02.09.25:848][  0]LogConfig: Setting CVar [[r.AmbientOcclusionRadiusScale:1.0]]
[2022.01.11-02.09.25:848][  0]LogConfig: Setting CVar [[r.DepthOfFieldQuality:2]]
[2022.01.11-02.09.25:848][  0]LogConfig: Setting CVar [[r.RenderTargetPoolMin:400]]
[2022.01.11-02.09.25:848][  0]LogConfig: Setting CVar [[r.LensFlareQuality:2]]
[2022.01.11-02.09.25:848][  0]LogConfig: Setting CVar [[r.SceneColorFringeQuality:1]]
[2022.01.11-02.09.25:849][  0]LogConfig: Setting CVar [[r.EyeAdaptationQuality:2]]
[2022.01.11-02.09.25:849][  0]LogConfig: Setting CVar [[r.BloomQuality:5]]
[2022.01.11-02.09.25:849][  0]LogConfig: Setting CVar [[r.FastBlurThreshold:100]]
[2022.01.11-02.09.25:849][  0]LogConfig: Setting CVar [[r.Upscale.Quality:3]]
[2022.01.11-02.09.25:849][  0]LogConfig: Setting CVar [[r.Tonemapper.GrainQuantization:1]]
[2022.01.11-02.09.25:849][  0]LogConfig: Setting CVar [[r.LightShaftQuality:1]]
[2022.01.11-02.09.25:849][  0]LogConfig: Setting CVar [[r.Filter.SizeScale:1]]
[2022.01.11-02.09.25:849][  0]LogConfig: Setting CVar [[r.Tonemapper.Quality:5]]
[2022.01.11-02.09.25:849][  0]LogConfig: Setting CVar [[r.DOF.Gather.AccumulatorQuality:1        ; higher gathering accumulator quality]]
[2022.01.11-02.09.25:849][  0]LogConfig: Setting CVar [[r.DOF.Gather.PostfilterMethod:1          ; Median3x3 postfilering method]]
[2022.01.11-02.09.25:849][  0]LogConfig: Setting CVar [[r.DOF.Gather.EnableBokehSettings:0       ; no bokeh simulation when gathering]]
[2022.01.11-02.09.25:849][  0]LogConfig: Setting CVar [[r.DOF.Gather.RingCount:4                 ; medium number of samples when gathering]]
[2022.01.11-02.09.25:850][  0]LogConfig: Setting CVar [[r.DOF.Scatter.ForegroundCompositing:1    ; additive foreground scattering]]
[2022.01.11-02.09.25:850][  0]LogConfig: Setting CVar [[r.DOF.Scatter.BackgroundCompositing:2    ; additive background scattering]]
[2022.01.11-02.09.25:850][  0]LogConfig: Setting CVar [[r.DOF.Scatter.EnableBokehSettings:1      ; bokeh simulation when scattering]]
[2022.01.11-02.09.25:850][  0]LogConfig: Setting CVar [[r.DOF.Scatter.MaxSpriteRatio:0.1         ; only a maximum of 10% of scattered bokeh]]
[2022.01.11-02.09.25:850][  0]LogConfig: Setting CVar [[r.DOF.Recombine.Quality:1                ; cheap slight out of focus]]
[2022.01.11-02.09.25:850][  0]LogConfig: Setting CVar [[r.DOF.Recombine.EnableBokehSettings:0    ; no bokeh simulation on slight out of focus]]
[2022.01.11-02.09.25:850][  0]LogConfig: Setting CVar [[r.DOF.TemporalAAQuality:1                ; more stable temporal accumulation]]
[2022.01.11-02.09.25:850][  0]LogConfig: Setting CVar [[r.DOF.Kernel.MaxForegroundRadius:0.025]]
[2022.01.11-02.09.25:850][  0]LogConfig: Setting CVar [[r.DOF.Kernel.MaxBackgroundRadius:0.025]]
[2022.01.11-02.09.25:850][  0]LogConfig: Applying CVar settings from Section [TextureQuality@3] File [E:/Personal Projects/HumanMiniGolfC++/GunMiniGolfC/GunMiniGolfCoded/Saved/Config/Windows/Scalability.ini]
[2022.01.11-02.09.25:850][  0]LogConfig: Setting CVar [[r.Streaming.MipBias:0]]
[2022.01.11-02.09.25:851][  0]LogConfig: Setting CVar [[r.Streaming.AmortizeCPUToGPUCopy:0]]
[2022.01.11-02.09.25:851][  0]LogConfig: Setting CVar [[r.Streaming.MaxNumTexturesToStreamPerFrame:0]]
[2022.01.11-02.09.25:851][  0]LogConfig: Setting CVar [[r.Streaming.Boost:1]]
[2022.01.11-02.09.25:851][  0]LogConfig: Setting CVar [[r.MaxAnisotropy:8]]
[2022.01.11-02.09.25:851][  0]LogConfig: Setting CVar [[r.VT.MaxAnisotropy:8]]
[2022.01.11-02.09.25:851][  0]LogConfig: Setting CVar [[r.Streaming.LimitPoolSizeToVRAM:0]]
[2022.01.11-02.09.25:851][  0]LogConfig: Setting CVar [[r.Streaming.PoolSize:1000]]
[2022.01.11-02.09.25:851][  0]LogConfig: Setting CVar [[r.Streaming.MaxEffectiveScreenSize:0]]
[2022.01.11-02.09.25:851][  0]LogConfig: Applying CVar settings from Section [EffectsQuality@3] File [E:/Personal Projects/HumanMiniGolfC++/GunMiniGolfC/GunMiniGolfCoded/Saved/Config/Windows/Scalability.ini]
[2022.01.11-02.09.25:851][  0]LogConfig: Setting CVar [[r.TranslucencyLightingVolumeDim:64]]
[2022.01.11-02.09.25:851][  0]LogConfig: Setting CVar [[r.RefractionQuality:2]]
[2022.01.11-02.09.25:852][  0]LogConfig: Setting CVar [[r.SSR.Quality:3]]
[2022.01.11-02.09.25:852][  0]LogConfig: Setting CVar [[r.SSR.HalfResSceneColor:0]]
[2022.01.11-02.09.25:852][  0]LogConfig: Setting CVar [[r.SceneColorFormat:4]]
[2022.01.11-02.09.25:852][  0]LogConfig: Setting CVar [[r.DetailMode:2]]
[2022.01.11-02.09.25:852][  0]LogConfig: Setting CVar [[r.TranslucencyVolumeBlur:1]]
[2022.01.11-02.09.25:852][  0]LogConfig: Setting CVar [[r.MaterialQualityLevel:1 ; High quality]]
[2022.01.11-02.09.25:852][  0]LogConfig: Setting CVar [[r.AnisotropicMaterials:1]]
[2022.01.11-02.09.25:852][  0]LogConfig: Setting CVar [[r.SSS.Scale:1]]
[2022.01.11-02.09.25:852][  0]LogConfig: Setting CVar [[r.SSS.SampleSet:2]]
[2022.01.11-02.09.25:852][  0]LogConfig: Setting CVar [[r.SSS.Quality:1]]
[2022.01.11-02.09.25:852][  0]LogConfig: Setting CVar [[r.SSS.HalfRes:0]]
[2022.01.11-02.09.25:852][  0]LogConfig: Setting CVar [[r.SSGI.Quality:3]]
[2022.01.11-02.09.25:853][  0]LogConfig: Setting CVar [[r.EmitterSpawnRateScale:1.0]]
[2022.01.11-02.09.25:853][  0]LogConfig: Setting CVar [[r.ParticleLightQuality:2]]
[2022.01.11-02.09.25:853][  0]LogConfig: Setting CVar [[r.SkyAtmosphere.AerialPerspectiveLUT.FastApplyOnOpaque:1 ; Always have FastSkyLUT 1 in this case to avoid wrong sky]]
[2022.01.11-02.09.25:853][  0]LogConfig: Setting CVar [[r.SkyAtmosphere.AerialPerspectiveLUT.SampleCountMaxPerSlice:4]]
[2022.01.11-02.09.25:853][  0]LogConfig: Setting CVar [[r.SkyAtmosphere.AerialPerspectiveLUT.DepthResolution:16.0]]
[2022.01.11-02.09.25:853][  0]LogConfig: Setting CVar [[r.SkyAtmosphere.FastSkyLUT:1]]
[2022.01.11-02.09.25:853][  0]LogConfig: Setting CVar [[r.SkyAtmosphere.FastSkyLUT.SampleCountMin:4.0]]
[2022.01.11-02.09.25:853][  0]LogConfig: Setting CVar [[r.SkyAtmosphere.FastSkyLUT.SampleCountMax:128.0]]
[2022.01.11-02.09.25:853][  0]LogConfig: Setting CVar [[r.SkyAtmosphere.SampleCountMin:4.0]]
[2022.01.11-02.09.25:853][  0]LogConfig: Setting CVar [[r.SkyAtmosphere.SampleCountMax:128.0]]
[2022.01.11-02.09.25:854][  0]LogConfig: Setting CVar [[r.SkyAtmosphere.TransmittanceLUT.UseSmallFormat:0]]
[2022.01.11-02.09.25:854][  0]LogConfig: Setting CVar [[r.SkyAtmosphere.TransmittanceLUT.SampleCount:10.0]]
[2022.01.11-02.09.25:854][  0]LogConfig: Setting CVar [[r.SkyAtmosphere.MultiScatteringLUT.SampleCount:15.0]]
[2022.01.11-02.09.25:854][  0]LogConfig: Setting CVar [[r.SkyLight.RealTimeReflectionCapture:1]]
[2022.01.11-02.09.25:854][  0]LogConfig: Applying CVar settings from Section [FoliageQuality@3] File [E:/Personal Projects/HumanMiniGolfC++/GunMiniGolfC/GunMiniGolfCoded/Saved/Config/Windows/Scalability.ini]
[2022.01.11-02.09.25:854][  0]LogConfig: Setting CVar [[foliage.DensityScale:1.0]]
[2022.01.11-02.09.25:854][  0]LogConfig: Setting CVar [[grass.DensityScale:1.0]]
[2022.01.11-02.09.25:854][  0]LogConfig: Applying CVar settings from Section [ShadingQuality@3] File [E:/Personal Projects/HumanMiniGolfC++/GunMiniGolfC/GunMiniGolfCoded/Saved/Config/Windows/Scalability.ini]
[2022.01.11-02.09.25:854][  0]LogConfig: Setting CVar [[r.HairStrands.SkyLighting.IntegrationType:2]]
[2022.01.11-02.09.25:854][  0]LogConfig: Setting CVar [[r.HairStrands.SkyAO.SampleCount:4]]
[2022.01.11-02.09.25:854][  0]LogConfig: Setting CVar [[r.HairStrands.Visibility.MSAA.SamplePerPixel:4]]
[2022.01.11-02.09.25:854][  0]LogConfig: Applying CVar settings from Section [Startup] File [../../../Engine/Config/ConsoleVariables.ini]
[2022.01.11-02.09.25:855][  0]LogConfig: Setting CVar [[net.UseAdaptiveNetUpdateFrequency:0]]
[2022.01.11-02.09.25:855][  0]LogConfig: Setting CVar [[p.chaos.AllowCreatePhysxBodies:1]]
[2022.01.11-02.09.25:855][  0]LogConfig: Setting CVar [[fx.SkipVectorVMBackendOptimizations:1]]
[2022.01.11-02.09.25:855][  0]LogConfig: Applying CVar settings from Section [ConsoleVariables] File [E:/Personal Projects/HumanMiniGolfC++/GunMiniGolfC/GunMiniGolfCoded/Saved/Config/Windows/Engine.ini]
[2022.01.11-02.09.25:855][  0]LogConfig: Applying CVar settings from Section [ConsoleVariables] File [E:/Personal Projects/HumanMiniGolfC++/GunMiniGolfC/GunMiniGolfCoded/Saved/Config/Windows/Editor.ini]
[2022.01.11-02.09.25:856][  0]LogInit: Computer: MITCH-WORKSTATI
[2022.01.11-02.09.25:856][  0]LogInit: User: Mitch
[2022.01.11-02.09.25:856][  0]LogInit: CPU Page size=4096, Cores=8
[2022.01.11-02.09.25:856][  0]LogInit: High frequency timer resolution =10.000000 MHz
[2022.01.11-02.09.25:856][  0]LogMemory: Memory total: Physical=31.8GB (32GB approx)
[2022.01.11-02.09.25:856][  0]LogMemory: Platform Memory Stats for Windows
[2022.01.11-02.09.25:856][  0]LogMemory: Process Physical Memory: 157.49 MB used, 157.49 MB peak
[2022.01.11-02.09.25:857][  0]LogMemory: Process Virtual Memory: 119.02 MB used, 119.02 MB peak
[2022.01.11-02.09.25:857][  0]LogMemory: Physical Memory: 14876.07 MB used,  17731.56 MB free, 32607.63 MB total
[2022.01.11-02.09.25:857][  0]LogMemory: Virtual Memory: 134201648.00 MB used,  16076.73 MB free, 134217728.00 MB total
[2022.01.11-02.09.25:885][  0]LogWindows: WindowsPlatformFeatures enabled
[2022.01.11-02.09.26:440][  0]LogInit: Physics initialised using underlying interface: PhysX
[2022.01.11-02.09.26:443][  0]LogInit: Using OS detected language (en-US).
[2022.01.11-02.09.26:444][  0]LogInit: Using OS detected locale (en-US).
[2022.01.11-02.09.26:455][  0]LogTextLocalizationManager: No specific localization for 'en-US' exists, so the 'en' localization will be used.
[2022.01.11-02.09.27:210][  0]LogInit: Setting process to per monitor DPI aware
[2022.01.11-02.09.27:509][  0]LogWindowsTextInputMethodSystem: Display: IME system deactivated.
[2022.01.11-02.09.27:573][  0]LogSlate: New Slate User Created.  User Index 0, Is Virtual User: 0
[2022.01.11-02.09.27:612][  0]LogSlate: Slate User Registered.  User Index 0, Is Virtual User: 0
[2022.01.11-02.09.28:039][  0]LogD3D11RHI: Loaded GFSDK_Aftermath_Lib.x64.dll
[2022.01.11-02.09.28:054][  0]LogD3D11RHI: D3D11 min allowed feature level: 11_0
[2022.01.11-02.09.28:095][  0]LogD3D11RHI: D3D11 max allowed feature level: 11_0
[2022.01.11-02.09.28:170][  0]LogD3D11RHI: D3D11 adapters:
[2022.01.11-02.09.28:960][  0]LogD3D11RHI:    0. 'NVIDIA GeForce RTX 2060' (Feature Level 11_0)
[2022.01.11-02.09.28:966][  0]LogD3D11RHI:       5980/0/16303 MB DedicatedVideo/DedicatedSystem/SharedSystem, Outputs:1, VendorId:0x10de
[2022.01.11-02.09.29:653][  0]LogD3D11RHI:    1. 'Intel(R) UHD Graphics 630' (Feature Level 11_0)
[2022.01.11-02.09.29:654][  0]LogD3D11RHI:       128/0/16303 MB DedicatedVideo/DedicatedSystem/SharedSystem, Outputs:0, VendorId:0x8086
[2022.01.11-02.09.29:686][  0]LogD3D11RHI:    2. 'Microsoft Basic Render Driver' (Feature Level 11_0)
[2022.01.11-02.09.29:687][  0]LogD3D11RHI:       0/0/16303 MB DedicatedVideo/DedicatedSystem/SharedSystem, Outputs:0, VendorId:0x1414
[2022.01.11-02.09.29:687][  0]LogD3D11RHI: Chosen D3D11 Adapter:
[2022.01.11-02.09.29:688][  0]LogD3D11RHI:     Description : NVIDIA GeForce RTX 2060
[2022.01.11-02.09.29:688][  0]LogD3D11RHI:     VendorId    : 10de
[2022.01.11-02.09.29:688][  0]LogD3D11RHI:     DeviceId    : 1f08
[2022.01.11-02.09.29:688][  0]LogD3D11RHI:     SubSysId    : 868e1043
[2022.01.11-02.09.29:688][  0]LogD3D11RHI:     Revision    : 00a1
[2022.01.11-02.09.29:688][  0]LogD3D11RHI:     DedicatedVideoMemory : 6270484480 bytes
[2022.01.11-02.09.29:688][  0]LogD3D11RHI:     DedicatedSystemMemory : 0 bytes
[2022.01.11-02.09.29:688][  0]LogD3D11RHI:     SharedSystemMemory : 17095788544 bytes
[2022.01.11-02.09.29:688][  0]LogD3D11RHI:     AdapterLuid : 0 87253
[2022.01.11-02.09.29:710][  0]LogD3D11RHI: Creating new Direct3DDevice
[2022.01.11-02.09.29:711][  0]LogD3D11RHI:     GPU DeviceId: 0x1f08 (for the marketing name, search the web for "GPU Device Id")
[2022.01.11-02.09.29:711][  0]LogWindows: EnumDisplayDevices:
[2022.01.11-02.09.29:712][  0]LogWindows:    0. 'NVIDIA GeForce RTX 2060' (P:1 D:1)
[2022.01.11-02.09.29:715][  0]LogWindows:    1. 'NVIDIA GeForce RTX 2060' (P:0 D:0)
[2022.01.11-02.09.29:716][  0]LogWindows:    2. 'NVIDIA GeForce RTX 2060' (P:0 D:0)
[2022.01.11-02.09.29:716][  0]LogWindows:    3. 'NVIDIA GeForce RTX 2060' (P:0 D:0)
[2022.01.11-02.09.29:717][  0]LogWindows:    4. 'Intel(R) UHD Graphics 630' (P:0 D:0)
[2022.01.11-02.09.29:718][  0]LogWindows:    5. 'Intel(R) UHD Graphics 630' (P:0 D:0)
[2022.01.11-02.09.29:719][  0]LogWindows:    6. 'Intel(R) UHD Graphics 630' (P:0 D:0)
[2022.01.11-02.09.29:719][  0]LogWindows: DebugString: PrimaryIsNotTheChoosenAdapter PrimaryIsNotTheChoosenAdapter PrimaryIsNotTheChoosenAdapter FoundDriverCount:4 
[2022.01.11-02.09.29:720][  0]LogD3D11RHI:     Adapter Name: NVIDIA GeForce RTX 2060
[2022.01.11-02.09.29:720][  0]LogD3D11RHI:   Driver Version: 497.29 (internal:30.0.14.9729, unified:497.29)
[2022.01.11-02.09.29:720][  0]LogD3D11RHI:      Driver Date: 12-15-2021
[2022.01.11-02.09.29:720][  0]LogRHI: Texture pool is 4186 MB (70% of 5980 MB)
[2022.01.11-02.09.29:721][  0]LogD3D11RHI: Creating D3DDevice using adapter:
[2022.01.11-02.09.29:721][  0]LogD3D11RHI:     Description : NVIDIA GeForce RTX 2060
[2022.01.11-02.09.29:721][  0]LogD3D11RHI:     VendorId    : 10de
[2022.01.11-02.09.29:722][  0]LogD3D11RHI:     DeviceId    : 1f08
[2022.01.11-02.09.29:722][  0]LogD3D11RHI:     SubSysId    : 868e1043
[2022.01.11-02.09.29:723][  0]LogD3D11RHI:     Revision    : 00a1
[2022.01.11-02.09.29:723][  0]LogD3D11RHI:     DedicatedVideoMemory : 6270484480 bytes
[2022.01.11-02.09.29:723][  0]LogD3D11RHI:     DedicatedSystemMemory : 0 bytes
[2022.01.11-02.09.29:723][  0]LogD3D11RHI:     SharedSystemMemory : 17095788544 bytes
[2022.01.11-02.09.29:723][  0]LogD3D11RHI:     AdapterLuid : 0 87253
[2022.01.11-02.09.29:913][  0]LogD3D11RHI: RHI has support for 64 bit atomics
[2022.01.11-02.09.29:914][  0]LogD3D11RHI: Async texture creation enabled
[2022.01.11-02.09.29:914][  0]LogD3D11RHI: Array index from any shader is supported
[2022.01.11-02.09.29:988][  0]LogD3D11RHI: GPU Timing Frequency: 1000.000000 (Debug: 2 1)
[2022.01.11-02.09.30:050][  0]LogRHI: GeForceNow SDK initialized: 1
[2022.01.11-02.09.30:828][  0]LogTargetPlatformManager: Display: Loaded TargetPlatform 'AllDesktop'
[2022.01.11-02.09.30:892][  0]LogTargetPlatformManager: Display: Loaded TargetPlatform 'Android'
[2022.01.11-02.09.30:904][  0]LogTargetPlatformManager: Display: Loaded TargetPlatform 'Android_ASTC'
[2022.01.11-02.09.30:913][  0]LogTargetPlatformManager: Display: Loaded TargetPlatform 'Android_DXT'
[2022.01.11-02.09.30:916][  0]LogTargetPlatformManager: Display: Loaded TargetPlatform 'Android_ETC2'
[2022.01.11-02.09.30:917][  0]LogTargetPlatformManager: Display: Loaded TargetPlatform 'AndroidClient'
[2022.01.11-02.09.30:921][  0]LogTargetPlatformManager: Display: Loaded TargetPlatform 'Android_ASTCClient'
[2022.01.11-02.09.30:921][  0]LogTargetPlatformManager: Display: Loaded TargetPlatform 'Android_DXTClient'
[2022.01.11-02.09.30:921][  0]LogTargetPlatformManager: Display: Loaded TargetPlatform 'Android_ETC2Client'
[2022.01.11-02.09.30:921][  0]LogTargetPlatformManager: Display: Loaded TargetPlatform 'Android_Multi'
[2022.01.11-02.09.30:921][  0]LogTargetPlatformManager: Display: Loaded TargetPlatform 'Android_MultiClient'
[2022.01.11-02.09.31:026][  0]LogTargetPlatformManager: Display: Loaded TargetPlatform 'IOSClient'
[2022.01.11-02.09.31:026][  0]LogTargetPlatformManager: Display: Loaded TargetPlatform 'IOS'
[2022.01.11-02.09.31:063][  0]LogTargetPlatformManager: Display: Loaded TargetPlatform 'Linux'
[2022.01.11-02.09.31:095][  0]LogTargetPlatformManager: Display: Loaded TargetPlatform 'LinuxNoEditor'
[2022.01.11-02.09.31:119][  0]LogTargetPlatformManager: Display: Loaded TargetPlatform 'LinuxClient'
[2022.01.11-02.09.31:150][  0]LogTargetPlatformManager: Display: Loaded TargetPlatform 'LinuxServer'
[2022.01.11-02.09.31:186][  0]LogTargetPlatformManager: Display: Loaded TargetPlatform 'LinuxAArch64NoEditor'
[2022.01.11-02.09.31:247][  0]LogTargetPlatformManager: Display: Loaded TargetPlatform 'LinuxAArch64Client'
[2022.01.11-02.09.31:268][  0]LogTargetPlatformManager: Display: Loaded TargetPlatform 'LinuxAArch64Server'
[2022.01.11-02.09.31:349][  0]LogTargetPlatformManager: Display: Loaded TargetPlatform 'Lumin'
[2022.01.11-02.09.31:350][  0]LogTargetPlatformManager: Display: Loaded TargetPlatform 'LuminClient'
[2022.01.11-02.09.31:382][  0]LogTargetPlatformManager: Display: Loaded TargetPlatform 'MacNoEditor'
[2022.01.11-02.09.31:410][  0]LogTargetPlatformManager: Display: Loaded TargetPlatform 'Mac'
[2022.01.11-02.09.31:429][  0]LogTargetPlatformManager: Display: Loaded TargetPlatform 'MacClient'
[2022.01.11-02.09.31:456][  0]LogTargetPlatformManager: Display: Loaded TargetPlatform 'MacServer'
[2022.01.11-02.09.31:489][  0]LogTargetPlatformManager: Display: Loaded TargetPlatform 'TVOSClient'
[2022.01.11-02.09.31:492][  0]LogTargetPlatformManager: Display: Loaded TargetPlatform 'TVOS'
[2022.01.11-02.09.31:531][  0]LogTargetPlatformManager: Display: Loaded TargetPlatform 'WindowsNoEditor'
[2022.01.11-02.09.31:549][  0]LogTargetPlatformManager: Display: Loaded TargetPlatform 'Windows'
[2022.01.11-02.09.31:570][  0]LogTargetPlatformManager: Display: Loaded TargetPlatform 'WindowsClient'
[2022.01.11-02.09.31:593][  0]LogTargetPlatformManager: Display: Loaded TargetPlatform 'WindowsServer'
[2022.01.11-02.09.31:597][  0]LogTargetPlatformManager: Display: Building Assets For Windows
[2022.01.11-02.09.31:641][  0]LogAudioDebug: Display: Lib vorbis DLL was dynamically loaded.
[2022.01.11-02.09.31:931][  0]LogTextureFormatOodle: Display: Oodle Texture 2.9.0 init RDO Off
[2022.01.11-02.09.32:103][  0]LogRendererCore: Ray tracing is disabled. Reason: r.RayTracing=0.
[2022.01.11-02.09.32:104][  0]LogShaderCompilers: Guid format shader working directory is -21 characters bigger than the processId version (E:/Personal Projects/HumanMiniGolfC++/GunMiniGolfC/GunMiniGolfCoded/Intermediate/Shaders/WorkingDirectory/1076/).
[2022.01.11-02.09.32:104][  0]LogShaderCompilers: Cleaned the shader compiler working directory 'C:/Users/Mitch/AppData/Local/Temp/UnrealShaderWorkingDir/2F7BA1BF444FAC52B80920B1008FFB0C/'.
[2022.01.11-02.09.32:105][  0]LogXGEController: Cannot use XGE Controller as Incredibuild is not installed on this machine.
[2022.01.11-02.09.32:105][  0]LogShaderCompilers: Cannot use XGE Shader Compiler as Incredibuild is not installed on this machine.
[2022.01.11-02.09.32:105][  0]LogShaderCompilers: Display: Using Local Shader Compiler.
[2022.01.11-02.09.33:177][  0]LogDerivedDataCache: Display: Max Cache Size: 512 MB
[2022.01.11-02.09.33:318][  0]LogDerivedDataCache: Loaded boot cache 0.14s 99MB C:/Users/Mitch/AppData/Local/UnrealEngine/4.27/DerivedDataCache/Boot.ddc.
[2022.01.11-02.09.33:319][  0]LogDerivedDataCache: Display: Loaded Boot cache: C:/Users/Mitch/AppData/Local/UnrealEngine/4.27/DerivedDataCache/Boot.ddc
[2022.01.11-02.09.33:319][  0]LogDerivedDataCache: FDerivedDataBackendGraph:  Pak pak cache file E:/Personal Projects/HumanMiniGolfC++/GunMiniGolfC/GunMiniGolfCoded/DerivedDataCache/DDC.ddp not found, will not use a pak cache.
[2022.01.11-02.09.33:319][  0]LogDerivedDataCache: Unable to find inner node Pak for hierarchical cache Hierarchy.
[2022.01.11-02.09.33:319][  0]LogDerivedDataCache: FDerivedDataBackendGraph:  CompressedPak pak cache file E:/Personal Projects/HumanMiniGolfC++/GunMiniGolfC/GunMiniGolfCoded/DerivedDataCache/Compressed.ddp not found, will not use a pak cache.
[2022.01.11-02.09.33:319][  0]LogDerivedDataCache: Unable to find inner node CompressedPak for hierarchical cache Hierarchy.
[2022.01.11-02.09.33:341][  0]LogDerivedDataCache: Display: Pak cache opened for reading ../../../Engine/DerivedDataCache/Compressed.ddp.
[2022.01.11-02.09.33:341][  0]LogDerivedDataCache: FDerivedDataBackendGraph:  EnterprisePak pak cache file ../../../Enterprise/DerivedDataCache/Compressed.ddp not found, will not use a pak cache.
[2022.01.11-02.09.33:341][  0]LogDerivedDataCache: Unable to find inner node EnterprisePak for hierarchical cache Hierarchy.
[2022.01.11-02.09.33:383][  0]LogDerivedDataCache: Speed tests for C:/Users/Mitch/AppData/Local/UnrealEngine/Common/DerivedDataCache took 0.04 seconds
[2022.01.11-02.09.33:448][  0]LogDerivedDataCache: Display: Performance to C:/Users/Mitch/AppData/Local/UnrealEngine/Common/DerivedDataCache: Latency=0.05ms. RandomReadSpeed=598.91MBs, RandomWriteSpeed=23.54MBs. Assigned SpeedClass 'Local'
[2022.01.11-02.09.33:475][  0]LogDerivedDataCache: Using Local data cache path C:/Users/Mitch/AppData/Local/UnrealEngine/Common/DerivedDataCache: Writable
[2022.01.11-02.09.33:476][  0]LogDerivedDataCache: Shared data cache path not found in *engine.ini, will not use an Shared cache.
[2022.01.11-02.09.33:477][  0]LogDerivedDataCache: Unable to find inner node Shared for hierarchical cache Hierarchy.
[2022.01.11-02.09.33:548][  0]LogSlate: Using FreeType 2.10.0
[2022.01.11-02.09.33:556][  0]LogSlate: SlateFontServices - WITH_FREETYPE: 1, WITH_HARFBUZZ: 1
[2022.01.11-02.09.33:630][  0]LogAssetRegistry: FAssetRegistry took 0.0194 seconds to start up
[2022.01.11-02.09.33:999][  0]LogInit: Selected Device Profile: [Windows]
[2022.01.11-02.09.34:000][  0]LogInit: Active device profile: [000001F9ED039400][000001F9EB849280 49] Windows
[2022.01.11-02.09.34:000][  0]LogInit: Profiles: [000001F9ED039400][000001F9EB849280 49] Windows, [000001F9ECFCE800][000001F9DFEFF400 49] WindowsNoEditor, [000001F9ED03B100][000001F9DFF03580 49] WindowsServer, [000001F9ECFBFF00][000001F9DFF07700 49] WindowsClient, [000001F9ECFCFA00][000001F9DFF0B880 49] IOS, [000001F9ECFBF200][000001F9E0821A00 49] iPadAir, [000001F9ECFCDE00][000001F9E0825B80 49] iPadAir2, [000001F9ECEFC600][000001F9E082C2C0 49] IPadPro, [000001F9ECEFC700][000001F9E0828300 49] iPadAir3, [000001F9ECFBDA00][000001F9E0830480 49] iPadAir4, [000001F9ECEFD400][000001F9E0838600 49] iPadMini2, [000001F9ECFBFC00][000001F9E0844780 49] iPadMini3, [000001F9ECEFF300][000001F9E084C900 49] iPadMini4, [000001F9ECFBF900][000001F9E0896A80 49] iPadMini5, [000001F9ECDBFF00][000001F9E08C4D40 49] iPhone6, [000001F9ECDBFE00][000001F9E089AD80 49] iPodTouch6, [000001F9ED03A500][000001F9EA912FC0 49] iPhone7, [000001F9ED03A600][000001F9EB84D000 49] iPodTouch7, [000001F9ECDBC600][000001F9EABBF140 49] iPhone5S, [000001F9ECEFF000][000001F9EABC72C0 49] iPhone6Plus, [000001F9ECDBE000][000001F9EABED440 49] iPhone6S, [000001F9ECEFD100][000001F9EABF15C0 49] iPhone6SPlus, [000001F9ECDBCA00][000001F9EABF5740 49] iPhone7Plus, [000001F9ECEFFF00][000001F9EB5958C0 49] iPhoneSE, [000001F9ED03A400][000001F9EB599A40 49] iPhone8, [000001F9ECEFDB00][000001F9EA8E7BC0 49] iPhone8Plus, [000001F9ED039E00][000001F9EB6321C0 49] iPhoneX, [000001F9ECEFDA00][000001F9EB666340 49] iPhoneXS, [000001F9ED038600][000001F9EB66A4C0 49] iPhoneXSMax, [000001F9ECEFF900][000001F9EB66E640 49] iPhoneXR, [000001F9ED039A00][000001F9EAEAC7C0 49] iPhone11, [000001F9ECEFEE00][000001F9EAFBE940 49] iPhone11Pro, [000001F9ED03AF00][000001F9EAFD0AC0 49] iPhone11ProMax, [000001F9ECEFD800][000001F9EB022C40 49] iPhoneSE2, [000001F9ED038800][000001F9EB026DC0 49] iPhone12Mini, [000001F9ECEFE100][000001F9EB02AF40 49] iPhone12, [000001F9ED038700][000001F9EABC3080 49] iPhone12Pro, [000001F9ECEFC900][000001F9EB2611C0 49] iPhone12ProMax, [000001F9ED03B400][000001F9EB265300 49] iPadPro105, [000001F9ECEFE600][000001F9EB26D480 49] iPadPro129, [000001F9ED039600][000001F9EB271600 49] iPadPro97, [000001F9ECEFC200][000001F9EB275780 49] iPadPro2_129, [000001F9ED03AB00][000001F9EB3FD900 49] iPad5, [000001F9ECEFC400][000001F9EB415A80 49] iPad6, [000001F9ED038500][000001F9EB43BC00 49] iPad7, [000001F9ECEFCE00][000001F9EB53E200 49] iPad8, [000001F9ED039300][000001F9EB57E380 49] iPadPro11, [000001F9ECEFE000][000001F9EB582500 49] iPadPro2_11, [000001F9ED03A100][000001F9EB586680 49] iPadPro3_129, [000001F9ECEFE700][000001F9EB58A800 49] iPadPro4_129, [000001F9ED03A900][000001F9EB58E980 49] AppleTV, [000001F9ECEFD500][000001F9ED90CB00 49] AppleTV4K, [000001F9ED039F00][000001F9ED910C80 49] TVOS, [000001F9ECEFCF00][000001F9ED914E00 49] Mac, [000001F9ED039100][000001F9ED918F80 49] MacClient, [000001F9ECEFEB00][000001F9ED95D100 49] MacNoEditor, [000001F9ED039C00][000001F9EB269240 49] MacServer, [000001F9ECEFFA00][000001F9ED961380 49] Linux, [000001F9ED03BA00][000001F9ED9954C0 49] LinuxAArch64, [000001F9ECEFD600][000001F9EAB9F640 49] LinuxNoEditor, [000001F9ED038D00][000001F9EABA37C0 49] LinuxAArch64NoEditor, [000001F9ECEFFC00][000001F9EABA7940 49] LinuxClient, [000001F9ED038400][000001F9EABABAC0 49] LinuxAArch64Client, [000001F9ECEFD700][000001F9EABAE0C0 49] LinuxServer, [000001F9ED038A00][000001F9EABB2240 49] LinuxAArch64Server, [000001F9ECEFD200][000001F9EABB63C0 49] Android, [000001F9ED038C00][000001F9EABBA540 49] Android_Low, [000001F9ECFBE900][000001F9ED91C6C0 49] Android_Mid, [000001F9ECDBE700][000001F9ED990840 49] Android_High, [000001F9ECFBD000][000001F9EDC4A9C0 49] Android_Default, [000001F9ECDBDC00][000001F9EDC4EB40 49] Android_Adreno4xx, [000001F9ECFBC200][000001F9EDC52CC0 49] Android_Adreno5xx_Low, [000001F9ECDBED00][000001F9EDC56E40 49] Android_Adreno5xx, [000001F9ECFBCF00][000001F9EDC5AFC0 49] Android_Adreno6xx, [000001F9ECDBD900][000001F9ED921140 49] Android_Adreno6xx_Vulkan, [000001F9ECFBDE00][000001F9ED9252C0 49] Android_Mali_T6xx, [000001F9ECDBEA00][000001F9EDBB7400 49] Android_Mali_T7xx, [000001F9ECFBEB00][000001F9EB01F540 49] Android_Mali_T8xx, [000001F9ECDBFC00][000001F9E08C9680 49] Android_Mali_G71, [000001F9ECFBEC00][000001F9EAEB17C0 49] Android_Mali_G72, [000001F9ECDBD400][000001F9EA8EF940 49] Android_Mali_G72_Vulkan, [000001F9ECFBE400][000001F9EA8F3AC0 49] Android_Mali_G76, [000001F9ECDBD100][000001F9EA8F60C0 49] Android_Mali_G76_Vulkan, [000001F9ECFBC100][000001F9EA8FA240 49] Android_Mali_G77, [000001F9ECDBCB00][000001F9EA8FE3C0 49] Android_Mali_G77_Vulkan, [000001F9ECFBF600][000001F9EA902540 49] Android_Mali_G78, [000001F9ECDBC900][000001F9EA9066C0 49] Android_Mali_G78_Vulkan, [000001F9ECFBCD00][000001F9EA90A840 49] Android_Mali_G710, [000001F9ECDBE500][000001F9EA90E9C0 49] Android_Mali_G710_Vulkan, [000001F9ECFBE300][000001F9ED928B40 49] Android_Vulkan_SM5, [000001F9ECDBEB00][000001F9ED92CCC0 49] Android_PowerVR_G6xxx, [000001F9ECFBC800][000001F9ED930E40 49] Android_PowerVR_GT7xxx, [000001F9ECDBCD00][000001F9ED934FC0 49] Android_PowerVR_GE8xxx, [000001F9ECFBCB00][000001F9ED939140 49] Android_PowerVR_GM9xxx, [000001F9ECDBD300][000001F9ED93D2C0 49] Android_PowerVR_GM9xxx_Vulkan, [000001F9ECFBC300][000001F9ED941440 49] Android_TegraK1, [000001F9ECDBF700][000001F9EA8EB580 49] Android_Unknown_Vulkan, [000001F9ECFBC600][000001F9ED9456C0 49] Lumin, [000001F9ECDBF200][000001F9ED949800 49] Lumin_Desktop, [000001F9ECFBD900][000001F9ED94D940 49] HoloLens, 
[2022.01.11-02.09.34:270][  0]LogMeshReduction: Using QuadricMeshReduction for automatic static mesh reduction
[2022.01.11-02.09.34:271][  0]LogMeshReduction: Using SimplygonMeshReduction for automatic skeletal mesh reduction
[2022.01.11-02.09.34:272][  0]LogMeshReduction: Using ProxyLODMeshReduction for automatic mesh merging
[2022.01.11-02.09.34:273][  0]LogMeshReduction: No distributed automatic mesh merging module available
[2022.01.11-02.09.34:273][  0]LogMeshMerging: No distributed automatic mesh merging module available
[2022.01.11-02.09.34:321][  0]LogNetVersion: GunMiniGolfCoded 1.0.0, NetCL: 17155196, EngineNetVer: 17, GameNetVer: 0 (Checksum: 2763643290)
[2022.01.11-02.09.34:961][  0]LogTexture: Default maximum texture size for cubemaps generated from long-lat sources has been changed from 512 to unlimited. In order to preserve old behaiour for '/Engine/MapTemplates/Sky/DaylightAmbientCubemap.DaylightAmbientCubemap', its maximum texture size has been explicitly set to 512.
[2022.01.11-02.09.35:060][  0]LogHMD: PokeAHoleMaterial loaded successfully
[2022.01.11-02.09.35:069][  0]LogUObjectArray: 17178 objects as part of root set at end of initial load.
[2022.01.11-02.09.35:069][  0]LogUObjectAllocator: 4302048 out of 0 bytes used by permanent object pool.
[2022.01.11-02.09.35:069][  0]LogUObjectArray: CloseDisregardForGC: 0/0 objects in disregard for GC pool
[2022.01.11-02.09.36:076][  0]LogPython: Using Python 3.7.7
[2022.01.11-02.09.37:039][  0]LogNiagaraDebuggerClient: Niagara Debugger Client Initialized | Session: C7236A5F4F0174E691B86CB9271F3E81 | Instance: F12B8FA94A03E5A235586B80F01CE523 (MITCH-WORKSTATI-1076).
[2022.01.11-02.09.37:388][  0]LogTcpMessaging: Initializing TcpMessaging bridge
[2022.01.11-02.09.37:399][  0]LogUdpMessaging: Initializing bridge on interface 0.0.0.0:0 to multicast group 230.0.0.1:6666.
[2022.01.11-02.09.37:941][  0]SourceControl: Source control is disabled
[2022.01.11-02.09.37:942][  0]SourceControl: Source control is disabled
[2022.01.11-02.09.37:951][  0]SourceControl: Source control is disabled
[2022.01.11-02.09.37:962][  0]SourceControl: Source control is disabled
[2022.01.11-02.09.37:986][  0]SourceControl: Source control is disabled
[2022.01.11-02.09.38:004][  0]LogUProjectInfo: Found projects:
[2022.01.11-02.09.38:442][  0]LogOpenImageDenoise: OIDN starting up
[2022.01.11-02.09.38:547][  0]LogAndroidPermission: UAndroidPermissionCallbackProxy::GetInstance
[2022.01.11-02.09.38:595][  0]LogAudioCaptureCore: Display: No Audio Capture implementations found. Audio input will be silent.
[2022.01.11-02.09.38:595][  0]LogAudioCaptureCore: Display: No Audio Capture implementations found. Audio input will be silent.
[2022.01.11-02.09.38:866][  0]LogCollectionManager: Loaded 0 collections in 0.002179 seconds
[2022.01.11-02.09.38:944][  0]LogFileCache: Scanning file cache for directory 'E:/Personal Projects/HumanMiniGolfC++/GunMiniGolfC/GunMiniGolfCoded/Saved/Collections/' took 0.00s
[2022.01.11-02.09.38:945][  0]LogFileCache: Scanning file cache for directory 'E:/Personal Projects/HumanMiniGolfC++/GunMiniGolfC/GunMiniGolfCoded/Content/Developers/Mitch/Collections/' took 0.01s
[2022.01.11-02.09.38:945][  0]LogFileCache: Scanning file cache for directory 'E:/Personal Projects/HumanMiniGolfC++/GunMiniGolfC/GunMiniGolfCoded/Content/Collections/' took 0.01s
[2022.01.11-02.09.38:945][  0]LogOcInput: OculusInput pre-init called
[2022.01.11-02.09.39:264][  0]LogEngine: Initializing Engine...
[2022.01.11-02.09.39:265][  0]LogHMD: PokeAHoleMaterial loaded successfully
[2022.01.11-02.09.39:265][  0]LogHMD: Initializing OVRPlugin session
[2022.01.11-02.09.39:597][  0]LogHMD: Allocating Oculus 3200 x 1600 rendertarget swapchain
[2022.01.11-02.09.39:597][  0]LogHMD: Oculus plugin initialized. Version: 4.27.2-18319896+++UE4+Release-4.27, OVRPlugin: 1.59.0
[2022.01.11-02.09.39:598][  0]LogStats: UGameplayTagsManager::InitializeManager -  0.000 s
[2022.01.11-02.09.39:743][  0]LogInit: Initializing FReadOnlyCVARCache
[2022.01.11-02.09.39:771][  0]LogAIModule: Creating AISystem for world Untitled
[2022.01.11-02.09.39:785][  0]LogAudio: Display: Initializing Audio Device Manager...
[2022.01.11-02.09.39:795][  0]LogAudio: Display: Loading Default Audio Settings Objects...
[2022.01.11-02.09.39:796][  0]LogAudio: Display: No default SoundConcurrencyObject specified (or failed to load).
[2022.01.11-02.09.39:797][  0]LogAudio: Display: Audio Device Manager Initialized
[2022.01.11-02.09.39:797][  0]LogAudio: Display: Creating Audio Device:                 Id: 1, Scope: Shared, Realtime: True
[2022.01.11-02.09.39:797][  0]LogAudioMixer: Display: Audio Mixer Platform Settings:
[2022.01.11-02.09.39:798][  0]LogAudioMixer: Display: 	Sample Rate:						  48000
[2022.01.11-02.09.39:798][  0]LogAudioMixer: Display: 	Callback Buffer Frame Size Requested: 1024
[2022.01.11-02.09.39:798][  0]LogAudioMixer: Display: 	Callback Buffer Frame Size To Use:	  1024
[2022.01.11-02.09.39:798][  0]LogAudioMixer: Display: 	Number of buffers to queue:			  2
[2022.01.11-02.09.39:798][  0]LogAudioMixer: Display: 	Max Channels (voices):				  32
[2022.01.11-02.09.39:798][  0]LogAudioMixer: Display: 	Number of Async Source Workers:		  0
[2022.01.11-02.09.39:798][  0]LogAudio: Display: AudioDevice MaxSources: 32
[2022.01.11-02.09.39:799][  0]LogAudio: Display: Audio Spatialization Plugin: None (built-in).
[2022.01.11-02.09.39:799][  0]LogAudio: Display: Audio Reverb Plugin: None (built-in).
[2022.01.11-02.09.39:799][  0]LogAudio: Display: Audio Occlusion Plugin: None (built-in).
[2022.01.11-02.09.39:799][  0]LogAudioMixer: Display: Initializing audio mixer.
[2022.01.11-02.09.39:860][  0]LogAudioMixer: Display: 0: FrontLeft
[2022.01.11-02.09.39:860][  0]LogAudioMixer: Display: 1: FrontRight
[2022.01.11-02.09.39:905][  0]LogAudioMixer: Display: Using Audio Device Headphones (SteelSeries Arctis 5 Game)
[2022.01.11-02.09.39:908][  0]LogAudioMixer: Display: Initializing Sound Submixes...
[2022.01.11-02.09.39:912][  0]LogAudioMixer: Display: Creating Master Submix 'MasterSubmixDefault'
[2022.01.11-02.09.39:913][  0]LogAudioMixer: Display: Creating Master Submix 'MasterReverbSubmixDefault'
[2022.01.11-02.09.39:916][  0]LogAudioMixer: Display: Creating Master Submix 'MasterEQSubmixDefault'
[2022.01.11-02.09.39:916][  0]LogAudioMixer: FMixerPlatformXAudio2::StartAudioStream() called
[2022.01.11-02.09.39:916][  0]LogAudioMixer: Display: Output buffers initialized: Frames=1024, Channels=2, Samples=2048
[2022.01.11-02.09.39:922][  0]LogAudioMixer: Display: Starting AudioMixerPlatformInterface::RunInternal()
[2022.01.11-02.09.39:922][  0]LogAudioMixer: Display: FMixerPlatformXAudio2::SubmitBuffer() called for the first time
[2022.01.11-02.09.39:922][  0]LogInit: FAudioDevice initialized.
[2022.01.11-02.09.39:923][  0]LogAudio: Display: Audio Device (ID: 1) registered with world 'Untitled'.
[2022.01.11-02.09.39:923][  0]LogNetVersion: Set ProjectVersion to 1.0.0.0. Version Checksum will be recalculated on next use.
[2022.01.11-02.09.40:007][  0]LogDerivedDataCache: Saved boot cache 0.08s 99MB C:/Users/Mitch/AppData/Local/UnrealEngine/4.27/DerivedDataCache/Boot.ddc.
[2022.01.11-02.09.40:007][  0]LogInit: Texture streaming: Enabled
[2022.01.11-02.09.40:032][  0]LogAnalytics: Display: [UEEditor.Rocket.Release] APIServer = https://datarouter.ol.epicgames.com/. AppVersion = 4.27.2-18319896+++UE4+Release-4.27
[2022.01.11-02.09.40:037][  0]LogEngineSessionManager: EngineSessionManager initialized
[2022.01.11-02.09.40:038][  0]LogEditorSessionSummary: Verbose: Initializing EditorSessionSummaryWriter for editor session tracking
[2022.01.11-02.09.40:040][  0]LogEditorSessionSummary: EditorSessionSummaryWriter initialized
[2022.01.11-02.09.40:069][  0]LogInit: Transaction tracking system initialized
[2022.01.11-02.09.40:110][  0]BlueprintLog: New page: Editor Load
[2022.01.11-02.09.40:241][  0]LocalizationService: Localization service is disabled
[2022.01.11-02.09.40:300][  0]TimingProfiler: Initialize
[2022.01.11-02.09.40:301][  0]TimingProfiler: OnSessionChanged
[2022.01.11-02.09.40:301][  0]LoadingProfiler: Initialize
[2022.01.11-02.09.40:301][  0]LoadingProfiler: OnSessionChanged
[2022.01.11-02.09.40:301][  0]NetworkingProfiler: Initialize
[2022.01.11-02.09.40:301][  0]NetworkingProfiler: OnSessionChanged
[2022.01.11-02.09.40:301][  0]MemoryProfiler: Initialize
[2022.01.11-02.09.40:302][  0]MemoryProfiler: OnSessionChanged
[2022.01.11-02.09.40:525][  0]LogCook: Display: CookSettings for Memory: MemoryMaxUsedVirtual 0MiB, MemoryMaxUsedPhysical 16384MiB, MemoryMinFreeVirtual 0MiB, MemoryMinFreePhysical 1024MiB
[2022.01.11-02.09.40:527][  0]LogCook: Display: Mobile HDR setting 1
[2022.01.11-02.09.40:823][  0]LogFileCache: Scanning file cache for directory 'E:/Personal Projects/HumanMiniGolfC++/GunMiniGolfC/GunMiniGolfCoded/Content/' took 0.02s
[2022.01.11-02.09.40:993][  0]LogInit: Display: Engine is initialized. Leaving FEngineLoop::Init()
[2022.01.11-02.09.40:997][  0]SourceControl: Source control is disabled
[2022.01.11-02.09.40:997][  0]LogUnrealEdMisc: Loading editor; pre map load, took 19.501
[2022.01.11-02.09.40:997][  0]Cmd: MAP LOAD FILE="E:/Personal Projects/HumanMiniGolfC++/GunMiniGolfC/GunMiniGolfCoded/Content/FirstPersonCPP/Maps/FirstPersonExampleMap.umap" TEMPLATE=0 SHOWPROGRESS=1 FEATURELEVEL=3
[2022.01.11-02.09.40:998][  0]LightingResults: New page: Lighting Build
[2022.01.11-02.09.40:999][  0]LogWorld: UWorld::CleanupWorld for Untitled, bSessionEnded=true, bCleanupResources=true
[2022.01.11-02.09.40:999][  0]LogSlate: InvalidateAllWidgets triggered.  All widgets were invalidated
[2022.01.11-02.09.40:999][  0]MapCheck: New page: Map Check
[2022.01.11-02.09.41:000][  0]LightingResults: New page: Lighting Build
[2022.01.11-02.09.41:005][  0]LogAudio: Display: Audio Device unregistered from world 'None'.
[2022.01.11-02.09.41:008][  0]LogUObjectHash: Compacting FUObjectHashTables data took   0.74ms
[2022.01.11-02.09.41:075][  0]LogAudio: Display: Audio Device (ID: 1) registered with world 'FirstPersonExampleMap'.
[2022.01.11-02.09.41:076][  0]LogAIModule: Creating AISystem for world FirstPersonExampleMap
[2022.01.11-02.09.41:085][  0]LogEditorServer: Finished looking for orphan Actors (0.000 secs)
[2022.01.11-02.09.41:096][  0]LogUObjectHash: Compacting FUObjectHashTables data took   0.87ms
[2022.01.11-02.09.41:097][  0]Cmd: MAP CHECKDEP NOCLEARLOG
[2022.01.11-02.09.41:097][  0]MapCheck: Map check complete: 0 Error(s), 0 Warning(s), took 0.112ms to complete.
[2022.01.11-02.09.41:097][  0]LogFileHelpers: Loading map 'FirstPersonExampleMap' took 0.100
[2022.01.11-02.09.41:100][  0]LogUnrealEdMisc: Total Editor Startup Time, took 19.604
[2022.01.11-02.09.41:276][  0]LogSlate: Updating window title bar state: overlay mode, drag disabled, window buttons hidden, title bar hidden
[2022.01.11-02.09.41:286][  0]LogSlate: Updating window title bar state: overlay mode, drag disabled, window buttons hidden, title bar hidden
[2022.01.11-02.09.41:292][  0]LogSlate: Updating window title bar state: overlay mode, drag disabled, window buttons hidden, title bar hidden
[2022.01.11-02.09.41:299][  0]LogSlate: Updating window title bar state: overlay mode, drag disabled, window buttons hidden, title bar hidden
[2022.01.11-02.09.41:313][  0]LogNativeClassHierarchy: Verbose: Native class hierarchy populated in 0.0094 seconds. Added 3827 classes and 930 folders.
[2022.01.11-02.09.41:317][  0]LogNativeClassHierarchy: Verbose: Native class hierarchy updated for 'WidgetCarousel' in 0.0005 seconds. Added 0 classes and 0 folders.
[2022.01.11-02.09.41:319][  0]LogPakFile: PakFile PrimaryIndexSize=187
[2022.01.11-02.09.41:319][  0]LogPakFile: PakFile PathHashIndexSize=101
[2022.01.11-02.09.41:320][  0]LogPakFile: PakFile FullDirectoryIndexSize=148
[2022.01.11-02.09.41:320][  0]LogShaderLibrary: Display: ShaderCodeLibraryPakFileMountedCallback: PakFile 'C:/UE_4.27/FeaturePacks/FP_FirstPerson.upack' (chunk index -1, root 'root:/') mounted
[2022.01.11-02.09.41:320][  0]LogShaderLibrary: Display: ShaderCodeLibraryPakFileMountedCallback: pending pak file info (ChunkID:-1 Root:root:/ File:C:/UE_4.27/FeaturePacks/FP_FirstPerson.upack)
[2022.01.11-02.09.41:320][  0]LogPakFile: OnPakFileMounted2Time == 0.000301
[2022.01.11-02.09.41:321][  0]LogPakFile: PakFile PrimaryIndexSize=189
[2022.01.11-02.09.41:321][  0]LogPakFile: PakFile PathHashIndexSize=101
[2022.01.11-02.09.41:321][  0]LogPakFile: PakFile FullDirectoryIndexSize=152
[2022.01.11-02.09.41:321][  0]LogShaderLibrary: Display: ShaderCodeLibraryPakFileMountedCallback: PakFile 'C:/UE_4.27/FeaturePacks/FP_FirstPersonBP.upack' (chunk index -1, root 'root:/') mounted
[2022.01.11-02.09.41:321][  0]LogShaderLibrary: Display: ShaderCodeLibraryPakFileMountedCallback: pending pak file info (ChunkID:-1 Root:root:/ File:C:/UE_4.27/FeaturePacks/FP_FirstPersonBP.upack)
[2022.01.11-02.09.41:321][  0]LogPakFile: OnPakFileMounted2Time == 0.000212
[2022.01.11-02.09.41:322][  0]LogPakFile: PakFile PrimaryIndexSize=191
[2022.01.11-02.09.41:322][  0]LogPakFile: PakFile PathHashIndexSize=101
[2022.01.11-02.09.41:323][  0]LogPakFile: PakFile FullDirectoryIndexSize=160
[2022.01.11-02.09.41:323][  0]LogShaderLibrary: Display: ShaderCodeLibraryPakFileMountedCallback: PakFile 'C:/UE_4.27/FeaturePacks/MobileStarterContent.upack' (chunk index -1, root 'root:/') mounted
[2022.01.11-02.09.41:323][  0]LogShaderLibrary: Display: ShaderCodeLibraryPakFileMountedCallback: pending pak file info (ChunkID:-1 Root:root:/ File:C:/UE_4.27/FeaturePacks/MobileStarterContent.upack)
[2022.01.11-02.09.41:323][  0]LogPakFile: OnPakFileMounted2Time == 0.000202
[2022.01.11-02.09.41:324][  0]LogPakFile: PakFile PrimaryIndexSize=185
[2022.01.11-02.09.41:324][  0]LogPakFile: PakFile PathHashIndexSize=101
[2022.01.11-02.09.41:324][  0]LogPakFile: PakFile FullDirectoryIndexSize=148
[2022.01.11-02.09.41:324][  0]LogShaderLibrary: Display: ShaderCodeLibraryPakFileMountedCallback: PakFile 'C:/UE_4.27/FeaturePacks/StarterContent.upack' (chunk index -1, root 'root:/') mounted
[2022.01.11-02.09.41:324][  0]LogShaderLibrary: Display: ShaderCodeLibraryPakFileMountedCallback: pending pak file info (ChunkID:-1 Root:root:/ File:C:/UE_4.27/FeaturePacks/StarterContent.upack)
[2022.01.11-02.09.41:324][  0]LogPakFile: OnPakFileMounted2Time == 0.000224
[2022.01.11-02.09.41:325][  0]LogPakFile: PakFile PrimaryIndexSize=190
[2022.01.11-02.09.41:325][  0]LogPakFile: PakFile PathHashIndexSize=101
[2022.01.11-02.09.41:325][  0]LogPakFile: PakFile FullDirectoryIndexSize=154
[2022.01.11-02.09.41:325][  0]LogShaderLibrary: Display: ShaderCodeLibraryPakFileMountedCallback: PakFile 'C:/UE_4.27/FeaturePacks/TP_2DSideScroller.upack' (chunk index -1, root 'root:/') mounted
[2022.01.11-02.09.41:325][  0]LogShaderLibrary: Display: ShaderCodeLibraryPakFileMountedCallback: pending pak file info (ChunkID:-1 Root:root:/ File:C:/UE_4.27/FeaturePacks/TP_2DSideScroller.upack)
[2022.01.11-02.09.41:326][  0]LogPakFile: OnPakFileMounted2Time == 0.000239
[2022.01.11-02.09.41:327][  0]LogPakFile: PakFile PrimaryIndexSize=192
[2022.01.11-02.09.41:327][  0]LogPakFile: PakFile PathHashIndexSize=101
[2022.01.11-02.09.41:327][  0]LogPakFile: PakFile FullDirectoryIndexSize=158
[2022.01.11-02.09.41:327][  0]LogShaderLibrary: Display: ShaderCodeLibraryPakFileMountedCallback: PakFile 'C:/UE_4.27/FeaturePacks/TP_2DSideScrollerBP.upack' (chunk index -1, root 'root:/') mounted
[2022.01.11-02.09.41:327][  0]LogShaderLibrary: Display: ShaderCodeLibraryPakFileMountedCallback: pending pak file info (ChunkID:-1 Root:root:/ File:C:/UE_4.27/FeaturePacks/TP_2DSideScrollerBP.upack)
[2022.01.11-02.09.41:328][  0]LogPakFile: OnPakFileMounted2Time == 0.000437
[2022.01.11-02.09.41:329][  0]LogPakFile: PakFile PrimaryIndexSize=182
[2022.01.11-02.09.41:329][  0]LogPakFile: PakFile PathHashIndexSize=101
[2022.01.11-02.09.41:329][  0]LogPakFile: PakFile FullDirectoryIndexSize=138
[2022.01.11-02.09.41:329][  0]LogShaderLibrary: Display: ShaderCodeLibraryPakFileMountedCallback: PakFile 'C:/UE_4.27/FeaturePacks/TP_Flying.upack' (chunk index -1, root 'root:/') mounted
[2022.01.11-02.09.41:329][  0]LogShaderLibrary: Display: ShaderCodeLibraryPakFileMountedCallback: pending pak file info (ChunkID:-1 Root:root:/ File:C:/UE_4.27/FeaturePacks/TP_Flying.upack)
[2022.01.11-02.09.41:330][  0]LogPakFile: OnPakFileMounted2Time == 0.000252
[2022.01.11-02.09.41:330][  0]LogPakFile: PakFile PrimaryIndexSize=184
[2022.01.11-02.09.41:331][  0]LogPakFile: PakFile PathHashIndexSize=101
[2022.01.11-02.09.41:331][  0]LogPakFile: PakFile FullDirectoryIndexSize=142
[2022.01.11-02.09.41:331][  0]LogShaderLibrary: Display: ShaderCodeLibraryPakFileMountedCallback: PakFile 'C:/UE_4.27/FeaturePacks/TP_FlyingBP.upack' (chunk index -1, root 'root:/') mounted
[2022.01.11-02.09.41:331][  0]LogShaderLibrary: Display: ShaderCodeLibraryPakFileMountedCallback: pending pak file info (ChunkID:-1 Root:root:/ File:C:/UE_4.27/FeaturePacks/TP_FlyingBP.upack)
[2022.01.11-02.09.41:331][  0]LogPakFile: OnPakFileMounted2Time == 0.000358
[2022.01.11-02.09.41:332][  0]LogPakFile: PakFile PrimaryIndexSize=188
[2022.01.11-02.09.41:332][  0]LogPakFile: PakFile PathHashIndexSize=101
[2022.01.11-02.09.41:332][  0]LogPakFile: PakFile FullDirectoryIndexSize=150
[2022.01.11-02.09.41:333][  0]LogShaderLibrary: Display: ShaderCodeLibraryPakFileMountedCallback: PakFile 'C:/UE_4.27/FeaturePacks/TP_HandheldARBP.upack' (chunk index -1, root 'root:/') mounted
[2022.01.11-02.09.41:333][  0]LogShaderLibrary: Display: ShaderCodeLibraryPakFileMountedCallback: pending pak file info (ChunkID:-1 Root:root:/ File:C:/UE_4.27/FeaturePacks/TP_HandheldARBP.upack)
[2022.01.11-02.09.41:333][  0]LogPakFile: OnPakFileMounted2Time == 0.000220
[2022.01.11-02.09.41:334][  0]LogPakFile: PakFile PrimaryIndexSize=182
[2022.01.11-02.09.41:334][  0]LogPakFile: PakFile PathHashIndexSize=101
[2022.01.11-02.09.41:334][  0]LogPakFile: PakFile FullDirectoryIndexSize=138
[2022.01.11-02.09.41:334][  0]LogShaderLibrary: Display: ShaderCodeLibraryPakFileMountedCallback: PakFile 'C:/UE_4.27/FeaturePacks/TP_Puzzle.upack' (chunk index -1, root 'root:/') mounted
[2022.01.11-02.09.41:335][  0]LogShaderLibrary: Display: ShaderCodeLibraryPakFileMountedCallback: pending pak file info (ChunkID:-1 Root:root:/ File:C:/UE_4.27/FeaturePacks/TP_Puzzle.upack)
[2022.01.11-02.09.41:335][  0]LogPakFile: OnPakFileMounted2Time == 0.000228
[2022.01.11-02.09.41:336][  0]LogPakFile: PakFile PrimaryIndexSize=184
[2022.01.11-02.09.41:336][  0]LogPakFile: PakFile PathHashIndexSize=101
[2022.01.11-02.09.41:336][  0]LogPakFile: PakFile FullDirectoryIndexSize=142
[2022.01.11-02.09.41:336][  0]LogShaderLibrary: Display: ShaderCodeLibraryPakFileMountedCallback: PakFile 'C:/UE_4.27/FeaturePacks/TP_PuzzleBP.upack' (chunk index -1, root 'root:/') mounted
[2022.01.11-02.09.41:336][  0]LogShaderLibrary: Display: ShaderCodeLibraryPakFileMountedCallback: pending pak file info (ChunkID:-1 Root:root:/ File:C:/UE_4.27/FeaturePacks/TP_PuzzleBP.upack)
[2022.01.11-02.09.41:336][  0]LogPakFile: OnPakFileMounted2Time == 0.000213
[2022.01.11-02.09.41:337][  0]LogPakFile: PakFile PrimaryIndexSize=183
[2022.01.11-02.09.41:337][  0]LogPakFile: PakFile PathHashIndexSize=101
[2022.01.11-02.09.41:337][  0]LogPakFile: PakFile FullDirectoryIndexSize=140
[2022.01.11-02.09.41:338][  0]LogShaderLibrary: Display: ShaderCodeLibraryPakFileMountedCallback: PakFile 'C:/UE_4.27/FeaturePacks/TP_Rolling.upack' (chunk index -1, root 'root:/') mounted
[2022.01.11-02.09.41:338][  0]LogShaderLibrary: Display: ShaderCodeLibraryPakFileMountedCallback: pending pak file info (ChunkID:-1 Root:root:/ File:C:/UE_4.27/FeaturePacks/TP_Rolling.upack)
[2022.01.11-02.09.41:338][  0]LogPakFile: OnPakFileMounted2Time == 0.000260
[2022.01.11-02.09.41:339][  0]LogPakFile: PakFile PrimaryIndexSize=185
[2022.01.11-02.09.41:339][  0]LogPakFile: PakFile PathHashIndexSize=101
[2022.01.11-02.09.41:339][  0]LogPakFile: PakFile FullDirectoryIndexSize=144
[2022.01.11-02.09.41:339][  0]LogShaderLibrary: Display: ShaderCodeLibraryPakFileMountedCallback: PakFile 'C:/UE_4.27/FeaturePacks/TP_RollingBP.upack' (chunk index -1, root 'root:/') mounted
[2022.01.11-02.09.41:339][  0]LogShaderLibrary: Display: ShaderCodeLibraryPakFileMountedCallback: pending pak file info (ChunkID:-1 Root:root:/ File:C:/UE_4.27/FeaturePacks/TP_RollingBP.upack)
[2022.01.11-02.09.41:339][  0]LogPakFile: OnPakFileMounted2Time == 0.000220
[2022.01.11-02.09.41:340][  0]LogPakFile: PakFile PrimaryIndexSize=188
[2022.01.11-02.09.41:340][  0]LogPakFile: PakFile PathHashIndexSize=101
[2022.01.11-02.09.41:340][  0]LogPakFile: PakFile FullDirectoryIndexSize=150
[2022.01.11-02.09.41:341][  0]LogShaderLibrary: Display: ShaderCodeLibraryPakFileMountedCallback: PakFile 'C:/UE_4.27/FeaturePacks/TP_SideScroller.upack' (chunk index -1, root 'root:/') mounted
[2022.01.11-02.09.41:341][  0]LogShaderLibrary: Display: ShaderCodeLibraryPakFileMountedCallback: pending pak file info (ChunkID:-1 Root:root:/ File:C:/UE_4.27/FeaturePacks/TP_SideScroller.upack)
[2022.01.11-02.09.41:341][  0]LogPakFile: OnPakFileMounted2Time == 0.000220
[2022.01.11-02.09.41:342][  0]LogPakFile: PakFile PrimaryIndexSize=190
[2022.01.11-02.09.41:342][  0]LogPakFile: PakFile PathHashIndexSize=101
[2022.01.11-02.09.41:342][  0]LogPakFile: PakFile FullDirectoryIndexSize=154
[2022.01.11-02.09.41:342][  0]LogShaderLibrary: Display: ShaderCodeLibraryPakFileMountedCallback: PakFile 'C:/UE_4.27/FeaturePacks/TP_SideScrollerBP.upack' (chunk index -1, root 'root:/') mounted
[2022.01.11-02.09.41:342][  0]LogShaderLibrary: Display: ShaderCodeLibraryPakFileMountedCallback: pending pak file info (ChunkID:-1 Root:root:/ File:C:/UE_4.27/FeaturePacks/TP_SideScrollerBP.upack)
[2022.01.11-02.09.41:342][  0]LogPakFile: OnPakFileMounted2Time == 0.000274
[2022.01.11-02.09.41:344][  0]LogPakFile: PakFile PrimaryIndexSize=187
[2022.01.11-02.09.41:344][  0]LogPakFile: PakFile PathHashIndexSize=101
[2022.01.11-02.09.41:344][  0]LogPakFile: PakFile FullDirectoryIndexSize=148
[2022.01.11-02.09.41:345][  0]LogShaderLibrary: Display: ShaderCodeLibraryPakFileMountedCallback: PakFile 'C:/UE_4.27/FeaturePacks/TP_ThirdPerson.upack' (chunk index -1, root 'root:/') mounted
[2022.01.11-02.09.41:345][  0]LogShaderLibrary: Display: ShaderCodeLibraryPakFileMountedCallback: pending pak file info (ChunkID:-1 Root:root:/ File:C:/UE_4.27/FeaturePacks/TP_ThirdPerson.upack)
[2022.01.11-02.09.41:345][  0]LogPakFile: OnPakFileMounted2Time == 0.000328
[2022.01.11-02.09.41:347][  0]LogPakFile: PakFile PrimaryIndexSize=189
[2022.01.11-02.09.41:347][  0]LogPakFile: PakFile PathHashIndexSize=101
[2022.01.11-02.09.41:347][  0]LogPakFile: PakFile FullDirectoryIndexSize=152
[2022.01.11-02.09.41:348][  0]LogShaderLibrary: Display: ShaderCodeLibraryPakFileMountedCallback: PakFile 'C:/UE_4.27/FeaturePacks/TP_ThirdPersonBP.upack' (chunk index -1, root 'root:/') mounted
[2022.01.11-02.09.41:349][  0]LogShaderLibrary: Display: ShaderCodeLibraryPakFileMountedCallback: pending pak file info (ChunkID:-1 Root:root:/ File:C:/UE_4.27/FeaturePacks/TP_ThirdPersonBP.upack)
[2022.01.11-02.09.41:349][  0]LogPakFile: OnPakFileMounted2Time == 0.001343
[2022.01.11-02.09.41:354][  0]LogPakFile: PakFile PrimaryIndexSize=183
[2022.01.11-02.09.41:354][  0]LogPakFile: PakFile PathHashIndexSize=101
[2022.01.11-02.09.41:354][  0]LogPakFile: PakFile FullDirectoryIndexSize=140
[2022.01.11-02.09.41:354][  0]LogShaderLibrary: Display: ShaderCodeLibraryPakFileMountedCallback: PakFile 'C:/UE_4.27/FeaturePacks/TP_TopDown.upack' (chunk index -1, root 'root:/') mounted
[2022.01.11-02.09.41:354][  0]LogShaderLibrary: Display: ShaderCodeLibraryPakFileMountedCallback: pending pak file info (ChunkID:-1 Root:root:/ File:C:/UE_4.27/FeaturePacks/TP_TopDown.upack)
[2022.01.11-02.09.41:354][  0]LogPakFile: OnPakFileMounted2Time == 0.000369
[2022.01.11-02.09.41:356][  0]LogPakFile: PakFile PrimaryIndexSize=185
[2022.01.11-02.09.41:356][  0]LogPakFile: PakFile PathHashIndexSize=101
[2022.01.11-02.09.41:356][  0]LogPakFile: PakFile FullDirectoryIndexSize=144
[2022.01.11-02.09.41:357][  0]LogShaderLibrary: Display: ShaderCodeLibraryPakFileMountedCallback: PakFile 'C:/UE_4.27/FeaturePacks/TP_TopDownBP.upack' (chunk index -1, root 'root:/') mounted
[2022.01.11-02.09.41:357][  0]LogShaderLibrary: Display: ShaderCodeLibraryPakFileMountedCallback: pending pak file info (ChunkID:-1 Root:root:/ File:C:/UE_4.27/FeaturePacks/TP_TopDownBP.upack)
[2022.01.11-02.09.41:357][  0]LogPakFile: OnPakFileMounted2Time == 0.000283
[2022.01.11-02.09.41:358][  0]LogPakFile: PakFile PrimaryIndexSize=185
[2022.01.11-02.09.41:358][  0]LogPakFile: PakFile PathHashIndexSize=101
[2022.01.11-02.09.41:358][  0]LogPakFile: PakFile FullDirectoryIndexSize=144
[2022.01.11-02.09.41:358][  0]LogShaderLibrary: Display: ShaderCodeLibraryPakFileMountedCallback: PakFile 'C:/UE_4.27/FeaturePacks/TP_TwinStick.upack' (chunk index -1, root 'root:/') mounted
[2022.01.11-02.09.41:358][  0]LogShaderLibrary: Display: ShaderCodeLibraryPakFileMountedCallback: pending pak file info (ChunkID:-1 Root:root:/ File:C:/UE_4.27/FeaturePacks/TP_TwinStick.upack)
[2022.01.11-02.09.41:359][  0]LogPakFile: OnPakFileMounted2Time == 0.000268
[2022.01.11-02.09.41:360][  0]LogPakFile: PakFile PrimaryIndexSize=187
[2022.01.11-02.09.41:360][  0]LogPakFile: PakFile PathHashIndexSize=101
[2022.01.11-02.09.41:360][  0]LogPakFile: PakFile FullDirectoryIndexSize=148
[2022.01.11-02.09.41:360][  0]LogShaderLibrary: Display: ShaderCodeLibraryPakFileMountedCallback: PakFile 'C:/UE_4.27/FeaturePacks/TP_TwinStickBP.upack' (chunk index -1, root 'root:/') mounted
[2022.01.11-02.09.41:361][  0]LogShaderLibrary: Display: ShaderCodeLibraryPakFileMountedCallback: pending pak file info (ChunkID:-1 Root:root:/ File:C:/UE_4.27/FeaturePacks/TP_TwinStickBP.upack)
[2022.01.11-02.09.41:361][  0]LogPakFile: OnPakFileMounted2Time == 0.000445
[2022.01.11-02.09.41:362][  0]LogPakFile: PakFile PrimaryIndexSize=183
[2022.01.11-02.09.41:362][  0]LogPakFile: PakFile PathHashIndexSize=101
[2022.01.11-02.09.41:363][  0]LogPakFile: PakFile FullDirectoryIndexSize=140
[2022.01.11-02.09.41:363][  0]LogShaderLibrary: Display: ShaderCodeLibraryPakFileMountedCallback: PakFile 'C:/UE_4.27/FeaturePacks/TP_Vehicle.upack' (chunk index -1, root 'root:/') mounted
[2022.01.11-02.09.41:363][  0]LogShaderLibrary: Display: ShaderCodeLibraryPakFileMountedCallback: pending pak file info (ChunkID:-1 Root:root:/ File:C:/UE_4.27/FeaturePacks/TP_Vehicle.upack)
[2022.01.11-02.09.41:363][  0]LogPakFile: OnPakFileMounted2Time == 0.000259
[2022.01.11-02.09.41:364][  0]LogPakFile: PakFile PrimaryIndexSize=186
[2022.01.11-02.09.41:364][  0]LogPakFile: PakFile PathHashIndexSize=101
[2022.01.11-02.09.41:364][  0]LogPakFile: PakFile FullDirectoryIndexSize=146
[2022.01.11-02.09.41:364][  0]LogShaderLibrary: Display: ShaderCodeLibraryPakFileMountedCallback: PakFile 'C:/UE_4.27/FeaturePacks/TP_VehicleAdv.upack' (chunk index -1, root 'root:/') mounted
[2022.01.11-02.09.41:365][  0]LogShaderLibrary: Display: ShaderCodeLibraryPakFileMountedCallback: pending pak file info (ChunkID:-1 Root:root:/ File:C:/UE_4.27/FeaturePacks/TP_VehicleAdv.upack)
[2022.01.11-02.09.41:365][  0]LogPakFile: OnPakFileMounted2Time == 0.000238
[2022.01.11-02.09.41:366][  0]LogPakFile: PakFile PrimaryIndexSize=188
[2022.01.11-02.09.41:366][  0]LogPakFile: PakFile PathHashIndexSize=101
[2022.01.11-02.09.41:366][  0]LogPakFile: PakFile FullDirectoryIndexSize=150
[2022.01.11-02.09.41:366][  0]LogShaderLibrary: Display: ShaderCodeLibraryPakFileMountedCallback: PakFile 'C:/UE_4.27/FeaturePacks/TP_VehicleAdvBP.upack' (chunk index -1, root 'root:/') mounted
[2022.01.11-02.09.41:366][  0]LogShaderLibrary: Display: ShaderCodeLibraryPakFileMountedCallback: pending pak file info (ChunkID:-1 Root:root:/ File:C:/UE_4.27/FeaturePacks/TP_VehicleAdvBP.upack)
[2022.01.11-02.09.41:366][  0]LogPakFile: OnPakFileMounted2Time == 0.000215
[2022.01.11-02.09.41:367][  0]LogPakFile: PakFile PrimaryIndexSize=185
[2022.01.11-02.09.41:368][  0]LogPakFile: PakFile PathHashIndexSize=101
[2022.01.11-02.09.41:368][  0]LogPakFile: PakFile FullDirectoryIndexSize=144
[2022.01.11-02.09.41:368][  0]LogShaderLibrary: Display: ShaderCodeLibraryPakFileMountedCallback: PakFile 'C:/UE_4.27/FeaturePacks/TP_VehicleBP.upack' (chunk index -1, root 'root:/') mounted
[2022.01.11-02.09.41:368][  0]LogShaderLibrary: Display: ShaderCodeLibraryPakFileMountedCallback: pending pak file info (ChunkID:-1 Root:root:/ File:C:/UE_4.27/FeaturePacks/TP_VehicleBP.upack)
[2022.01.11-02.09.41:368][  0]LogPakFile: OnPakFileMounted2Time == 0.000227
[2022.01.11-02.09.41:369][  0]LogPakFile: PakFile PrimaryIndexSize=192
[2022.01.11-02.09.41:369][  0]LogPakFile: PakFile PathHashIndexSize=101
[2022.01.11-02.09.41:369][  0]LogPakFile: PakFile FullDirectoryIndexSize=158
[2022.01.11-02.09.41:370][  0]LogShaderLibrary: Display: ShaderCodeLibraryPakFileMountedCallback: PakFile 'C:/UE_4.27/FeaturePacks/TP_VirtualRealityBP.upack' (chunk index -1, root 'root:/') mounted
[2022.01.11-02.09.41:370][  0]LogShaderLibrary: Display: ShaderCodeLibraryPakFileMountedCallback: pending pak file info (ChunkID:-1 Root:root:/ File:C:/UE_4.27/FeaturePacks/TP_VirtualRealityBP.upack)
[2022.01.11-02.09.41:370][  0]LogPakFile: OnPakFileMounted2Time == 0.000216
[2022.01.11-02.09.41:424][  0]LogNativeClassHierarchy: Verbose: Native class hierarchy updated for 'AddContentDialog' in 0.0002 seconds. Added 0 classes and 0 folders.
[2022.01.11-02.09.41:425][  0]LogNativeClassHierarchy: Verbose: Native class hierarchy updated for 'SceneOutliner' in 0.0002 seconds. Added 2 classes and 0 folders.
[2022.01.11-02.09.41:469][  0]LogNativeClassHierarchy: Verbose: Native class hierarchy updated for 'HierarchicalLODOutliner' in 0.0003 seconds. Added 0 classes and 0 folders.
[2022.01.11-02.09.41:470][  0]LogLoad: (Engine Initialization) Total time: 19.97 seconds
[2022.01.11-02.09.41:470][  0]LogLoad: (Engine Initialization) Total Blueprint compile time: 0.00 seconds
[2022.01.11-02.09.41:492][  0]LogOcInput: OculusInput is initialized
[2022.01.11-02.09.41:525][  0]LogAssetRegistry: Asset discovery search completed in 7.9112 seconds
[2022.01.11-02.09.41:530][  0]LogCollectionManager: Fixed up redirectors for 0 collections in 0.000004 seconds (updated 0 objects)
[2022.01.11-02.09.41:531][  0]LogContentStreaming: Texture pool size now 1000 MB
[2022.01.11-02.09.41:540][  0]LogSlate: Took 0.000338 seconds to synchronously load lazily loaded font '../../../Engine/Content/Slate/Fonts/Roboto-Regular.ttf' (155K)
[2022.01.11-02.09.41:541][  0]LogSlate: Took 0.000354 seconds to synchronously load lazily loaded font '../../../Engine/Content/Editor/Slate/Fonts/FontAwesome.ttf' (139K)
[2022.01.11-02.09.41:543][  0]LogSlate: Took 0.000325 seconds to synchronously load lazily loaded font '../../../Engine/Content/Slate/Fonts/Roboto-Bold.ttf' (160K)
[2022.01.11-02.09.41:679][  0]LogRenderer: Reallocating scene render targets to support 804x360 Format 10 NumSamples 1 (Frame:1).
[2022.01.11-02.09.42:837][  4]LogSlate: Took 0.000605 seconds to synchronously load lazily loaded font '../../../Engine/Content/Slate/Fonts/Roboto-Light.ttf' (167K)
[2022.01.11-02.09.49:902][ 84]LogRenderer: Reallocating scene render targets to support 1204x572 Format 10 NumSamples 1 (Frame:66).
