Log file open, 01/11/22 20:39:00
LogWindows: Failed to load 'aqProf.dll' (GetLastError=126)
LogWindows: File 'aqProf.dll' does not exist
LogWindows: Failed to load 'VtuneApi.dll' (GetLastError=126)
LogWindows: File 'VtuneApi.dll' does not exist
LogWindows: Failed to load 'VtuneApi32e.dll' (GetLastError=126)
LogWindows: File 'VtuneApi32e.dll' does not exist
LogConsoleResponse: Display: Failed to find resolution value strings in scalability ini. Falling back to default.
LogConsoleResponse: Display: Failed to find resolution value strings in scalability ini. Falling back to default.
LogInit: Display: Running engine for game: GunMiniGolfCoded
LogPlatformFile: Not using cached read wrapper
LogTaskGraph: Started task graph with 5 named threads and 26 total threads with 3 sets of task threads.
LogStats: Stats thread started at 0.257849
LogICUInternationalization: ICU TimeZone Detection - Raw Offset: -7:00, Platform Override: ''
LogInit: Display: Loading text-based GConfig....
LogPluginManager: Mounting plugin MeshPainting
LogPluginManager: Mounting plugin XGEController
LogPluginManager: Mounting plugin Paper2D
LogPluginManager: Mounting plugin AISupport
LogPluginManager: Mounting plugin EnvironmentQueryEditor
LogPluginManager: Mounting plugin LightPropagationVolume
LogPluginManager: Mounting plugin LiveLink
LogPluginManager: Mounting plugin OodleData
LogPluginManager: Mounting plugin AnimationSharing
LogPluginManager: Mounting plugin CodeLiteSourceCodeAccess
LogPluginManager: Mounting plugin GitSourceControl
LogPluginManager: Mounting plugin CLionSourceCodeAccess
LogPluginManager: Mounting plugin KDevelopSourceCodeAccess
LogPluginManager: Mounting plugin NullSourceCodeAccess
LogPluginManager: Mounting plugin PixWinPlugin
LogPluginManager: Mounting plugin PerforceSourceControl
LogPluginManager: Mounting plugin PluginUtils
LogPluginManager: Mounting plugin PlasticSourceControl
LogPluginManager: Mounting plugin PropertyAccessNode
LogPluginManager: Mounting plugin RiderSourceCodeAccess
LogPluginManager: Mounting plugin OodleNetwork
LogPluginManager: Mounting plugin SubversionSourceControl
LogPluginManager: Mounting plugin TextureFormatOodle
LogPluginManager: Mounting plugin UObjectPlugin
LogPluginManager: Mounting plugin VisualStudioCodeSourceCodeAccess
LogPluginManager: Mounting plugin XCodeSourceCodeAccess
LogPluginManager: Mounting plugin VisualStudioSourceCodeAccess
LogPluginManager: Mounting plugin AssetManagerEditor
LogPluginManager: Mounting plugin CryptoKeys
LogPluginManager: Mounting plugin CurveEditorTools
LogPluginManager: Mounting plugin DataValidation
LogPluginManager: Mounting plugin GameplayTagsEditor
LogPluginManager: Mounting plugin FacialAnimation
LogPluginManager: Mounting plugin MacGraphicsSwitching
LogPluginManager: Mounting plugin GeometryMode
LogPluginManager: Mounting plugin MaterialAnalyzer
LogPluginManager: Mounting plugin MobileLauncherProfileWizard
LogPluginManager: Mounting plugin PluginBrowser
LogPluginManager: Mounting plugin SpeedTreeImporter
LogPluginManager: Mounting plugin DatasmithContent
LogPluginManager: Mounting plugin VariantManagerContent
LogPluginManager: Mounting plugin AlembicImporter
LogPluginManager: Mounting plugin AutomationUtils
LogPluginManager: Mounting plugin BackChannel
LogPluginManager: Mounting plugin ChaosCloth
LogPluginManager: Mounting plugin ChaosClothEditor
LogPluginManager: Mounting plugin ChaosEditor
LogPluginManager: Mounting plugin ChaosSolverPlugin
LogPluginManager: Mounting plugin ChaosNiagara
LogPluginManager: Mounting plugin CharacterAI
LogPluginManager: Mounting plugin CameraShakePreviewer
LogPluginManager: Mounting plugin GeometryCache
LogPluginManager: Mounting plugin GeometryCollectionPlugin
LogPluginManager: Mounting plugin GameplayCameras
LogPluginManager: Mounting plugin GeometryProcessing
LogPluginManager: Mounting plugin MotoSynth
LogPluginManager: Mounting plugin OpenImageDenoise
LogPluginManager: Mounting plugin PlanarCut
LogPluginManager: Mounting plugin PlatformCrypto
LogPluginManager: Mounting plugin ProxyLODPlugin
LogPluginManager: Mounting plugin PythonScriptPlugin
LogPluginManager: Mounting plugin Niagara
LogPluginManager: Mounting plugin SkeletalReduction
LogPluginManager: Mounting plugin LuminPlatformFeatures
LogPluginManager: Mounting plugin MagicLeapLightEstimation
LogPluginManager: Mounting plugin MagicLeapMedia
LogPluginManager: Mounting plugin MagicLeapPassableWorld
LogPluginManager: Mounting plugin MLSDK
LogPluginManager: Mounting plugin AndroidMedia
LogPluginManager: Mounting plugin AvfMedia
LogPluginManager: Mounting plugin MagicLeap
LogPluginManager: Mounting plugin MediaCompositing
LogPluginManager: Mounting plugin WebMMedia
LogPluginManager: Mounting plugin WmfMedia
LogPluginManager: Mounting plugin TcpMessaging
LogPluginManager: Mounting plugin UdpMessaging
LogPluginManager: Mounting plugin ActorSequence
LogPluginManager: Mounting plugin LevelSequenceEditor
LogPluginManager: Mounting plugin MatineeToLevelSequence
LogPluginManager: Mounting plugin TemplateSequence
LogPluginManager: Mounting plugin MediaPlayerEditor
LogPluginManager: Mounting plugin ImgMedia
LogPluginManager: Mounting plugin OnlineSubsystem
LogPluginManager: Mounting plugin OnlineSubsystemNull
LogPluginManager: Mounting plugin OnlineSubsystemUtils
LogPluginManager: Mounting plugin LauncherChunkInstaller
LogPluginManager: Mounting plugin ActorLayerUtilities
LogPluginManager: Mounting plugin AndroidDeviceProfileSelector
LogPluginManager: Mounting plugin AndroidPermission
LogPluginManager: Mounting plugin AppleImageUtils
LogPluginManager: Mounting plugin AppleMoviePlayer
LogPluginManager: Mounting plugin ArchVisCharacter
LogPluginManager: Mounting plugin AssetTags
LogPluginManager: Mounting plugin AudioCapture
LogPluginManager: Mounting plugin AudioSynesthesia
LogPluginManager: Mounting plugin ChunkDownloader
LogPluginManager: Mounting plugin CustomMeshComponent
LogPluginManager: Mounting plugin ExampleDeviceProfileSelector
LogPluginManager: Mounting plugin EditableMesh
LogPluginManager: Mounting plugin CableComponent
LogPluginManager: Mounting plugin ScreenshotTools
LogPluginManager: Mounting plugin GoogleCloudMessaging
LogPluginManager: Mounting plugin GooglePAD
LogPluginManager: Mounting plugin IOSDeviceProfileSelector
LogPluginManager: Mounting plugin LinuxDeviceProfileSelector
LogPluginManager: Mounting plugin LocationServicesBPLibrary
LogPluginManager: Mounting plugin MobilePatchingUtils
LogPluginManager: Mounting plugin OpenXRHandTracking
LogPluginManager: Mounting plugin OpenXR
LogPluginManager: Mounting plugin OpenXREyeTracker
LogPluginManager: Mounting plugin PhysXVehicles
LogPluginManager: Mounting plugin PostSplashScreen
LogPluginManager: Mounting plugin ProceduralMeshComponent
LogPluginManager: Mounting plugin PropertyAccessEditor
LogPluginManager: Mounting plugin RuntimePhysXCooking
LogPluginManager: Mounting plugin SignificanceManager
LogPluginManager: Mounting plugin SoundFields
LogPluginManager: Mounting plugin Synthesis
LogPluginManager: Mounting plugin WebMMoviePlayer
LogPluginManager: Mounting plugin WindowsMoviePlayer
LogPluginManager: Mounting plugin AndroidMoviePlayer
LogPluginManager: Mounting plugin Takes
LogPluginManager: Mounting plugin ContentBrowserAssetDataSource
LogPluginManager: Mounting plugin ContentBrowserClassDataSource
LogPluginManager: Mounting plugin ContentBrowserFileDataSource
LogPluginManager: Mounting plugin OnlineSubsystemGooglePlay
LogPluginManager: Mounting plugin OnlineSubsystemIOS
LogPluginManager: Mounting plugin OculusVR
LogPluginManager: Mounting plugin SteamVR
PixWinPlugin: PIX capture plugin failed to initialize! Check that the process is launched from PIX.
LogInit: Using libcurl 7.55.1-DEV
LogInit:  - built for x86_64-pc-win32
LogInit:  - supports SSL with OpenSSL/1.1.1
LogInit:  - supports HTTP deflate (compression) using libz 1.2.8
LogInit:  - other features:
LogInit:      CURL_VERSION_SSL
LogInit:      CURL_VERSION_LIBZ
LogInit:      CURL_VERSION_IPV6
LogInit:      CURL_VERSION_ASYNCHDNS
LogInit:      CURL_VERSION_LARGEFILE
LogInit:      CURL_VERSION_IDN
LogInit:  CurlRequestOptions (configurable via config and command line):
LogInit:  - bVerifyPeer = true  - Libcurl will verify peer certificate
LogInit:  - bUseHttpProxy = false  - Libcurl will NOT use HTTP proxy
LogInit:  - bDontReuseConnections = false  - Libcurl will reuse connections
LogInit:  - MaxHostConnections = 16  - Libcurl will limit the number of connections to a host
LogInit:  - LocalHostAddr = Default
LogInit:  - BufferSize = 65536
LogOnline: OSS: Creating online subsystem instance for: NULL
LogInit: WinSock: version 1.1 (2.2), MaxSocks=32767, MaxUdp=65467
LogOnline: OSS: TryLoadSubsystemAndSetDefault: Loaded subsystem for module [NULL]
LogOculusPluginWrapper: OculusPlugin initialized successfully
LogHMD: FOculusHMDModule PreInit successfully
LogInit: Build: ++UE4+Release-4.27-CL-18319896
LogInit: Engine Version: 4.27.2-18319896+++UE4+Release-4.27
LogInit: Compatible Engine Version: 4.27.0-17155196+++UE4+Release-4.27
LogInit: Net CL: 17155196
LogInit: OS: Windows 10 (Release 2009) (), CPU: Intel(R) Core(TM) i7-9700K CPU @ 3.60GHz, GPU: NVIDIA GeForce RTX 2060
LogInit: Compiled (64-bit): Nov 30 2021 07:12:08
LogInit: Compiled with Visual C++: 19.24.28315.00
LogInit: Build Configuration: Development
LogInit: Branch Name: ++UE4+Release-4.27
LogInit: Command Line: 
LogInit: Base Directory: C:/UE_4.27/Engine/Binaries/Win64/
LogInit: Allocator: TBB
LogInit: Installed Engine Build: 1
LogDevObjectVersion: Number of dev versions registered: 29
LogDevObjectVersion:   Dev-Blueprints (B0D832E4-1F89-4F0D-ACCF-7EB736FD4AA2): 10
LogDevObjectVersion:   Dev-Build (E1C64328-A22C-4D53-A36C-8E866417BD8C): 0
LogDevObjectVersion:   Dev-Core (375EC13C-06E4-48FB-B500-84F0262A717E): 4
LogDevObjectVersion:   Dev-Editor (E4B068ED-F494-42E9-A231-DA0B2E46BB41): 40
LogDevObjectVersion:   Dev-Framework (CFFC743F-43B0-4480-9391-14DF171D2073): 37
LogDevObjectVersion:   Dev-Mobile (B02B49B5-BB20-44E9-A304-32B752E40360): 3
LogDevObjectVersion:   Dev-Networking (A4E4105C-59A1-49B5-A7C5-40C4547EDFEE): 0
LogDevObjectVersion:   Dev-Online (39C831C9-5AE6-47DC-9A44-9C173E1C8E7C): 0
LogDevObjectVersion:   Dev-Physics (78F01B33-EBEA-4F98-B9B4-84EACCB95AA2): 14
LogDevObjectVersion:   Dev-Platform (6631380F-2D4D-43E0-8009-CF276956A95A): 0
LogDevObjectVersion:   Dev-Rendering (12F88B9F-8875-4AFC-A67C-D90C383ABD29): 45
LogDevObjectVersion:   Dev-Sequencer (7B5AE74C-D270-4C10-A958-57980B212A5A): 13
LogDevObjectVersion:   Dev-VR (D7296918-1DD6-4BDD-9DE2-64A83CC13884): 3
LogDevObjectVersion:   Dev-LoadTimes (C2A15278-BFE7-4AFE-6C17-90FF531DF755): 1
LogDevObjectVersion:   Private-Geometry (6EACA3D4-40EC-4CC1-B786-8BED09428FC5): 3
LogDevObjectVersion:   Dev-AnimPhys (29E575DD-E0A3-4627-9D10-D276232CDCEA): 17
LogDevObjectVersion:   Dev-Anim (AF43A65D-7FD3-4947-9873-3E8ED9C1BB05): 15
LogDevObjectVersion:   Dev-ReflectionCapture (6B266CEC-1EC7-4B8F-A30B-E4D90942FC07): 1
LogDevObjectVersion:   Dev-Automation (0DF73D61-A23F-47EA-B727-89E90C41499A): 1
LogDevObjectVersion:   FortniteMain (601D1886-AC64-4F84-AA16-D3DE0DEAC7D6): 47
LogDevObjectVersion:   FortniteRelease (E7086368-6B23-4C58-8439-1B7016265E91): 1
LogDevObjectVersion:   Dev-Enterprise (9DFFBCD6-494F-0158-E221-12823C92A888): 10
LogDevObjectVersion:   Dev-Niagara (F2AED0AC-9AFE-416F-8664-AA7FFA26D6FC): 1
LogDevObjectVersion:   Dev-Destruction (174F1F0B-B4C6-45A5-B13F-2EE8D0FB917D): 10
LogDevObjectVersion:   Dev-Physics-Ext (35F94A83-E258-406C-A318-09F59610247C): 41
LogDevObjectVersion:   Dev-PhysicsMaterial-Chaos (B68FC16E-8B1B-42E2-B453-215C058844FE): 1
LogDevObjectVersion:   Dev-CineCamera (B2E18506-4273-CFC2-A54E-F4BB758BBA07): 1
LogDevObjectVersion:   Dev-VirtualProduction (64F58936-FD1B-42BA-BA96-7289D5D0FA4E): 1
LogDevObjectVersion:   Dev-MediaFramework (6F0ED827-A609-4895-9C91-998D90180EA4): 2
LogInit: Presizing for max 25165824 objects, including 0 objects not considered by GC, pre-allocating 0 bytes for permanent pool.
LogConfig: Applying CVar settings from Section [/Script/Engine.StreamingSettings] File [E:/Personal Projects/HumanMiniGolfC++/GunMiniGolfC/GunMiniGolfCoded/Saved/Config/Windows/Engine.ini]
LogConfig: Setting CVar [[s.MinBulkDataSizeForAsyncLoading:131072]]
LogConfig: Setting CVar [[s.AsyncLoadingThreadEnabled:0]]
LogConfig: Setting CVar [[s.EventDrivenLoaderEnabled:1]]
LogConfig: Setting CVar [[s.WarnIfTimeLimitExceeded:0]]
LogConfig: Setting CVar [[s.TimeLimitExceededMultiplier:1.5]]
LogConfig: Setting CVar [[s.TimeLimitExceededMinTime:0.005]]
LogConfig: Setting CVar [[s.UseBackgroundLevelStreaming:1]]
LogConfig: Setting CVar [[s.PriorityAsyncLoadingExtraTime:15.0]]
LogConfig: Setting CVar [[s.LevelStreamingActorsUpdateTimeLimit:5.0]]
LogConfig: Setting CVar [[s.PriorityLevelStreamingActorsUpdateExtraTime:5.0]]
LogConfig: Setting CVar [[s.LevelStreamingComponentsRegistrationGranularity:10]]
LogConfig: Setting CVar [[s.UnregisterComponentsTimeLimit:1.0]]
LogConfig: Setting CVar [[s.LevelStreamingComponentsUnregistrationGranularity:5]]
LogConfig: Setting CVar [[s.FlushStreamingOnExit:1]]
LogInit: Object subsystem initialized
LogConfig: Setting CVar [[con.DebugEarlyDefault:1]]
LogConfig: Setting CVar [[r.setres:1280x720]]
[2022.01.12-03.39.01:407][  0]LogConfig: Setting CVar [[r.VSync:0]]
[2022.01.12-03.39.01:407][  0]LogConfig: Setting CVar [[r.RHICmdBypass:0]]
[2022.01.12-03.39.01:407][  0]LogConfig: Applying CVar settings from Section [/Script/Engine.RendererSettings] File [E:/Personal Projects/HumanMiniGolfC++/GunMiniGolfC/GunMiniGolfCoded/Saved/Config/Windows/Engine.ini]
[2022.01.12-03.39.01:407][  0]LogConfig: Setting CVar [[r.GPUCrashDebugging:0]]
[2022.01.12-03.39.01:407][  0]LogConfig: Setting CVar [[r.DefaultFeature.MotionBlur:0]]
[2022.01.12-03.39.01:407][  0]LogConfig: Applying CVar settings from Section [/Script/Engine.RendererOverrideSettings] File [E:/Personal Projects/HumanMiniGolfC++/GunMiniGolfC/GunMiniGolfCoded/Saved/Config/Windows/Engine.ini]
[2022.01.12-03.39.01:407][  0]LogConfig: Applying CVar settings from Section [/Script/Engine.StreamingSettings] File [E:/Personal Projects/HumanMiniGolfC++/GunMiniGolfC/GunMiniGolfCoded/Saved/Config/Windows/Engine.ini]
[2022.01.12-03.39.01:407][  0]LogConfig: Setting CVar [[s.MinBulkDataSizeForAsyncLoading:131072]]
[2022.01.12-03.39.01:407][  0]LogConfig: Setting CVar [[s.AsyncLoadingThreadEnabled:0]]
[2022.01.12-03.39.01:407][  0]LogConfig: Setting CVar [[s.EventDrivenLoaderEnabled:1]]
[2022.01.12-03.39.01:407][  0]LogConfig: Setting CVar [[s.WarnIfTimeLimitExceeded:0]]
[2022.01.12-03.39.01:407][  0]LogConfig: Setting CVar [[s.TimeLimitExceededMultiplier:1.5]]
[2022.01.12-03.39.01:408][  0]LogConfig: Setting CVar [[s.TimeLimitExceededMinTime:0.005]]
[2022.01.12-03.39.01:408][  0]LogConfig: Setting CVar [[s.UseBackgroundLevelStreaming:1]]
[2022.01.12-03.39.01:408][  0]LogConfig: Setting CVar [[s.PriorityAsyncLoadingExtraTime:15.0]]
[2022.01.12-03.39.01:408][  0]LogConfig: Setting CVar [[s.LevelStreamingActorsUpdateTimeLimit:5.0]]
[2022.01.12-03.39.01:408][  0]LogConfig: Setting CVar [[s.PriorityLevelStreamingActorsUpdateExtraTime:5.0]]
[2022.01.12-03.39.01:408][  0]LogConfig: Setting CVar [[s.LevelStreamingComponentsRegistrationGranularity:10]]
[2022.01.12-03.39.01:408][  0]LogConfig: Setting CVar [[s.UnregisterComponentsTimeLimit:1.0]]
[2022.01.12-03.39.01:408][  0]LogConfig: Setting CVar [[s.LevelStreamingComponentsUnregistrationGranularity:5]]
[2022.01.12-03.39.01:408][  0]LogConfig: Setting CVar [[s.FlushStreamingOnExit:1]]
[2022.01.12-03.39.01:408][  0]LogConfig: Applying CVar settings from Section [/Script/Engine.GarbageCollectionSettings] File [E:/Personal Projects/HumanMiniGolfC++/GunMiniGolfC/GunMiniGolfCoded/Saved/Config/Windows/Engine.ini]
[2022.01.12-03.39.01:408][  0]LogConfig: Setting CVar [[gc.MaxObjectsNotConsideredByGC:1]]
[2022.01.12-03.39.01:408][  0]LogConfig: Setting CVar [[gc.SizeOfPermanentObjectPool:0]]
[2022.01.12-03.39.01:408][  0]LogConfig: Setting CVar [[gc.FlushStreamingOnGC:0]]
[2022.01.12-03.39.01:408][  0]LogConfig: Setting CVar [[gc.NumRetriesBeforeForcingGC:10]]
[2022.01.12-03.39.01:408][  0]LogConfig: Setting CVar [[gc.AllowParallelGC:1]]
[2022.01.12-03.39.01:408][  0]LogConfig: Setting CVar [[gc.TimeBetweenPurgingPendingKillObjects:61.1]]
[2022.01.12-03.39.01:408][  0]LogConfig: Setting CVar [[gc.MaxObjectsInEditor:25165824]]
[2022.01.12-03.39.01:408][  0]LogConfig: Setting CVar [[gc.IncrementalBeginDestroyEnabled:1]]
[2022.01.12-03.39.01:408][  0]LogConfig: Setting CVar [[gc.CreateGCClusters:1]]
[2022.01.12-03.39.01:408][  0]LogConfig: Setting CVar [[gc.MinGCClusterSize:5]]
[2022.01.12-03.39.01:408][  0]LogConfig: Setting CVar [[gc.ActorClusteringEnabled:0]]
[2022.01.12-03.39.01:408][  0]LogConfig: Setting CVar [[gc.BlueprintClusteringEnabled:0]]
[2022.01.12-03.39.01:408][  0]LogConfig: Setting CVar [[gc.UseDisregardForGCOnDedicatedServers:0]]
[2022.01.12-03.39.01:408][  0]LogConfig: Setting CVar [[gc.MultithreadedDestructionEnabled:1]]
[2022.01.12-03.39.01:408][  0]LogConfig: Applying CVar settings from Section [/Script/Engine.NetworkSettings] File [E:/Personal Projects/HumanMiniGolfC++/GunMiniGolfC/GunMiniGolfCoded/Saved/Config/Windows/Engine.ini]
[2022.01.12-03.39.01:408][  0]LogConfig: Applying CVar settings from Section [/Script/UnrealEd.CookerSettings] File [E:/Personal Projects/HumanMiniGolfC++/GunMiniGolfC/GunMiniGolfCoded/Saved/Config/Windows/Engine.ini]
[2022.01.12-03.39.01:425][  0]LogConfig: Applying CVar settings from Section [ViewDistanceQuality@3] File [E:/Personal Projects/HumanMiniGolfC++/GunMiniGolfC/GunMiniGolfCoded/Saved/Config/Windows/Scalability.ini]
[2022.01.12-03.39.01:425][  0]LogConfig: Setting CVar [[r.SkeletalMeshLODBias:0]]
[2022.01.12-03.39.01:425][  0]LogConfig: Setting CVar [[r.ViewDistanceScale:1.0]]
[2022.01.12-03.39.01:425][  0]LogConfig: Applying CVar settings from Section [AntiAliasingQuality@3] File [E:/Personal Projects/HumanMiniGolfC++/GunMiniGolfC/GunMiniGolfCoded/Saved/Config/Windows/Scalability.ini]
[2022.01.12-03.39.01:425][  0]LogConfig: Setting CVar [[r.PostProcessAAQuality:4]]
[2022.01.12-03.39.01:425][  0]LogConfig: Applying CVar settings from Section [ShadowQuality@3] File [E:/Personal Projects/HumanMiniGolfC++/GunMiniGolfC/GunMiniGolfCoded/Saved/Config/Windows/Scalability.ini]
[2022.01.12-03.39.01:425][  0]LogConfig: Setting CVar [[r.LightFunctionQuality:1]]
[2022.01.12-03.39.01:425][  0]LogConfig: Setting CVar [[r.ShadowQuality:5]]
[2022.01.12-03.39.01:425][  0]LogConfig: Setting CVar [[r.Shadow.CSM.MaxCascades:10]]
[2022.01.12-03.39.01:425][  0]LogConfig: Setting CVar [[r.Shadow.MaxResolution:2048]]
[2022.01.12-03.39.01:425][  0]LogConfig: Setting CVar [[r.Shadow.MaxCSMResolution:2048]]
[2022.01.12-03.39.01:425][  0]LogConfig: Setting CVar [[r.Shadow.RadiusThreshold:0.01]]
[2022.01.12-03.39.01:425][  0]LogConfig: Setting CVar [[r.Shadow.DistanceScale:1.0]]
[2022.01.12-03.39.01:425][  0]LogConfig: Setting CVar [[r.Shadow.CSM.TransitionScale:1.0]]
[2022.01.12-03.39.01:425][  0]LogConfig: Setting CVar [[r.Shadow.PreShadowResolutionFactor:1.0]]
[2022.01.12-03.39.01:425][  0]LogConfig: Setting CVar [[r.DistanceFieldShadowing:1]]
[2022.01.12-03.39.01:425][  0]LogConfig: Setting CVar [[r.DistanceFieldAO:1]]
[2022.01.12-03.39.01:425][  0]LogConfig: Setting CVar [[r.AOQuality:2]]
[2022.01.12-03.39.01:425][  0]LogConfig: Setting CVar [[r.VolumetricFog:1]]
[2022.01.12-03.39.01:425][  0]LogConfig: Setting CVar [[r.VolumetricFog.GridPixelSize:8]]
[2022.01.12-03.39.01:425][  0]LogConfig: Setting CVar [[r.VolumetricFog.GridSizeZ:128]]
[2022.01.12-03.39.01:425][  0]LogConfig: Setting CVar [[r.VolumetricFog.HistoryMissSupersampleCount:4]]
[2022.01.12-03.39.01:425][  0]LogConfig: Setting CVar [[r.LightMaxDrawDistanceScale:1]]
[2022.01.12-03.39.01:425][  0]LogConfig: Setting CVar [[r.CapsuleShadows:1]]
[2022.01.12-03.39.01:425][  0]LogConfig: Applying CVar settings from Section [PostProcessQuality@3] File [E:/Personal Projects/HumanMiniGolfC++/GunMiniGolfC/GunMiniGolfCoded/Saved/Config/Windows/Scalability.ini]
[2022.01.12-03.39.01:425][  0]LogConfig: Setting CVar [[r.MotionBlurQuality:4]]
[2022.01.12-03.39.01:425][  0]LogConfig: Setting CVar [[r.AmbientOcclusionMipLevelFactor:0.4]]
[2022.01.12-03.39.01:425][  0]LogConfig: Setting CVar [[r.AmbientOcclusionMaxQuality:100]]
[2022.01.12-03.39.01:425][  0]LogConfig: Setting CVar [[r.AmbientOcclusionLevels:-1]]
[2022.01.12-03.39.01:425][  0]LogConfig: Setting CVar [[r.AmbientOcclusionRadiusScale:1.0]]
[2022.01.12-03.39.01:425][  0]LogConfig: Setting CVar [[r.DepthOfFieldQuality:2]]
[2022.01.12-03.39.01:425][  0]LogConfig: Setting CVar [[r.RenderTargetPoolMin:400]]
[2022.01.12-03.39.01:425][  0]LogConfig: Setting CVar [[r.LensFlareQuality:2]]
[2022.01.12-03.39.01:425][  0]LogConfig: Setting CVar [[r.SceneColorFringeQuality:1]]
[2022.01.12-03.39.01:425][  0]LogConfig: Setting CVar [[r.EyeAdaptationQuality:2]]
[2022.01.12-03.39.01:425][  0]LogConfig: Setting CVar [[r.BloomQuality:5]]
[2022.01.12-03.39.01:425][  0]LogConfig: Setting CVar [[r.FastBlurThreshold:100]]
[2022.01.12-03.39.01:425][  0]LogConfig: Setting CVar [[r.Upscale.Quality:3]]
[2022.01.12-03.39.01:425][  0]LogConfig: Setting CVar [[r.Tonemapper.GrainQuantization:1]]
[2022.01.12-03.39.01:425][  0]LogConfig: Setting CVar [[r.LightShaftQuality:1]]
[2022.01.12-03.39.01:425][  0]LogConfig: Setting CVar [[r.Filter.SizeScale:1]]
[2022.01.12-03.39.01:425][  0]LogConfig: Setting CVar [[r.Tonemapper.Quality:5]]
[2022.01.12-03.39.01:425][  0]LogConfig: Setting CVar [[r.DOF.Gather.AccumulatorQuality:1        ; higher gathering accumulator quality]]
[2022.01.12-03.39.01:425][  0]LogConfig: Setting CVar [[r.DOF.Gather.PostfilterMethod:1          ; Median3x3 postfilering method]]
[2022.01.12-03.39.01:425][  0]LogConfig: Setting CVar [[r.DOF.Gather.EnableBokehSettings:0       ; no bokeh simulation when gathering]]
[2022.01.12-03.39.01:425][  0]LogConfig: Setting CVar [[r.DOF.Gather.RingCount:4                 ; medium number of samples when gathering]]
[2022.01.12-03.39.01:425][  0]LogConfig: Setting CVar [[r.DOF.Scatter.ForegroundCompositing:1    ; additive foreground scattering]]
[2022.01.12-03.39.01:425][  0]LogConfig: Setting CVar [[r.DOF.Scatter.BackgroundCompositing:2    ; additive background scattering]]
[2022.01.12-03.39.01:425][  0]LogConfig: Setting CVar [[r.DOF.Scatter.EnableBokehSettings:1      ; bokeh simulation when scattering]]
[2022.01.12-03.39.01:425][  0]LogConfig: Setting CVar [[r.DOF.Scatter.MaxSpriteRatio:0.1         ; only a maximum of 10% of scattered bokeh]]
[2022.01.12-03.39.01:425][  0]LogConfig: Setting CVar [[r.DOF.Recombine.Quality:1                ; cheap slight out of focus]]
[2022.01.12-03.39.01:425][  0]LogConfig: Setting CVar [[r.DOF.Recombine.EnableBokehSettings:0    ; no bokeh simulation on slight out of focus]]
[2022.01.12-03.39.01:425][  0]LogConfig: Setting CVar [[r.DOF.TemporalAAQuality:1                ; more stable temporal accumulation]]
[2022.01.12-03.39.01:425][  0]LogConfig: Setting CVar [[r.DOF.Kernel.MaxForegroundRadius:0.025]]
[2022.01.12-03.39.01:425][  0]LogConfig: Setting CVar [[r.DOF.Kernel.MaxBackgroundRadius:0.025]]
[2022.01.12-03.39.01:425][  0]LogConfig: Applying CVar settings from Section [TextureQuality@3] File [E:/Personal Projects/HumanMiniGolfC++/GunMiniGolfC/GunMiniGolfCoded/Saved/Config/Windows/Scalability.ini]
[2022.01.12-03.39.01:425][  0]LogConfig: Setting CVar [[r.Streaming.MipBias:0]]
[2022.01.12-03.39.01:425][  0]LogConfig: Setting CVar [[r.Streaming.AmortizeCPUToGPUCopy:0]]
[2022.01.12-03.39.01:425][  0]LogConfig: Setting CVar [[r.Streaming.MaxNumTexturesToStreamPerFrame:0]]
[2022.01.12-03.39.01:425][  0]LogConfig: Setting CVar [[r.Streaming.Boost:1]]
[2022.01.12-03.39.01:425][  0]LogConfig: Setting CVar [[r.MaxAnisotropy:8]]
[2022.01.12-03.39.01:425][  0]LogConfig: Setting CVar [[r.VT.MaxAnisotropy:8]]
[2022.01.12-03.39.01:425][  0]LogConfig: Setting CVar [[r.Streaming.LimitPoolSizeToVRAM:0]]
[2022.01.12-03.39.01:425][  0]LogConfig: Setting CVar [[r.Streaming.PoolSize:1000]]
[2022.01.12-03.39.01:425][  0]LogConfig: Setting CVar [[r.Streaming.MaxEffectiveScreenSize:0]]
[2022.01.12-03.39.01:425][  0]LogConfig: Applying CVar settings from Section [EffectsQuality@3] File [E:/Personal Projects/HumanMiniGolfC++/GunMiniGolfC/GunMiniGolfCoded/Saved/Config/Windows/Scalability.ini]
[2022.01.12-03.39.01:425][  0]LogConfig: Setting CVar [[r.TranslucencyLightingVolumeDim:64]]
[2022.01.12-03.39.01:425][  0]LogConfig: Setting CVar [[r.RefractionQuality:2]]
[2022.01.12-03.39.01:425][  0]LogConfig: Setting CVar [[r.SSR.Quality:3]]
[2022.01.12-03.39.01:425][  0]LogConfig: Setting CVar [[r.SSR.HalfResSceneColor:0]]
[2022.01.12-03.39.01:425][  0]LogConfig: Setting CVar [[r.SceneColorFormat:4]]
[2022.01.12-03.39.01:425][  0]LogConfig: Setting CVar [[r.DetailMode:2]]
[2022.01.12-03.39.01:425][  0]LogConfig: Setting CVar [[r.TranslucencyVolumeBlur:1]]
[2022.01.12-03.39.01:425][  0]LogConfig: Setting CVar [[r.MaterialQualityLevel:1 ; High quality]]
[2022.01.12-03.39.01:425][  0]LogConfig: Setting CVar [[r.AnisotropicMaterials:1]]
[2022.01.12-03.39.01:425][  0]LogConfig: Setting CVar [[r.SSS.Scale:1]]
[2022.01.12-03.39.01:425][  0]LogConfig: Setting CVar [[r.SSS.SampleSet:2]]
[2022.01.12-03.39.01:425][  0]LogConfig: Setting CVar [[r.SSS.Quality:1]]
[2022.01.12-03.39.01:425][  0]LogConfig: Setting CVar [[r.SSS.HalfRes:0]]
[2022.01.12-03.39.01:425][  0]LogConfig: Setting CVar [[r.SSGI.Quality:3]]
[2022.01.12-03.39.01:425][  0]LogConfig: Setting CVar [[r.EmitterSpawnRateScale:1.0]]
[2022.01.12-03.39.01:425][  0]LogConfig: Setting CVar [[r.ParticleLightQuality:2]]
[2022.01.12-03.39.01:425][  0]LogConfig: Setting CVar [[r.SkyAtmosphere.AerialPerspectiveLUT.FastApplyOnOpaque:1 ; Always have FastSkyLUT 1 in this case to avoid wrong sky]]
[2022.01.12-03.39.01:425][  0]LogConfig: Setting CVar [[r.SkyAtmosphere.AerialPerspectiveLUT.SampleCountMaxPerSlice:4]]
[2022.01.12-03.39.01:425][  0]LogConfig: Setting CVar [[r.SkyAtmosphere.AerialPerspectiveLUT.DepthResolution:16.0]]
[2022.01.12-03.39.01:426][  0]LogConfig: Setting CVar [[r.SkyAtmosphere.FastSkyLUT:1]]
[2022.01.12-03.39.01:426][  0]LogConfig: Setting CVar [[r.SkyAtmosphere.FastSkyLUT.SampleCountMin:4.0]]
[2022.01.12-03.39.01:426][  0]LogConfig: Setting CVar [[r.SkyAtmosphere.FastSkyLUT.SampleCountMax:128.0]]
[2022.01.12-03.39.01:426][  0]LogConfig: Setting CVar [[r.SkyAtmosphere.SampleCountMin:4.0]]
[2022.01.12-03.39.01:426][  0]LogConfig: Setting CVar [[r.SkyAtmosphere.SampleCountMax:128.0]]
[2022.01.12-03.39.01:426][  0]LogConfig: Setting CVar [[r.SkyAtmosphere.TransmittanceLUT.UseSmallFormat:0]]
[2022.01.12-03.39.01:426][  0]LogConfig: Setting CVar [[r.SkyAtmosphere.TransmittanceLUT.SampleCount:10.0]]
[2022.01.12-03.39.01:426][  0]LogConfig: Setting CVar [[r.SkyAtmosphere.MultiScatteringLUT.SampleCount:15.0]]
[2022.01.12-03.39.01:426][  0]LogConfig: Setting CVar [[r.SkyLight.RealTimeReflectionCapture:1]]
[2022.01.12-03.39.01:426][  0]LogConfig: Applying CVar settings from Section [FoliageQuality@3] File [E:/Personal Projects/HumanMiniGolfC++/GunMiniGolfC/GunMiniGolfCoded/Saved/Config/Windows/Scalability.ini]
[2022.01.12-03.39.01:426][  0]LogConfig: Setting CVar [[foliage.DensityScale:1.0]]
[2022.01.12-03.39.01:426][  0]LogConfig: Setting CVar [[grass.DensityScale:1.0]]
[2022.01.12-03.39.01:426][  0]LogConfig: Applying CVar settings from Section [ShadingQuality@3] File [E:/Personal Projects/HumanMiniGolfC++/GunMiniGolfC/GunMiniGolfCoded/Saved/Config/Windows/Scalability.ini]
[2022.01.12-03.39.01:426][  0]LogConfig: Setting CVar [[r.HairStrands.SkyLighting.IntegrationType:2]]
[2022.01.12-03.39.01:426][  0]LogConfig: Setting CVar [[r.HairStrands.SkyAO.SampleCount:4]]
[2022.01.12-03.39.01:426][  0]LogConfig: Setting CVar [[r.HairStrands.Visibility.MSAA.SamplePerPixel:4]]
[2022.01.12-03.39.01:426][  0]LogInit: Selected Device Profile: [Windows]
[2022.01.12-03.39.01:426][  0]LogInit: Applying CVar settings loaded from the selected device profile: [Windows]
[2022.01.12-03.39.01:426][  0]LogHAL: Display: Platform has ~ 32 GB [34191577088 / 34359738368 / 32], which maps to Largest [LargestMinGB=32, LargerMinGB=12, DefaultMinGB=8, SmallerMinGB=6, SmallestMinGB=0)
[2022.01.12-03.39.01:426][  0]LogInit: Going up to parent DeviceProfile []
[2022.01.12-03.39.01:426][  0]LogConfig: Applying CVar settings from Section [ViewDistanceQuality@3] File [E:/Personal Projects/HumanMiniGolfC++/GunMiniGolfC/GunMiniGolfCoded/Saved/Config/Windows/Scalability.ini]
[2022.01.12-03.39.01:426][  0]LogConfig: Setting CVar [[r.SkeletalMeshLODBias:0]]
[2022.01.12-03.39.01:426][  0]LogConfig: Setting CVar [[r.ViewDistanceScale:1.0]]
[2022.01.12-03.39.01:426][  0]LogConfig: Applying CVar settings from Section [AntiAliasingQuality@3] File [E:/Personal Projects/HumanMiniGolfC++/GunMiniGolfC/GunMiniGolfCoded/Saved/Config/Windows/Scalability.ini]
[2022.01.12-03.39.01:426][  0]LogConfig: Setting CVar [[r.PostProcessAAQuality:4]]
[2022.01.12-03.39.01:426][  0]LogConfig: Applying CVar settings from Section [ShadowQuality@3] File [E:/Personal Projects/HumanMiniGolfC++/GunMiniGolfC/GunMiniGolfCoded/Saved/Config/Windows/Scalability.ini]
[2022.01.12-03.39.01:426][  0]LogConfig: Setting CVar [[r.LightFunctionQuality:1]]
[2022.01.12-03.39.01:426][  0]LogConfig: Setting CVar [[r.ShadowQuality:5]]
[2022.01.12-03.39.01:426][  0]LogConfig: Setting CVar [[r.Shadow.CSM.MaxCascades:10]]
[2022.01.12-03.39.01:426][  0]LogConfig: Setting CVar [[r.Shadow.MaxResolution:2048]]
[2022.01.12-03.39.01:426][  0]LogConfig: Setting CVar [[r.Shadow.MaxCSMResolution:2048]]
[2022.01.12-03.39.01:426][  0]LogConfig: Setting CVar [[r.Shadow.RadiusThreshold:0.01]]
[2022.01.12-03.39.01:426][  0]LogConfig: Setting CVar [[r.Shadow.DistanceScale:1.0]]
[2022.01.12-03.39.01:426][  0]LogConfig: Setting CVar [[r.Shadow.CSM.TransitionScale:1.0]]
[2022.01.12-03.39.01:426][  0]LogConfig: Setting CVar [[r.Shadow.PreShadowResolutionFactor:1.0]]
[2022.01.12-03.39.01:426][  0]LogConfig: Setting CVar [[r.DistanceFieldShadowing:1]]
[2022.01.12-03.39.01:426][  0]LogConfig: Setting CVar [[r.DistanceFieldAO:1]]
[2022.01.12-03.39.01:426][  0]LogConfig: Setting CVar [[r.AOQuality:2]]
[2022.01.12-03.39.01:426][  0]LogConfig: Setting CVar [[r.VolumetricFog:1]]
[2022.01.12-03.39.01:426][  0]LogConfig: Setting CVar [[r.VolumetricFog.GridPixelSize:8]]
[2022.01.12-03.39.01:426][  0]LogConfig: Setting CVar [[r.VolumetricFog.GridSizeZ:128]]
[2022.01.12-03.39.01:426][  0]LogConfig: Setting CVar [[r.VolumetricFog.HistoryMissSupersampleCount:4]]
[2022.01.12-03.39.01:426][  0]LogConfig: Setting CVar [[r.LightMaxDrawDistanceScale:1]]
[2022.01.12-03.39.01:426][  0]LogConfig: Setting CVar [[r.CapsuleShadows:1]]
[2022.01.12-03.39.01:426][  0]LogConfig: Applying CVar settings from Section [PostProcessQuality@3] File [E:/Personal Projects/HumanMiniGolfC++/GunMiniGolfC/GunMiniGolfCoded/Saved/Config/Windows/Scalability.ini]
[2022.01.12-03.39.01:426][  0]LogConfig: Setting CVar [[r.MotionBlurQuality:4]]
[2022.01.12-03.39.01:426][  0]LogConfig: Setting CVar [[r.AmbientOcclusionMipLevelFactor:0.4]]
[2022.01.12-03.39.01:426][  0]LogConfig: Setting CVar [[r.AmbientOcclusionMaxQuality:100]]
[2022.01.12-03.39.01:426][  0]LogConfig: Setting CVar [[r.AmbientOcclusionLevels:-1]]
[2022.01.12-03.39.01:426][  0]LogConfig: Setting CVar [[r.AmbientOcclusionRadiusScale:1.0]]
[2022.01.12-03.39.01:426][  0]LogConfig: Setting CVar [[r.DepthOfFieldQuality:2]]
[2022.01.12-03.39.01:426][  0]LogConfig: Setting CVar [[r.RenderTargetPoolMin:400]]
[2022.01.12-03.39.01:426][  0]LogConfig: Setting CVar [[r.LensFlareQuality:2]]
[2022.01.12-03.39.01:426][  0]LogConfig: Setting CVar [[r.SceneColorFringeQuality:1]]
[2022.01.12-03.39.01:426][  0]LogConfig: Setting CVar [[r.EyeAdaptationQuality:2]]
[2022.01.12-03.39.01:426][  0]LogConfig: Setting CVar [[r.BloomQuality:5]]
[2022.01.12-03.39.01:426][  0]LogConfig: Setting CVar [[r.FastBlurThreshold:100]]
[2022.01.12-03.39.01:426][  0]LogConfig: Setting CVar [[r.Upscale.Quality:3]]
[2022.01.12-03.39.01:426][  0]LogConfig: Setting CVar [[r.Tonemapper.GrainQuantization:1]]
[2022.01.12-03.39.01:426][  0]LogConfig: Setting CVar [[r.LightShaftQuality:1]]
[2022.01.12-03.39.01:426][  0]LogConfig: Setting CVar [[r.Filter.SizeScale:1]]
[2022.01.12-03.39.01:426][  0]LogConfig: Setting CVar [[r.Tonemapper.Quality:5]]
[2022.01.12-03.39.01:426][  0]LogConfig: Setting CVar [[r.DOF.Gather.AccumulatorQuality:1        ; higher gathering accumulator quality]]
[2022.01.12-03.39.01:426][  0]LogConfig: Setting CVar [[r.DOF.Gather.PostfilterMethod:1          ; Median3x3 postfilering method]]
[2022.01.12-03.39.01:426][  0]LogConfig: Setting CVar [[r.DOF.Gather.EnableBokehSettings:0       ; no bokeh simulation when gathering]]
[2022.01.12-03.39.01:426][  0]LogConfig: Setting CVar [[r.DOF.Gather.RingCount:4                 ; medium number of samples when gathering]]
[2022.01.12-03.39.01:426][  0]LogConfig: Setting CVar [[r.DOF.Scatter.ForegroundCompositing:1    ; additive foreground scattering]]
[2022.01.12-03.39.01:426][  0]LogConfig: Setting CVar [[r.DOF.Scatter.BackgroundCompositing:2    ; additive background scattering]]
[2022.01.12-03.39.01:426][  0]LogConfig: Setting CVar [[r.DOF.Scatter.EnableBokehSettings:1      ; bokeh simulation when scattering]]
[2022.01.12-03.39.01:426][  0]LogConfig: Setting CVar [[r.DOF.Scatter.MaxSpriteRatio:0.1         ; only a maximum of 10% of scattered bokeh]]
[2022.01.12-03.39.01:426][  0]LogConfig: Setting CVar [[r.DOF.Recombine.Quality:1                ; cheap slight out of focus]]
[2022.01.12-03.39.01:427][  0]LogConfig: Setting CVar [[r.DOF.Recombine.EnableBokehSettings:0    ; no bokeh simulation on slight out of focus]]
[2022.01.12-03.39.01:427][  0]LogConfig: Setting CVar [[r.DOF.TemporalAAQuality:1                ; more stable temporal accumulation]]
[2022.01.12-03.39.01:427][  0]LogConfig: Setting CVar [[r.DOF.Kernel.MaxForegroundRadius:0.025]]
[2022.01.12-03.39.01:427][  0]LogConfig: Setting CVar [[r.DOF.Kernel.MaxBackgroundRadius:0.025]]
[2022.01.12-03.39.01:427][  0]LogConfig: Applying CVar settings from Section [TextureQuality@3] File [E:/Personal Projects/HumanMiniGolfC++/GunMiniGolfC/GunMiniGolfCoded/Saved/Config/Windows/Scalability.ini]
[2022.01.12-03.39.01:427][  0]LogConfig: Setting CVar [[r.Streaming.MipBias:0]]
[2022.01.12-03.39.01:427][  0]LogConfig: Setting CVar [[r.Streaming.AmortizeCPUToGPUCopy:0]]
[2022.01.12-03.39.01:427][  0]LogConfig: Setting CVar [[r.Streaming.MaxNumTexturesToStreamPerFrame:0]]
[2022.01.12-03.39.01:427][  0]LogConfig: Setting CVar [[r.Streaming.Boost:1]]
[2022.01.12-03.39.01:427][  0]LogConfig: Setting CVar [[r.MaxAnisotropy:8]]
[2022.01.12-03.39.01:427][  0]LogConfig: Setting CVar [[r.VT.MaxAnisotropy:8]]
[2022.01.12-03.39.01:427][  0]LogConfig: Setting CVar [[r.Streaming.LimitPoolSizeToVRAM:0]]
[2022.01.12-03.39.01:427][  0]LogConfig: Setting CVar [[r.Streaming.PoolSize:1000]]
[2022.01.12-03.39.01:427][  0]LogConfig: Setting CVar [[r.Streaming.MaxEffectiveScreenSize:0]]
[2022.01.12-03.39.01:427][  0]LogConfig: Applying CVar settings from Section [EffectsQuality@3] File [E:/Personal Projects/HumanMiniGolfC++/GunMiniGolfC/GunMiniGolfCoded/Saved/Config/Windows/Scalability.ini]
[2022.01.12-03.39.01:427][  0]LogConfig: Setting CVar [[r.TranslucencyLightingVolumeDim:64]]
[2022.01.12-03.39.01:427][  0]LogConfig: Setting CVar [[r.RefractionQuality:2]]
[2022.01.12-03.39.01:427][  0]LogConfig: Setting CVar [[r.SSR.Quality:3]]
[2022.01.12-03.39.01:427][  0]LogConfig: Setting CVar [[r.SSR.HalfResSceneColor:0]]
[2022.01.12-03.39.01:427][  0]LogConfig: Setting CVar [[r.SceneColorFormat:4]]
[2022.01.12-03.39.01:427][  0]LogConfig: Setting CVar [[r.DetailMode:2]]
[2022.01.12-03.39.01:427][  0]LogConfig: Setting CVar [[r.TranslucencyVolumeBlur:1]]
[2022.01.12-03.39.01:427][  0]LogConfig: Setting CVar [[r.MaterialQualityLevel:1 ; High quality]]
[2022.01.12-03.39.01:427][  0]LogConfig: Setting CVar [[r.AnisotropicMaterials:1]]
[2022.01.12-03.39.01:427][  0]LogConfig: Setting CVar [[r.SSS.Scale:1]]
[2022.01.12-03.39.01:427][  0]LogConfig: Setting CVar [[r.SSS.SampleSet:2]]
[2022.01.12-03.39.01:427][  0]LogConfig: Setting CVar [[r.SSS.Quality:1]]
[2022.01.12-03.39.01:427][  0]LogConfig: Setting CVar [[r.SSS.HalfRes:0]]
[2022.01.12-03.39.01:427][  0]LogConfig: Setting CVar [[r.SSGI.Quality:3]]
[2022.01.12-03.39.01:427][  0]LogConfig: Setting CVar [[r.EmitterSpawnRateScale:1.0]]
[2022.01.12-03.39.01:427][  0]LogConfig: Setting CVar [[r.ParticleLightQuality:2]]
[2022.01.12-03.39.01:427][  0]LogConfig: Setting CVar [[r.SkyAtmosphere.AerialPerspectiveLUT.FastApplyOnOpaque:1 ; Always have FastSkyLUT 1 in this case to avoid wrong sky]]
[2022.01.12-03.39.01:427][  0]LogConfig: Setting CVar [[r.SkyAtmosphere.AerialPerspectiveLUT.SampleCountMaxPerSlice:4]]
[2022.01.12-03.39.01:427][  0]LogConfig: Setting CVar [[r.SkyAtmosphere.AerialPerspectiveLUT.DepthResolution:16.0]]
[2022.01.12-03.39.01:427][  0]LogConfig: Setting CVar [[r.SkyAtmosphere.FastSkyLUT:1]]
[2022.01.12-03.39.01:427][  0]LogConfig: Setting CVar [[r.SkyAtmosphere.FastSkyLUT.SampleCountMin:4.0]]
[2022.01.12-03.39.01:427][  0]LogConfig: Setting CVar [[r.SkyAtmosphere.FastSkyLUT.SampleCountMax:128.0]]
[2022.01.12-03.39.01:427][  0]LogConfig: Setting CVar [[r.SkyAtmosphere.SampleCountMin:4.0]]
[2022.01.12-03.39.01:427][  0]LogConfig: Setting CVar [[r.SkyAtmosphere.SampleCountMax:128.0]]
[2022.01.12-03.39.01:427][  0]LogConfig: Setting CVar [[r.SkyAtmosphere.TransmittanceLUT.UseSmallFormat:0]]
[2022.01.12-03.39.01:427][  0]LogConfig: Setting CVar [[r.SkyAtmosphere.TransmittanceLUT.SampleCount:10.0]]
[2022.01.12-03.39.01:427][  0]LogConfig: Setting CVar [[r.SkyAtmosphere.MultiScatteringLUT.SampleCount:15.0]]
[2022.01.12-03.39.01:427][  0]LogConfig: Setting CVar [[r.SkyLight.RealTimeReflectionCapture:1]]
[2022.01.12-03.39.01:427][  0]LogConfig: Applying CVar settings from Section [FoliageQuality@3] File [E:/Personal Projects/HumanMiniGolfC++/GunMiniGolfC/GunMiniGolfCoded/Saved/Config/Windows/Scalability.ini]
[2022.01.12-03.39.01:427][  0]LogConfig: Setting CVar [[foliage.DensityScale:1.0]]
[2022.01.12-03.39.01:427][  0]LogConfig: Setting CVar [[grass.DensityScale:1.0]]
[2022.01.12-03.39.01:427][  0]LogConfig: Applying CVar settings from Section [ShadingQuality@3] File [E:/Personal Projects/HumanMiniGolfC++/GunMiniGolfC/GunMiniGolfCoded/Saved/Config/Windows/Scalability.ini]
[2022.01.12-03.39.01:427][  0]LogConfig: Setting CVar [[r.HairStrands.SkyLighting.IntegrationType:2]]
[2022.01.12-03.39.01:427][  0]LogConfig: Setting CVar [[r.HairStrands.SkyAO.SampleCount:4]]
[2022.01.12-03.39.01:427][  0]LogConfig: Setting CVar [[r.HairStrands.Visibility.MSAA.SamplePerPixel:4]]
[2022.01.12-03.39.01:427][  0]LogConfig: Applying CVar settings from Section [Startup] File [../../../Engine/Config/ConsoleVariables.ini]
[2022.01.12-03.39.01:428][  0]LogConfig: Setting CVar [[net.UseAdaptiveNetUpdateFrequency:0]]
[2022.01.12-03.39.01:428][  0]LogConfig: Setting CVar [[p.chaos.AllowCreatePhysxBodies:1]]
[2022.01.12-03.39.01:428][  0]LogConfig: Setting CVar [[fx.SkipVectorVMBackendOptimizations:1]]
[2022.01.12-03.39.01:428][  0]LogConfig: Applying CVar settings from Section [ConsoleVariables] File [E:/Personal Projects/HumanMiniGolfC++/GunMiniGolfC/GunMiniGolfCoded/Saved/Config/Windows/Engine.ini]
[2022.01.12-03.39.01:428][  0]LogConfig: Applying CVar settings from Section [ConsoleVariables] File [E:/Personal Projects/HumanMiniGolfC++/GunMiniGolfC/GunMiniGolfCoded/Saved/Config/Windows/Editor.ini]
[2022.01.12-03.39.01:428][  0]LogInit: Computer: MITCH-WORKSTATI
[2022.01.12-03.39.01:428][  0]LogInit: User: Mitch
[2022.01.12-03.39.01:428][  0]LogInit: CPU Page size=4096, Cores=8
[2022.01.12-03.39.01:428][  0]LogInit: High frequency timer resolution =10.000000 MHz
[2022.01.12-03.39.01:428][  0]LogMemory: Memory total: Physical=31.8GB (32GB approx)
[2022.01.12-03.39.01:428][  0]LogMemory: Platform Memory Stats for Windows
[2022.01.12-03.39.01:428][  0]LogMemory: Process Physical Memory: 153.91 MB used, 153.91 MB peak
[2022.01.12-03.39.01:428][  0]LogMemory: Process Virtual Memory: 116.58 MB used, 116.58 MB peak
[2022.01.12-03.39.01:428][  0]LogMemory: Physical Memory: 13179.74 MB used,  19427.89 MB free, 32607.63 MB total
[2022.01.12-03.39.01:428][  0]LogMemory: Virtual Memory: 134198632.00 MB used,  19091.94 MB free, 134217728.00 MB total
[2022.01.12-03.39.01:440][  0]LogWindows: WindowsPlatformFeatures enabled
[2022.01.12-03.39.01:515][  0]LogInit: Physics initialised using underlying interface: PhysX
[2022.01.12-03.39.01:516][  0]LogInit: Using OS detected language (en-US).
[2022.01.12-03.39.01:516][  0]LogInit: Using OS detected locale (en-US).
[2022.01.12-03.39.01:522][  0]LogTextLocalizationManager: No specific localization for 'en-US' exists, so the 'en' localization will be used.
[2022.01.12-03.39.01:760][  0]LogInit: Setting process to per monitor DPI aware
[2022.01.12-03.39.01:790][  0]LogWindowsTextInputMethodSystem: Display: IME system deactivated.
[2022.01.12-03.39.01:810][  0]LogSlate: New Slate User Created.  User Index 0, Is Virtual User: 0
[2022.01.12-03.39.01:810][  0]LogSlate: Slate User Registered.  User Index 0, Is Virtual User: 0
[2022.01.12-03.39.01:947][  0]LogD3D11RHI: Loaded GFSDK_Aftermath_Lib.x64.dll
[2022.01.12-03.39.01:947][  0]LogD3D11RHI: D3D11 min allowed feature level: 11_0
[2022.01.12-03.39.01:947][  0]LogD3D11RHI: D3D11 max allowed feature level: 11_0
[2022.01.12-03.39.01:947][  0]LogD3D11RHI: D3D11 adapters:
[2022.01.12-03.39.02:102][  0]LogD3D11RHI:    0. 'NVIDIA GeForce RTX 2060' (Feature Level 11_0)
[2022.01.12-03.39.02:102][  0]LogD3D11RHI:       5980/0/16303 MB DedicatedVideo/DedicatedSystem/SharedSystem, Outputs:1, VendorId:0x10de
[2022.01.12-03.39.02:719][  0]LogD3D11RHI:    1. 'Intel(R) UHD Graphics 630' (Feature Level 11_0)
[2022.01.12-03.39.02:719][  0]LogD3D11RHI:       128/0/16303 MB DedicatedVideo/DedicatedSystem/SharedSystem, Outputs:0, VendorId:0x8086
[2022.01.12-03.39.02:721][  0]LogD3D11RHI:    2. 'Microsoft Basic Render Driver' (Feature Level 11_0)
[2022.01.12-03.39.02:721][  0]LogD3D11RHI:       0/0/16303 MB DedicatedVideo/DedicatedSystem/SharedSystem, Outputs:0, VendorId:0x1414
[2022.01.12-03.39.02:721][  0]LogD3D11RHI: Chosen D3D11 Adapter:
[2022.01.12-03.39.02:721][  0]LogD3D11RHI:     Description : NVIDIA GeForce RTX 2060
[2022.01.12-03.39.02:721][  0]LogD3D11RHI:     VendorId    : 10de
[2022.01.12-03.39.02:721][  0]LogD3D11RHI:     DeviceId    : 1f08
[2022.01.12-03.39.02:721][  0]LogD3D11RHI:     SubSysId    : 868e1043
[2022.01.12-03.39.02:721][  0]LogD3D11RHI:     Revision    : 00a1
[2022.01.12-03.39.02:721][  0]LogD3D11RHI:     DedicatedVideoMemory : 6270484480 bytes
[2022.01.12-03.39.02:721][  0]LogD3D11RHI:     DedicatedSystemMemory : 0 bytes
[2022.01.12-03.39.02:721][  0]LogD3D11RHI:     SharedSystemMemory : 17095788544 bytes
[2022.01.12-03.39.02:721][  0]LogD3D11RHI:     AdapterLuid : 0 87669
[2022.01.12-03.39.02:730][  0]LogD3D11RHI: Creating new Direct3DDevice
[2022.01.12-03.39.02:730][  0]LogD3D11RHI:     GPU DeviceId: 0x1f08 (for the marketing name, search the web for "GPU Device Id")
[2022.01.12-03.39.02:730][  0]LogWindows: EnumDisplayDevices:
[2022.01.12-03.39.02:731][  0]LogWindows:    0. 'NVIDIA GeForce RTX 2060' (P:1 D:1)
[2022.01.12-03.39.02:731][  0]LogWindows:    1. 'NVIDIA GeForce RTX 2060' (P:0 D:0)
[2022.01.12-03.39.02:731][  0]LogWindows:    2. 'NVIDIA GeForce RTX 2060' (P:0 D:0)
[2022.01.12-03.39.02:732][  0]LogWindows:    3. 'NVIDIA GeForce RTX 2060' (P:0 D:0)
[2022.01.12-03.39.02:732][  0]LogWindows:    4. 'Intel(R) UHD Graphics 630' (P:0 D:0)
[2022.01.12-03.39.02:732][  0]LogWindows:    5. 'Intel(R) UHD Graphics 630' (P:0 D:0)
[2022.01.12-03.39.02:733][  0]LogWindows:    6. 'Intel(R) UHD Graphics 630' (P:0 D:0)
[2022.01.12-03.39.02:733][  0]LogWindows: DebugString: PrimaryIsNotTheChoosenAdapter PrimaryIsNotTheChoosenAdapter PrimaryIsNotTheChoosenAdapter FoundDriverCount:4 
[2022.01.12-03.39.02:733][  0]LogD3D11RHI:     Adapter Name: NVIDIA GeForce RTX 2060
[2022.01.12-03.39.02:733][  0]LogD3D11RHI:   Driver Version: 497.29 (internal:30.0.14.9729, unified:497.29)
[2022.01.12-03.39.02:733][  0]LogD3D11RHI:      Driver Date: 12-15-2021
[2022.01.12-03.39.02:733][  0]LogRHI: Texture pool is 4186 MB (70% of 5980 MB)
[2022.01.12-03.39.02:733][  0]LogD3D11RHI: Creating D3DDevice using adapter:
[2022.01.12-03.39.02:733][  0]LogD3D11RHI:     Description : NVIDIA GeForce RTX 2060
[2022.01.12-03.39.02:733][  0]LogD3D11RHI:     VendorId    : 10de
[2022.01.12-03.39.02:733][  0]LogD3D11RHI:     DeviceId    : 1f08
[2022.01.12-03.39.02:733][  0]LogD3D11RHI:     SubSysId    : 868e1043
[2022.01.12-03.39.02:733][  0]LogD3D11RHI:     Revision    : 00a1
[2022.01.12-03.39.02:733][  0]LogD3D11RHI:     DedicatedVideoMemory : 6270484480 bytes
[2022.01.12-03.39.02:733][  0]LogD3D11RHI:     DedicatedSystemMemory : 0 bytes
[2022.01.12-03.39.02:733][  0]LogD3D11RHI:     SharedSystemMemory : 17095788544 bytes
[2022.01.12-03.39.02:733][  0]LogD3D11RHI:     AdapterLuid : 0 87669
[2022.01.12-03.39.02:807][  0]LogD3D11RHI: RHI has support for 64 bit atomics
[2022.01.12-03.39.02:807][  0]LogD3D11RHI: Async texture creation enabled
[2022.01.12-03.39.02:808][  0]LogD3D11RHI: Array index from any shader is supported
[2022.01.12-03.39.02:847][  0]LogD3D11RHI: GPU Timing Frequency: 1000.000000 (Debug: 2 2)
[2022.01.12-03.39.02:889][  0]LogRHI: GeForceNow SDK initialized: 1
[2022.01.12-03.39.03:267][  0]LogTargetPlatformManager: Display: Loaded TargetPlatform 'AllDesktop'
[2022.01.12-03.39.03:286][  0]LogTargetPlatformManager: Display: Loaded TargetPlatform 'Android'
[2022.01.12-03.39.03:286][  0]LogTargetPlatformManager: Display: Loaded TargetPlatform 'Android_ASTC'
[2022.01.12-03.39.03:286][  0]LogTargetPlatformManager: Display: Loaded TargetPlatform 'Android_DXT'
[2022.01.12-03.39.03:286][  0]LogTargetPlatformManager: Display: Loaded TargetPlatform 'Android_ETC2'
[2022.01.12-03.39.03:286][  0]LogTargetPlatformManager: Display: Loaded TargetPlatform 'AndroidClient'
[2022.01.12-03.39.03:286][  0]LogTargetPlatformManager: Display: Loaded TargetPlatform 'Android_ASTCClient'
[2022.01.12-03.39.03:286][  0]LogTargetPlatformManager: Display: Loaded TargetPlatform 'Android_DXTClient'
[2022.01.12-03.39.03:286][  0]LogTargetPlatformManager: Display: Loaded TargetPlatform 'Android_ETC2Client'
[2022.01.12-03.39.03:286][  0]LogTargetPlatformManager: Display: Loaded TargetPlatform 'Android_Multi'
[2022.01.12-03.39.03:286][  0]LogTargetPlatformManager: Display: Loaded TargetPlatform 'Android_MultiClient'
[2022.01.12-03.39.03:307][  0]LogTargetPlatformManager: Display: Loaded TargetPlatform 'IOSClient'
[2022.01.12-03.39.03:307][  0]LogTargetPlatformManager: Display: Loaded TargetPlatform 'IOS'
[2022.01.12-03.39.03:317][  0]LogTargetPlatformManager: Display: Loaded TargetPlatform 'Linux'
[2022.01.12-03.39.03:321][  0]LogTargetPlatformManager: Display: Loaded TargetPlatform 'LinuxNoEditor'
[2022.01.12-03.39.03:326][  0]LogTargetPlatformManager: Display: Loaded TargetPlatform 'LinuxClient'
[2022.01.12-03.39.03:333][  0]LogTargetPlatformManager: Display: Loaded TargetPlatform 'LinuxServer'
[2022.01.12-03.39.03:343][  0]LogTargetPlatformManager: Display: Loaded TargetPlatform 'LinuxAArch64NoEditor'
[2022.01.12-03.39.03:347][  0]LogTargetPlatformManager: Display: Loaded TargetPlatform 'LinuxAArch64Client'
[2022.01.12-03.39.03:352][  0]LogTargetPlatformManager: Display: Loaded TargetPlatform 'LinuxAArch64Server'
[2022.01.12-03.39.03:375][  0]LogTargetPlatformManager: Display: Loaded TargetPlatform 'Lumin'
[2022.01.12-03.39.03:375][  0]LogTargetPlatformManager: Display: Loaded TargetPlatform 'LuminClient'
[2022.01.12-03.39.03:384][  0]LogTargetPlatformManager: Display: Loaded TargetPlatform 'MacNoEditor'
[2022.01.12-03.39.03:388][  0]LogTargetPlatformManager: Display: Loaded TargetPlatform 'Mac'
[2022.01.12-03.39.03:393][  0]LogTargetPlatformManager: Display: Loaded TargetPlatform 'MacClient'
[2022.01.12-03.39.03:398][  0]LogTargetPlatformManager: Display: Loaded TargetPlatform 'MacServer'
[2022.01.12-03.39.03:408][  0]LogTargetPlatformManager: Display: Loaded TargetPlatform 'TVOSClient'
[2022.01.12-03.39.03:408][  0]LogTargetPlatformManager: Display: Loaded TargetPlatform 'TVOS'
[2022.01.12-03.39.03:417][  0]LogTargetPlatformManager: Display: Loaded TargetPlatform 'WindowsNoEditor'
[2022.01.12-03.39.03:422][  0]LogTargetPlatformManager: Display: Loaded TargetPlatform 'Windows'
[2022.01.12-03.39.03:429][  0]LogTargetPlatformManager: Display: Loaded TargetPlatform 'WindowsClient'
[2022.01.12-03.39.03:437][  0]LogTargetPlatformManager: Display: Loaded TargetPlatform 'WindowsServer'
[2022.01.12-03.39.03:437][  0]LogTargetPlatformManager: Display: Building Assets For Windows
[2022.01.12-03.39.03:446][  0]LogAudioDebug: Display: Lib vorbis DLL was dynamically loaded.
[2022.01.12-03.39.03:484][  0]LogTextureFormatOodle: Display: Oodle Texture 2.9.0 init RDO Off
[2022.01.12-03.39.03:527][  0]LogRendererCore: Ray tracing is disabled. Reason: r.RayTracing=0.
[2022.01.12-03.39.03:527][  0]LogShaderCompilers: Guid format shader working directory is -21 characters bigger than the processId version (E:/Personal Projects/HumanMiniGolfC++/GunMiniGolfC/GunMiniGolfCoded/Intermediate/Shaders/WorkingDirectory/8772/).
[2022.01.12-03.39.03:527][  0]LogShaderCompilers: Cleaned the shader compiler working directory 'C:/Users/Mitch/AppData/Local/Temp/UnrealShaderWorkingDir/DCE5B48C47CDB0898EF19F95431C34B4/'.
[2022.01.12-03.39.03:528][  0]LogXGEController: Cannot use XGE Controller as Incredibuild is not installed on this machine.
[2022.01.12-03.39.03:528][  0]LogShaderCompilers: Cannot use XGE Shader Compiler as Incredibuild is not installed on this machine.
[2022.01.12-03.39.03:528][  0]LogShaderCompilers: Display: Using Local Shader Compiler.
[2022.01.12-03.39.04:193][  0]LogDerivedDataCache: Display: Max Cache Size: 512 MB
[2022.01.12-03.39.04:274][  0]LogDerivedDataCache: Loaded boot cache 0.08s 99MB C:/Users/Mitch/AppData/Local/UnrealEngine/4.27/DerivedDataCache/Boot.ddc.
[2022.01.12-03.39.04:275][  0]LogDerivedDataCache: Display: Loaded Boot cache: C:/Users/Mitch/AppData/Local/UnrealEngine/4.27/DerivedDataCache/Boot.ddc
[2022.01.12-03.39.04:275][  0]LogDerivedDataCache: FDerivedDataBackendGraph:  Pak pak cache file E:/Personal Projects/HumanMiniGolfC++/GunMiniGolfC/GunMiniGolfCoded/DerivedDataCache/DDC.ddp not found, will not use a pak cache.
[2022.01.12-03.39.04:275][  0]LogDerivedDataCache: Unable to find inner node Pak for hierarchical cache Hierarchy.
[2022.01.12-03.39.04:275][  0]LogDerivedDataCache: FDerivedDataBackendGraph:  CompressedPak pak cache file E:/Personal Projects/HumanMiniGolfC++/GunMiniGolfC/GunMiniGolfCoded/DerivedDataCache/Compressed.ddp not found, will not use a pak cache.
[2022.01.12-03.39.04:275][  0]LogDerivedDataCache: Unable to find inner node CompressedPak for hierarchical cache Hierarchy.
[2022.01.12-03.39.04:290][  0]LogDerivedDataCache: Display: Pak cache opened for reading ../../../Engine/DerivedDataCache/Compressed.ddp.
[2022.01.12-03.39.04:290][  0]LogDerivedDataCache: FDerivedDataBackendGraph:  EnterprisePak pak cache file ../../../Enterprise/DerivedDataCache/Compressed.ddp not found, will not use a pak cache.
[2022.01.12-03.39.04:290][  0]LogDerivedDataCache: Unable to find inner node EnterprisePak for hierarchical cache Hierarchy.
[2022.01.12-03.39.04:300][  0]LogDerivedDataCache: Speed tests for C:/Users/Mitch/AppData/Local/UnrealEngine/Common/DerivedDataCache took 0.01 seconds
[2022.01.12-03.39.04:300][  0]LogDerivedDataCache: Display: Performance to C:/Users/Mitch/AppData/Local/UnrealEngine/Common/DerivedDataCache: Latency=0.03ms. RandomReadSpeed=1087.86MBs, RandomWriteSpeed=111.93MBs. Assigned SpeedClass 'Local'
[2022.01.12-03.39.04:301][  0]LogDerivedDataCache: Using Local data cache path C:/Users/Mitch/AppData/Local/UnrealEngine/Common/DerivedDataCache: Writable
[2022.01.12-03.39.04:301][  0]LogDerivedDataCache: Shared data cache path not found in *engine.ini, will not use an Shared cache.
[2022.01.12-03.39.04:301][  0]LogDerivedDataCache: Unable to find inner node Shared for hierarchical cache Hierarchy.
[2022.01.12-03.39.04:347][  0]LogSlate: Using FreeType 2.10.0
[2022.01.12-03.39.04:348][  0]LogSlate: SlateFontServices - WITH_FREETYPE: 1, WITH_HARFBUZZ: 1
[2022.01.12-03.39.04:373][  0]LogAssetRegistry: FAssetRegistry took 0.0023 seconds to start up
[2022.01.12-03.39.04:595][  0]LogInit: Selected Device Profile: [Windows]
[2022.01.12-03.39.04:595][  0]LogInit: Active device profile: [000001BB90349400][000001BB86EDD1C0 49] Windows
[2022.01.12-03.39.04:595][  0]LogInit: Profiles: [000001BB90349400][000001BB86EDD1C0 49] Windows, [000001BB902DA600][000001BB83DB5340 49] WindowsNoEditor, [000001BB902AFF00][000001BB911554C0 49] WindowsServer, [000001BB90349600][000001BB91159640 49] WindowsClient, [000001BB902DBD00][000001BB9115D7C0 49] IOS, [000001BB902AC700][000001BB90F83940 49] iPadAir, [000001BB902D8600][000001BB90F87AC0 49] iPadAir2, [000001BB9025C500][000001BB83DE6200 49] IPadPro, [000001BB9025C600][000001BB90F8A240 49] iPadAir3, [000001BB902AC300][000001BB83DEA3C0 49] iPadAir4, [000001BB9025D300][000001BB83DEE540 49] iPadMini2, [000001BB902AF900][000001BB83DF26C0 49] iPadMini3, [000001BB9025F200][000001BB83DF6840 49] iPadMini4, [000001BB902AFC00][000001BB91142980 49] iPadMini5, [000001BB9025BE00][000001BB9110CBC0 49] iPhone6, [000001BB9025BF00][000001BB91108C00 49] iPodTouch6, [000001BB9034B600][000001BB91118E80 49] iPhone7, [000001BB90349700][000001BB91110EC0 49] iPodTouch7, [000001BB90258700][000001BB9113F040 49] iPhone5S, [000001BB9025EF00][000001BB9174D1C0 49] iPhone6Plus, [000001BB9025A000][000001BB9178D340 49] iPhone6S, [000001BB9025D000][000001BB917914C0 49] iPhone6SPlus, [000001BB90258A00][000001BB91795640 49] iPhone7Plus, [000001BB9025FE00][000001BB917D97C0 49] iPhoneSE, [000001BB9034B200][000001BB917DD940 49] iPhone8, [000001BB9025ED00][000001BB917E1AC0 49] iPhone8Plus, [000001BB9034A800][000001BB918100C0 49] iPhoneX, [000001BB9025D800][000001BB91A38240 49] iPhoneXS, [000001BB9034A200][000001BB910E83C0 49] iPhoneXSMax, [000001BB9025D200][000001BB910EC540 49] iPhoneXR, [000001BB90348D00][000001BB910F06C0 49] iPhone11, [000001BB9025EE00][000001BB910F4840 49] iPhone11Pro, [000001BB90349D00][000001BB910F89C0 49] iPhone11ProMax, [000001BB9025D600][000001BB910FCB40 49] iPhoneSE2, [000001BB90348800][000001BB91114C80 49] iPhone12Mini, [000001BB9025CF00][000001BB91798DC0 49] iPhone12, [000001BB9034A600][000001BB91814F00 49] iPhone12Pro, [000001BB9025E300][000001BB91105080 49] iPhone12ProMax, [000001BB90348700][000001BB9179D200 49] iPadPro105, [000001BB9025F400][000001BB917A1380 49] iPadPro129, [000001BB90348F00][000001BB917A5500 49] iPadPro97, [000001BB9025EA00][000001BB83DB9680 49] iPadPro2_129, [000001BB90349E00][000001BB90E1D800 49] iPad5, [000001BB9025DB00][000001BB90E21980 49] iPad6, [000001BB9034A500][000001BB86EA3B00 49] iPad7, [000001BB9025FD00][000001BB86EA6100 49] iPad8, [000001BB9034A100][000001BB86EAA280 49] iPadPro11, [000001BB9025E600][000001BB86EAE400 49] iPadPro2_11, [000001BB90348500][000001BB86EB2580 49] iPadPro3_129, [000001BB9025DC00][000001BB86EB6700 49] iPadPro4_129, [000001BB9034A900][000001BB86EBA880 49] AppleTV, [000001BB9025CD00][000001BB86EBEA00 49] AppleTV4K, [000001BB90348100][000001BB86EC2B80 49] TVOS, [000001BB9025C300][000001BB86EC6D00 49] Mac, [000001BB9034B000][000001BB91100E40 49] MacClient, [000001BB9025D400][000001BB917A8F80 49] MacNoEditor, [000001BB9034B900][000001BB917AD0C0 49] MacServer, [000001BB9025C800][000001BB917B5240 49] Linux, [000001BB90349B00][000001BB917B93C0 49] LinuxAArch64, [000001BB9025D900][000001BB917BD540 49] LinuxNoEditor, [000001BB9034AB00][000001BB917C16C0 49] LinuxAArch64NoEditor, [000001BB9025E100][000001BB917C5840 49] LinuxClient, [000001BB90349C00][000001BB917C99C0 49] LinuxAArch64Client, [000001BB9025CE00][000001BB917CDB40 49] LinuxServer, [000001BB9034A300][000001BB917D0140 49] LinuxAArch64Server, [000001BB9025DA00][000001BB917D42C0 49] Android, [000001BB902AD100][000001BB914E6440 49] Android_Low, [000001BB9025BC00][000001BB914EA5C0 49] Android_Mid, [000001BB902ACF00][000001BB914EE740 49] Android_High, [000001BB9025B400][000001BB914F28C0 49] Android_Default, [000001BB902ACE00][000001BB914F6A40 49] Android_Adreno4xx, [000001BB9025BA00][000001BB914FABC0 49] Android_Adreno5xx_Low, [000001BB902AC600][000001BB914FED40 49] Android_Adreno5xx, [000001BB90259900][000001BB91502EC0 49] Android_Adreno6xx, [000001BB902ADE00][000001BB917B1000 49] Android_Adreno6xx_Vulkan, [000001BB9025B200][000001BB91507140 49] Android_Mali_T6xx, [000001BB902AE900][000001BB9150B280 49] Android_Mali_T7xx, [000001BB90258C00][000001BB9150F3C0 49] Android_Mali_T8xx, [000001BB902AE700][000001BB91517540 49] Android_Mali_G71, [000001BB9025AA00][000001BB9151B6C0 49] Android_Mali_G72, [000001BB902AF100][000001BB9151F840 49] Android_Mali_G72_Vulkan, [000001BB9025A800][000001BB915239C0 49] Android_Mali_G76, [000001BB902AD700][000001BB91527B40 49] Android_Mali_G76_Vulkan, [000001BB90259500][000001BB9152A140 49] Android_Mali_G77, [000001BB902AE600][000001BB9152E2C0 49] Android_Mali_G77_Vulkan, [000001BB9025BB00][000001BB83D54440 49] Android_Mali_G78, [000001BB902AC900][000001BB83D585C0 49] Android_Mali_G78_Vulkan, [000001BB90258900][000001BB83D5C740 49] Android_Mali_G710, [000001BB902AE400][000001BB83D608C0 49] Android_Mali_G710_Vulkan, [000001BB9025B700][000001BB83D64A40 49] Android_Vulkan_SM5, [000001BB902ACD00][000001BB83D68BC0 49] Android_PowerVR_G6xxx, [000001BB90258E00][000001BB83D6CD40 49] Android_PowerVR_GT7xxx, [000001BB902AF800][000001BB83D70EC0 49] Android_PowerVR_GE8xxx, [000001BB90259400][000001BB83D75040 49] Android_PowerVR_GM9xxx, [000001BB9025D100][000001BB91513180 49] Android_PowerVR_GM9xxx_Vulkan, [000001BB90258500][000001BB83D792C0 49] Android_TegraK1, [000001BB9025D500][000001BB83D7D400 49] Android_Unknown_Vulkan, [000001BB9025B300][000001BB83D81540 49] Lumin, [000001BB9025FC00][000001BB83D896C0 49] Lumin_Desktop, [000001BB90259300][000001BB83D8D840 49] HoloLens, 
[2022.01.12-03.39.04:733][  0]LogMeshReduction: Using QuadricMeshReduction for automatic static mesh reduction
[2022.01.12-03.39.04:734][  0]LogMeshReduction: Using SimplygonMeshReduction for automatic skeletal mesh reduction
[2022.01.12-03.39.04:734][  0]LogMeshReduction: Using ProxyLODMeshReduction for automatic mesh merging
[2022.01.12-03.39.04:734][  0]LogMeshReduction: No distributed automatic mesh merging module available
[2022.01.12-03.39.04:734][  0]LogMeshMerging: No distributed automatic mesh merging module available
[2022.01.12-03.39.04:754][  0]LogNetVersion: GunMiniGolfCoded 1.0.0, NetCL: 17155196, EngineNetVer: 17, GameNetVer: 0 (Checksum: 2763643290)
[2022.01.12-03.39.05:141][  0]LogTexture: Default maximum texture size for cubemaps generated from long-lat sources has been changed from 512 to unlimited. In order to preserve old behaiour for '/Engine/MapTemplates/Sky/DaylightAmbientCubemap.DaylightAmbientCubemap', its maximum texture size has been explicitly set to 512.
[2022.01.12-03.39.05:213][  0]LogHMD: PokeAHoleMaterial loaded successfully
[2022.01.12-03.39.05:218][  0]LogUObjectArray: 17178 objects as part of root set at end of initial load.
[2022.01.12-03.39.05:218][  0]LogUObjectAllocator: 4302048 out of 0 bytes used by permanent object pool.
[2022.01.12-03.39.05:219][  0]LogUObjectArray: CloseDisregardForGC: 0/0 objects in disregard for GC pool
[2022.01.12-03.39.05:539][  0]LogPython: Using Python 3.7.7
[2022.01.12-03.39.06:048][  0]LogNiagaraDebuggerClient: Niagara Debugger Client Initialized | Session: 32C0FA684598F06F0B52649D2663D37D | Instance: 50B6AC0648E1F2A0CD4B80941C4F19ED (MITCH-WORKSTATI-8772).
[2022.01.12-03.39.06:224][  0]LogTcpMessaging: Initializing TcpMessaging bridge
[2022.01.12-03.39.06:230][  0]LogUdpMessaging: Initializing bridge on interface 0.0.0.0:0 to multicast group 230.0.0.1:6666.
[2022.01.12-03.39.06:562][  0]SourceControl: Source control is disabled
[2022.01.12-03.39.06:562][  0]SourceControl: Source control is disabled
[2022.01.12-03.39.06:573][  0]SourceControl: Source control is disabled
[2022.01.12-03.39.06:580][  0]SourceControl: Source control is disabled
[2022.01.12-03.39.06:592][  0]SourceControl: Source control is disabled
[2022.01.12-03.39.06:601][  0]LogUProjectInfo: Found projects:
[2022.01.12-03.39.06:881][  0]LogOpenImageDenoise: OIDN starting up
[2022.01.12-03.39.06:953][  0]LogAndroidPermission: UAndroidPermissionCallbackProxy::GetInstance
[2022.01.12-03.39.06:990][  0]LogAudioCaptureCore: Display: No Audio Capture implementations found. Audio input will be silent.
[2022.01.12-03.39.06:990][  0]LogAudioCaptureCore: Display: No Audio Capture implementations found. Audio input will be silent.
[2022.01.12-03.39.07:144][  0]LogCollectionManager: Loaded 0 collections in 0.001872 seconds
[2022.01.12-03.39.07:173][  0]LogFileCache: Scanning file cache for directory 'E:/Personal Projects/HumanMiniGolfC++/GunMiniGolfC/GunMiniGolfCoded/Saved/Collections/' took 0.00s
[2022.01.12-03.39.07:173][  0]LogFileCache: Scanning file cache for directory 'E:/Personal Projects/HumanMiniGolfC++/GunMiniGolfC/GunMiniGolfCoded/Content/Developers/Mitch/Collections/' took 0.00s
[2022.01.12-03.39.07:173][  0]LogFileCache: Scanning file cache for directory 'E:/Personal Projects/HumanMiniGolfC++/GunMiniGolfC/GunMiniGolfCoded/Content/Collections/' took 0.00s
[2022.01.12-03.39.07:173][  0]LogOcInput: OculusInput pre-init called
[2022.01.12-03.39.07:405][  0]LogEngine: Initializing Engine...
[2022.01.12-03.39.07:406][  0]LogHMD: PokeAHoleMaterial loaded successfully
[2022.01.12-03.39.07:406][  0]LogHMD: Initializing OVRPlugin session
[2022.01.12-03.39.10:235][  0]LogHMD: Allocating Oculus 3200 x 1600 rendertarget swapchain
[2022.01.12-03.39.10:235][  0]LogHMD: Oculus plugin initialized. Version: 4.27.2-18319896+++UE4+Release-4.27, OVRPlugin: 1.59.0
[2022.01.12-03.39.10:237][  0]LogStats: UGameplayTagsManager::InitializeManager -  0.001 s
[2022.01.12-03.39.10:475][  0]LogInit: Initializing FReadOnlyCVARCache
[2022.01.12-03.39.10:498][  0]LogAIModule: Creating AISystem for world Untitled
[2022.01.12-03.39.10:512][  0]LogAudio: Display: Initializing Audio Device Manager...
[2022.01.12-03.39.10:519][  0]LogAudio: Display: Loading Default Audio Settings Objects...
[2022.01.12-03.39.10:520][  0]LogAudio: Display: No default SoundConcurrencyObject specified (or failed to load).
[2022.01.12-03.39.10:521][  0]LogAudio: Display: Audio Device Manager Initialized
[2022.01.12-03.39.10:522][  0]LogAudio: Display: Creating Audio Device:                 Id: 1, Scope: Shared, Realtime: True
[2022.01.12-03.39.10:522][  0]LogAudioMixer: Display: Audio Mixer Platform Settings:
[2022.01.12-03.39.10:522][  0]LogAudioMixer: Display: 	Sample Rate:						  48000
[2022.01.12-03.39.10:522][  0]LogAudioMixer: Display: 	Callback Buffer Frame Size Requested: 1024
[2022.01.12-03.39.10:522][  0]LogAudioMixer: Display: 	Callback Buffer Frame Size To Use:	  1024
[2022.01.12-03.39.10:522][  0]LogAudioMixer: Display: 	Number of buffers to queue:			  2
[2022.01.12-03.39.10:522][  0]LogAudioMixer: Display: 	Max Channels (voices):				  32
[2022.01.12-03.39.10:522][  0]LogAudioMixer: Display: 	Number of Async Source Workers:		  0
[2022.01.12-03.39.10:522][  0]LogAudio: Display: AudioDevice MaxSources: 32
[2022.01.12-03.39.10:523][  0]LogAudio: Display: Audio Spatialization Plugin: None (built-in).
[2022.01.12-03.39.10:523][  0]LogAudio: Display: Audio Reverb Plugin: None (built-in).
[2022.01.12-03.39.10:523][  0]LogAudio: Display: Audio Occlusion Plugin: None (built-in).
[2022.01.12-03.39.10:523][  0]LogAudioMixer: Display: Initializing audio mixer.
[2022.01.12-03.39.10:607][  0]LogAudioMixer: Display: 0: FrontLeft
[2022.01.12-03.39.10:607][  0]LogAudioMixer: Display: 1: FrontRight
[2022.01.12-03.39.10:674][  0]LogAudioMixer: Display: Using Audio Device Headphones (SteelSeries Arctis 5 Game)
[2022.01.12-03.39.10:678][  0]LogAudioMixer: Display: Initializing Sound Submixes...
[2022.01.12-03.39.10:682][  0]LogAudioMixer: Display: Creating Master Submix 'MasterSubmixDefault'
[2022.01.12-03.39.10:682][  0]LogAudioMixer: Display: Creating Master Submix 'MasterReverbSubmixDefault'
[2022.01.12-03.39.10:684][  0]LogAudioMixer: Display: Creating Master Submix 'MasterEQSubmixDefault'
[2022.01.12-03.39.10:684][  0]LogAudioMixer: FMixerPlatformXAudio2::StartAudioStream() called
[2022.01.12-03.39.10:684][  0]LogAudioMixer: Display: Output buffers initialized: Frames=1024, Channels=2, Samples=2048
[2022.01.12-03.39.10:686][  0]LogAudioMixer: Display: Starting AudioMixerPlatformInterface::RunInternal()
[2022.01.12-03.39.10:686][  0]LogAudioMixer: Display: FMixerPlatformXAudio2::SubmitBuffer() called for the first time
[2022.01.12-03.39.10:686][  0]LogInit: FAudioDevice initialized.
[2022.01.12-03.39.10:686][  0]LogAudio: Display: Audio Device (ID: 1) registered with world 'Untitled'.
[2022.01.12-03.39.10:687][  0]LogNetVersion: Set ProjectVersion to 1.0.0.0. Version Checksum will be recalculated on next use.
[2022.01.12-03.39.10:825][  0]LogDerivedDataCache: Saved boot cache 0.14s 99MB C:/Users/Mitch/AppData/Local/UnrealEngine/4.27/DerivedDataCache/Boot.ddc.
[2022.01.12-03.39.10:826][  0]LogInit: Texture streaming: Enabled
[2022.01.12-03.39.10:854][  0]LogAnalytics: Display: [UEEditor.Rocket.Release] APIServer = https://datarouter.ol.epicgames.com/. AppVersion = 4.27.2-18319896+++UE4+Release-4.27
[2022.01.12-03.39.10:862][  0]LogEngineSessionManager: EngineSessionManager initialized
[2022.01.12-03.39.10:862][  0]LogEditorSessionSummary: Verbose: Initializing EditorSessionSummaryWriter for editor session tracking
[2022.01.12-03.39.10:865][  0]LogEditorSessionSummary: EditorSessionSummaryWriter initialized
[2022.01.12-03.39.10:916][  0]LogInit: Transaction tracking system initialized
[2022.01.12-03.39.10:957][  0]BlueprintLog: New page: Editor Load
[2022.01.12-03.39.11:084][  0]LocalizationService: Localization service is disabled
[2022.01.12-03.39.11:133][  0]TimingProfiler: Initialize
[2022.01.12-03.39.11:134][  0]TimingProfiler: OnSessionChanged
[2022.01.12-03.39.11:134][  0]LoadingProfiler: Initialize
[2022.01.12-03.39.11:134][  0]LoadingProfiler: OnSessionChanged
[2022.01.12-03.39.11:134][  0]NetworkingProfiler: Initialize
[2022.01.12-03.39.11:134][  0]NetworkingProfiler: OnSessionChanged
[2022.01.12-03.39.11:134][  0]MemoryProfiler: Initialize
[2022.01.12-03.39.11:134][  0]MemoryProfiler: OnSessionChanged
[2022.01.12-03.39.11:422][  0]LogCook: Display: CookSettings for Memory: MemoryMaxUsedVirtual 0MiB, MemoryMaxUsedPhysical 16384MiB, MemoryMinFreeVirtual 0MiB, MemoryMinFreePhysical 1024MiB
[2022.01.12-03.39.11:422][  0]LogCook: Display: Mobile HDR setting 1
[2022.01.12-03.39.11:432][  0]LogFileCache: Scanning file cache for directory 'E:/Personal Projects/HumanMiniGolfC++/GunMiniGolfC/GunMiniGolfCoded/Content/' took 0.01s
[2022.01.12-03.39.12:012][  0]LogInit: Display: Engine is initialized. Leaving FEngineLoop::Init()
[2022.01.12-03.39.12:018][  0]SourceControl: Source control is disabled
[2022.01.12-03.39.12:018][  0]LogUnrealEdMisc: Loading editor; pre map load, took 12.461
[2022.01.12-03.39.12:018][  0]Cmd: MAP LOAD FILE="E:/Personal Projects/HumanMiniGolfC++/GunMiniGolfC/GunMiniGolfCoded/Content/FirstPersonCPP/Maps/FirstPersonExampleMap.umap" TEMPLATE=0 SHOWPROGRESS=1 FEATURELEVEL=3
[2022.01.12-03.39.12:019][  0]LightingResults: New page: Lighting Build
[2022.01.12-03.39.12:023][  0]LogWorld: UWorld::CleanupWorld for Untitled, bSessionEnded=true, bCleanupResources=true
[2022.01.12-03.39.12:023][  0]LogSlate: InvalidateAllWidgets triggered.  All widgets were invalidated
[2022.01.12-03.39.12:024][  0]MapCheck: New page: Map Check
[2022.01.12-03.39.12:024][  0]LightingResults: New page: Lighting Build
[2022.01.12-03.39.12:037][  0]LogAudio: Display: Audio Device unregistered from world 'None'.
[2022.01.12-03.39.12:047][  0]LogUObjectHash: Compacting FUObjectHashTables data took   2.99ms
[2022.01.12-03.39.12:148][  0]LogAudio: Display: Audio Device (ID: 1) registered with world 'FirstPersonExampleMap'.
[2022.01.12-03.39.12:150][  0]LogAIModule: Creating AISystem for world FirstPersonExampleMap
[2022.01.12-03.39.12:159][  0]LogEditorServer: Finished looking for orphan Actors (0.000 secs)
[2022.01.12-03.39.12:174][  0]LogUObjectHash: Compacting FUObjectHashTables data took   3.07ms
[2022.01.12-03.39.12:175][  0]Cmd: MAP CHECKDEP NOCLEARLOG
[2022.01.12-03.39.12:176][  0]MapCheck: Map check complete: 0 Error(s), 0 Warning(s), took 0.32ms to complete.
[2022.01.12-03.39.12:176][  0]LogFileHelpers: Loading map 'FirstPersonExampleMap' took 0.158
[2022.01.12-03.39.12:184][  0]LogUnrealEdMisc: Total Editor Startup Time, took 12.627
[2022.01.12-03.39.12:429][  0]LogSlate: Updating window title bar state: overlay mode, drag disabled, window buttons hidden, title bar hidden
[2022.01.12-03.39.12:449][  0]LogSlate: Updating window title bar state: overlay mode, drag disabled, window buttons hidden, title bar hidden
[2022.01.12-03.39.12:462][  0]LogSlate: Updating window title bar state: overlay mode, drag disabled, window buttons hidden, title bar hidden
[2022.01.12-03.39.12:478][  0]LogSlate: Updating window title bar state: overlay mode, drag disabled, window buttons hidden, title bar hidden
[2022.01.12-03.39.12:503][  0]LogNativeClassHierarchy: Verbose: Native class hierarchy populated in 0.0160 seconds. Added 3828 classes and 930 folders.
[2022.01.12-03.39.12:508][  0]LogNativeClassHierarchy: Verbose: Native class hierarchy updated for 'WidgetCarousel' in 0.0007 seconds. Added 0 classes and 0 folders.
[2022.01.12-03.39.12:511][  0]LogPakFile: PakFile PrimaryIndexSize=187
[2022.01.12-03.39.12:511][  0]LogPakFile: PakFile PathHashIndexSize=101
[2022.01.12-03.39.12:511][  0]LogPakFile: PakFile FullDirectoryIndexSize=148
[2022.01.12-03.39.12:511][  0]LogShaderLibrary: Display: ShaderCodeLibraryPakFileMountedCallback: PakFile 'C:/UE_4.27/FeaturePacks/FP_FirstPerson.upack' (chunk index -1, root 'root:/') mounted
[2022.01.12-03.39.12:511][  0]LogShaderLibrary: Display: ShaderCodeLibraryPakFileMountedCallback: pending pak file info (ChunkID:-1 Root:root:/ File:C:/UE_4.27/FeaturePacks/FP_FirstPerson.upack)
[2022.01.12-03.39.12:511][  0]LogPakFile: OnPakFileMounted2Time == 0.000075
[2022.01.12-03.39.12:512][  0]LogPakFile: PakFile PrimaryIndexSize=189
[2022.01.12-03.39.12:512][  0]LogPakFile: PakFile PathHashIndexSize=101
[2022.01.12-03.39.12:512][  0]LogPakFile: PakFile FullDirectoryIndexSize=152
[2022.01.12-03.39.12:512][  0]LogShaderLibrary: Display: ShaderCodeLibraryPakFileMountedCallback: PakFile 'C:/UE_4.27/FeaturePacks/FP_FirstPersonBP.upack' (chunk index -1, root 'root:/') mounted
[2022.01.12-03.39.12:512][  0]LogShaderLibrary: Display: ShaderCodeLibraryPakFileMountedCallback: pending pak file info (ChunkID:-1 Root:root:/ File:C:/UE_4.27/FeaturePacks/FP_FirstPersonBP.upack)
[2022.01.12-03.39.12:512][  0]LogPakFile: OnPakFileMounted2Time == 0.000057
[2022.01.12-03.39.12:513][  0]LogPakFile: PakFile PrimaryIndexSize=191
[2022.01.12-03.39.12:513][  0]LogPakFile: PakFile PathHashIndexSize=101
[2022.01.12-03.39.12:513][  0]LogPakFile: PakFile FullDirectoryIndexSize=160
[2022.01.12-03.39.12:513][  0]LogShaderLibrary: Display: ShaderCodeLibraryPakFileMountedCallback: PakFile 'C:/UE_4.27/FeaturePacks/MobileStarterContent.upack' (chunk index -1, root 'root:/') mounted
[2022.01.12-03.39.12:513][  0]LogShaderLibrary: Display: ShaderCodeLibraryPakFileMountedCallback: pending pak file info (ChunkID:-1 Root:root:/ File:C:/UE_4.27/FeaturePacks/MobileStarterContent.upack)
[2022.01.12-03.39.12:513][  0]LogPakFile: OnPakFileMounted2Time == 0.000056
[2022.01.12-03.39.12:514][  0]LogPakFile: PakFile PrimaryIndexSize=185
[2022.01.12-03.39.12:515][  0]LogPakFile: PakFile PathHashIndexSize=101
[2022.01.12-03.39.12:515][  0]LogPakFile: PakFile FullDirectoryIndexSize=148
[2022.01.12-03.39.12:515][  0]LogShaderLibrary: Display: ShaderCodeLibraryPakFileMountedCallback: PakFile 'C:/UE_4.27/FeaturePacks/StarterContent.upack' (chunk index -1, root 'root:/') mounted
[2022.01.12-03.39.12:515][  0]LogShaderLibrary: Display: ShaderCodeLibraryPakFileMountedCallback: pending pak file info (ChunkID:-1 Root:root:/ File:C:/UE_4.27/FeaturePacks/StarterContent.upack)
[2022.01.12-03.39.12:515][  0]LogPakFile: OnPakFileMounted2Time == 0.000044
[2022.01.12-03.39.12:516][  0]LogPakFile: PakFile PrimaryIndexSize=190
[2022.01.12-03.39.12:516][  0]LogPakFile: PakFile PathHashIndexSize=101
[2022.01.12-03.39.12:516][  0]LogPakFile: PakFile FullDirectoryIndexSize=154
[2022.01.12-03.39.12:516][  0]LogShaderLibrary: Display: ShaderCodeLibraryPakFileMountedCallback: PakFile 'C:/UE_4.27/FeaturePacks/TP_2DSideScroller.upack' (chunk index -1, root 'root:/') mounted
[2022.01.12-03.39.12:516][  0]LogShaderLibrary: Display: ShaderCodeLibraryPakFileMountedCallback: pending pak file info (ChunkID:-1 Root:root:/ File:C:/UE_4.27/FeaturePacks/TP_2DSideScroller.upack)
[2022.01.12-03.39.12:516][  0]LogPakFile: OnPakFileMounted2Time == 0.000055
[2022.01.12-03.39.12:516][  0]LogPakFile: PakFile PrimaryIndexSize=192
[2022.01.12-03.39.12:516][  0]LogPakFile: PakFile PathHashIndexSize=101
[2022.01.12-03.39.12:516][  0]LogPakFile: PakFile FullDirectoryIndexSize=158
[2022.01.12-03.39.12:516][  0]LogShaderLibrary: Display: ShaderCodeLibraryPakFileMountedCallback: PakFile 'C:/UE_4.27/FeaturePacks/TP_2DSideScrollerBP.upack' (chunk index -1, root 'root:/') mounted
[2022.01.12-03.39.12:516][  0]LogShaderLibrary: Display: ShaderCodeLibraryPakFileMountedCallback: pending pak file info (ChunkID:-1 Root:root:/ File:C:/UE_4.27/FeaturePacks/TP_2DSideScrollerBP.upack)
[2022.01.12-03.39.12:516][  0]LogPakFile: OnPakFileMounted2Time == 0.000029
[2022.01.12-03.39.12:517][  0]LogPakFile: PakFile PrimaryIndexSize=182
[2022.01.12-03.39.12:517][  0]LogPakFile: PakFile PathHashIndexSize=101
[2022.01.12-03.39.12:517][  0]LogPakFile: PakFile FullDirectoryIndexSize=138
[2022.01.12-03.39.12:517][  0]LogShaderLibrary: Display: ShaderCodeLibraryPakFileMountedCallback: PakFile 'C:/UE_4.27/FeaturePacks/TP_Flying.upack' (chunk index -1, root 'root:/') mounted
[2022.01.12-03.39.12:517][  0]LogShaderLibrary: Display: ShaderCodeLibraryPakFileMountedCallback: pending pak file info (ChunkID:-1 Root:root:/ File:C:/UE_4.27/FeaturePacks/TP_Flying.upack)
[2022.01.12-03.39.12:517][  0]LogPakFile: OnPakFileMounted2Time == 0.000033
[2022.01.12-03.39.12:518][  0]LogPakFile: PakFile PrimaryIndexSize=184
[2022.01.12-03.39.12:518][  0]LogPakFile: PakFile PathHashIndexSize=101
[2022.01.12-03.39.12:518][  0]LogPakFile: PakFile FullDirectoryIndexSize=142
[2022.01.12-03.39.12:518][  0]LogShaderLibrary: Display: ShaderCodeLibraryPakFileMountedCallback: PakFile 'C:/UE_4.27/FeaturePacks/TP_FlyingBP.upack' (chunk index -1, root 'root:/') mounted
[2022.01.12-03.39.12:518][  0]LogShaderLibrary: Display: ShaderCodeLibraryPakFileMountedCallback: pending pak file info (ChunkID:-1 Root:root:/ File:C:/UE_4.27/FeaturePacks/TP_FlyingBP.upack)
[2022.01.12-03.39.12:518][  0]LogPakFile: OnPakFileMounted2Time == 0.000028
[2022.01.12-03.39.12:519][  0]LogPakFile: PakFile PrimaryIndexSize=188
[2022.01.12-03.39.12:519][  0]LogPakFile: PakFile PathHashIndexSize=101
[2022.01.12-03.39.12:519][  0]LogPakFile: PakFile FullDirectoryIndexSize=150
[2022.01.12-03.39.12:519][  0]LogShaderLibrary: Display: ShaderCodeLibraryPakFileMountedCallback: PakFile 'C:/UE_4.27/FeaturePacks/TP_HandheldARBP.upack' (chunk index -1, root 'root:/') mounted
[2022.01.12-03.39.12:519][  0]LogShaderLibrary: Display: ShaderCodeLibraryPakFileMountedCallback: pending pak file info (ChunkID:-1 Root:root:/ File:C:/UE_4.27/FeaturePacks/TP_HandheldARBP.upack)
[2022.01.12-03.39.12:519][  0]LogPakFile: OnPakFileMounted2Time == 0.000031
[2022.01.12-03.39.12:520][  0]LogPakFile: PakFile PrimaryIndexSize=182
[2022.01.12-03.39.12:520][  0]LogPakFile: PakFile PathHashIndexSize=101
[2022.01.12-03.39.12:520][  0]LogPakFile: PakFile FullDirectoryIndexSize=138
[2022.01.12-03.39.12:520][  0]LogShaderLibrary: Display: ShaderCodeLibraryPakFileMountedCallback: PakFile 'C:/UE_4.27/FeaturePacks/TP_Puzzle.upack' (chunk index -1, root 'root:/') mounted
[2022.01.12-03.39.12:520][  0]LogShaderLibrary: Display: ShaderCodeLibraryPakFileMountedCallback: pending pak file info (ChunkID:-1 Root:root:/ File:C:/UE_4.27/FeaturePacks/TP_Puzzle.upack)
[2022.01.12-03.39.12:520][  0]LogPakFile: OnPakFileMounted2Time == 0.000027
[2022.01.12-03.39.12:521][  0]LogPakFile: PakFile PrimaryIndexSize=184
[2022.01.12-03.39.12:521][  0]LogPakFile: PakFile PathHashIndexSize=101
[2022.01.12-03.39.12:521][  0]LogPakFile: PakFile FullDirectoryIndexSize=142
[2022.01.12-03.39.12:521][  0]LogShaderLibrary: Display: ShaderCodeLibraryPakFileMountedCallback: PakFile 'C:/UE_4.27/FeaturePacks/TP_PuzzleBP.upack' (chunk index -1, root 'root:/') mounted
[2022.01.12-03.39.12:521][  0]LogShaderLibrary: Display: ShaderCodeLibraryPakFileMountedCallback: pending pak file info (ChunkID:-1 Root:root:/ File:C:/UE_4.27/FeaturePacks/TP_PuzzleBP.upack)
[2022.01.12-03.39.12:521][  0]LogPakFile: OnPakFileMounted2Time == 0.000028
[2022.01.12-03.39.12:522][  0]LogPakFile: PakFile PrimaryIndexSize=183
[2022.01.12-03.39.12:522][  0]LogPakFile: PakFile PathHashIndexSize=101
[2022.01.12-03.39.12:522][  0]LogPakFile: PakFile FullDirectoryIndexSize=140
[2022.01.12-03.39.12:522][  0]LogShaderLibrary: Display: ShaderCodeLibraryPakFileMountedCallback: PakFile 'C:/UE_4.27/FeaturePacks/TP_Rolling.upack' (chunk index -1, root 'root:/') mounted
[2022.01.12-03.39.12:522][  0]LogShaderLibrary: Display: ShaderCodeLibraryPakFileMountedCallback: pending pak file info (ChunkID:-1 Root:root:/ File:C:/UE_4.27/FeaturePacks/TP_Rolling.upack)
[2022.01.12-03.39.12:522][  0]LogPakFile: OnPakFileMounted2Time == 0.000040
[2022.01.12-03.39.12:523][  0]LogPakFile: PakFile PrimaryIndexSize=185
[2022.01.12-03.39.12:523][  0]LogPakFile: PakFile PathHashIndexSize=101
[2022.01.12-03.39.12:523][  0]LogPakFile: PakFile FullDirectoryIndexSize=144
[2022.01.12-03.39.12:523][  0]LogShaderLibrary: Display: ShaderCodeLibraryPakFileMountedCallback: PakFile 'C:/UE_4.27/FeaturePacks/TP_RollingBP.upack' (chunk index -1, root 'root:/') mounted
[2022.01.12-03.39.12:523][  0]LogShaderLibrary: Display: ShaderCodeLibraryPakFileMountedCallback: pending pak file info (ChunkID:-1 Root:root:/ File:C:/UE_4.27/FeaturePacks/TP_RollingBP.upack)
[2022.01.12-03.39.12:523][  0]LogPakFile: OnPakFileMounted2Time == 0.000068
[2022.01.12-03.39.12:524][  0]LogPakFile: PakFile PrimaryIndexSize=188
[2022.01.12-03.39.12:524][  0]LogPakFile: PakFile PathHashIndexSize=101
[2022.01.12-03.39.12:524][  0]LogPakFile: PakFile FullDirectoryIndexSize=150
[2022.01.12-03.39.12:524][  0]LogShaderLibrary: Display: ShaderCodeLibraryPakFileMountedCallback: PakFile 'C:/UE_4.27/FeaturePacks/TP_SideScroller.upack' (chunk index -1, root 'root:/') mounted
[2022.01.12-03.39.12:524][  0]LogShaderLibrary: Display: ShaderCodeLibraryPakFileMountedCallback: pending pak file info (ChunkID:-1 Root:root:/ File:C:/UE_4.27/FeaturePacks/TP_SideScroller.upack)
[2022.01.12-03.39.12:524][  0]LogPakFile: OnPakFileMounted2Time == 0.000035
[2022.01.12-03.39.12:525][  0]LogPakFile: PakFile PrimaryIndexSize=190
[2022.01.12-03.39.12:525][  0]LogPakFile: PakFile PathHashIndexSize=101
[2022.01.12-03.39.12:525][  0]LogPakFile: PakFile FullDirectoryIndexSize=154
[2022.01.12-03.39.12:525][  0]LogShaderLibrary: Display: ShaderCodeLibraryPakFileMountedCallback: PakFile 'C:/UE_4.27/FeaturePacks/TP_SideScrollerBP.upack' (chunk index -1, root 'root:/') mounted
[2022.01.12-03.39.12:525][  0]LogShaderLibrary: Display: ShaderCodeLibraryPakFileMountedCallback: pending pak file info (ChunkID:-1 Root:root:/ File:C:/UE_4.27/FeaturePacks/TP_SideScrollerBP.upack)
[2022.01.12-03.39.12:525][  0]LogPakFile: OnPakFileMounted2Time == 0.000036
[2022.01.12-03.39.12:526][  0]LogPakFile: PakFile PrimaryIndexSize=187
[2022.01.12-03.39.12:526][  0]LogPakFile: PakFile PathHashIndexSize=101
[2022.01.12-03.39.12:526][  0]LogPakFile: PakFile FullDirectoryIndexSize=148
[2022.01.12-03.39.12:526][  0]LogShaderLibrary: Display: ShaderCodeLibraryPakFileMountedCallback: PakFile 'C:/UE_4.27/FeaturePacks/TP_ThirdPerson.upack' (chunk index -1, root 'root:/') mounted
[2022.01.12-03.39.12:526][  0]LogShaderLibrary: Display: ShaderCodeLibraryPakFileMountedCallback: pending pak file info (ChunkID:-1 Root:root:/ File:C:/UE_4.27/FeaturePacks/TP_ThirdPerson.upack)
[2022.01.12-03.39.12:526][  0]LogPakFile: OnPakFileMounted2Time == 0.000063
[2022.01.12-03.39.12:527][  0]LogPakFile: PakFile PrimaryIndexSize=189
[2022.01.12-03.39.12:527][  0]LogPakFile: PakFile PathHashIndexSize=101
[2022.01.12-03.39.12:527][  0]LogPakFile: PakFile FullDirectoryIndexSize=152
[2022.01.12-03.39.12:527][  0]LogShaderLibrary: Display: ShaderCodeLibraryPakFileMountedCallback: PakFile 'C:/UE_4.27/FeaturePacks/TP_ThirdPersonBP.upack' (chunk index -1, root 'root:/') mounted
[2022.01.12-03.39.12:527][  0]LogShaderLibrary: Display: ShaderCodeLibraryPakFileMountedCallback: pending pak file info (ChunkID:-1 Root:root:/ File:C:/UE_4.27/FeaturePacks/TP_ThirdPersonBP.upack)
[2022.01.12-03.39.12:527][  0]LogPakFile: OnPakFileMounted2Time == 0.000043
[2022.01.12-03.39.12:528][  0]LogPakFile: PakFile PrimaryIndexSize=183
[2022.01.12-03.39.12:528][  0]LogPakFile: PakFile PathHashIndexSize=101
[2022.01.12-03.39.12:528][  0]LogPakFile: PakFile FullDirectoryIndexSize=140
[2022.01.12-03.39.12:528][  0]LogShaderLibrary: Display: ShaderCodeLibraryPakFileMountedCallback: PakFile 'C:/UE_4.27/FeaturePacks/TP_TopDown.upack' (chunk index -1, root 'root:/') mounted
[2022.01.12-03.39.12:528][  0]LogShaderLibrary: Display: ShaderCodeLibraryPakFileMountedCallback: pending pak file info (ChunkID:-1 Root:root:/ File:C:/UE_4.27/FeaturePacks/TP_TopDown.upack)
[2022.01.12-03.39.12:528][  0]LogPakFile: OnPakFileMounted2Time == 0.000064
[2022.01.12-03.39.12:530][  0]LogPakFile: PakFile PrimaryIndexSize=185
[2022.01.12-03.39.12:530][  0]LogPakFile: PakFile PathHashIndexSize=101
[2022.01.12-03.39.12:530][  0]LogPakFile: PakFile FullDirectoryIndexSize=144
[2022.01.12-03.39.12:530][  0]LogShaderLibrary: Display: ShaderCodeLibraryPakFileMountedCallback: PakFile 'C:/UE_4.27/FeaturePacks/TP_TopDownBP.upack' (chunk index -1, root 'root:/') mounted
[2022.01.12-03.39.12:530][  0]LogShaderLibrary: Display: ShaderCodeLibraryPakFileMountedCallback: pending pak file info (ChunkID:-1 Root:root:/ File:C:/UE_4.27/FeaturePacks/TP_TopDownBP.upack)
[2022.01.12-03.39.12:530][  0]LogPakFile: OnPakFileMounted2Time == 0.000072
[2022.01.12-03.39.12:531][  0]LogPakFile: PakFile PrimaryIndexSize=185
[2022.01.12-03.39.12:531][  0]LogPakFile: PakFile PathHashIndexSize=101
[2022.01.12-03.39.12:531][  0]LogPakFile: PakFile FullDirectoryIndexSize=144
[2022.01.12-03.39.12:531][  0]LogShaderLibrary: Display: ShaderCodeLibraryPakFileMountedCallback: PakFile 'C:/UE_4.27/FeaturePacks/TP_TwinStick.upack' (chunk index -1, root 'root:/') mounted
[2022.01.12-03.39.12:531][  0]LogShaderLibrary: Display: ShaderCodeLibraryPakFileMountedCallback: pending pak file info (ChunkID:-1 Root:root:/ File:C:/UE_4.27/FeaturePacks/TP_TwinStick.upack)
[2022.01.12-03.39.12:531][  0]LogPakFile: OnPakFileMounted2Time == 0.000075
[2022.01.12-03.39.12:532][  0]LogPakFile: PakFile PrimaryIndexSize=187
[2022.01.12-03.39.12:532][  0]LogPakFile: PakFile PathHashIndexSize=101
[2022.01.12-03.39.12:532][  0]LogPakFile: PakFile FullDirectoryIndexSize=148
[2022.01.12-03.39.12:532][  0]LogShaderLibrary: Display: ShaderCodeLibraryPakFileMountedCallback: PakFile 'C:/UE_4.27/FeaturePacks/TP_TwinStickBP.upack' (chunk index -1, root 'root:/') mounted
[2022.01.12-03.39.12:532][  0]LogShaderLibrary: Display: ShaderCodeLibraryPakFileMountedCallback: pending pak file info (ChunkID:-1 Root:root:/ File:C:/UE_4.27/FeaturePacks/TP_TwinStickBP.upack)
[2022.01.12-03.39.12:532][  0]LogPakFile: OnPakFileMounted2Time == 0.000047
[2022.01.12-03.39.12:533][  0]LogPakFile: PakFile PrimaryIndexSize=183
[2022.01.12-03.39.12:533][  0]LogPakFile: PakFile PathHashIndexSize=101
[2022.01.12-03.39.12:533][  0]LogPakFile: PakFile FullDirectoryIndexSize=140
[2022.01.12-03.39.12:533][  0]LogShaderLibrary: Display: ShaderCodeLibraryPakFileMountedCallback: PakFile 'C:/UE_4.27/FeaturePacks/TP_Vehicle.upack' (chunk index -1, root 'root:/') mounted
[2022.01.12-03.39.12:533][  0]LogShaderLibrary: Display: ShaderCodeLibraryPakFileMountedCallback: pending pak file info (ChunkID:-1 Root:root:/ File:C:/UE_4.27/FeaturePacks/TP_Vehicle.upack)
[2022.01.12-03.39.12:533][  0]LogPakFile: OnPakFileMounted2Time == 0.000058
[2022.01.12-03.39.12:535][  0]LogPakFile: PakFile PrimaryIndexSize=186
[2022.01.12-03.39.12:535][  0]LogPakFile: PakFile PathHashIndexSize=101
[2022.01.12-03.39.12:535][  0]LogPakFile: PakFile FullDirectoryIndexSize=146
[2022.01.12-03.39.12:535][  0]LogShaderLibrary: Display: ShaderCodeLibraryPakFileMountedCallback: PakFile 'C:/UE_4.27/FeaturePacks/TP_VehicleAdv.upack' (chunk index -1, root 'root:/') mounted
[2022.01.12-03.39.12:535][  0]LogShaderLibrary: Display: ShaderCodeLibraryPakFileMountedCallback: pending pak file info (ChunkID:-1 Root:root:/ File:C:/UE_4.27/FeaturePacks/TP_VehicleAdv.upack)
[2022.01.12-03.39.12:535][  0]LogPakFile: OnPakFileMounted2Time == 0.000057
[2022.01.12-03.39.12:536][  0]LogPakFile: PakFile PrimaryIndexSize=188
[2022.01.12-03.39.12:536][  0]LogPakFile: PakFile PathHashIndexSize=101
[2022.01.12-03.39.12:536][  0]LogPakFile: PakFile FullDirectoryIndexSize=150
[2022.01.12-03.39.12:536][  0]LogShaderLibrary: Display: ShaderCodeLibraryPakFileMountedCallback: PakFile 'C:/UE_4.27/FeaturePacks/TP_VehicleAdvBP.upack' (chunk index -1, root 'root:/') mounted
[2022.01.12-03.39.12:536][  0]LogShaderLibrary: Display: ShaderCodeLibraryPakFileMountedCallback: pending pak file info (ChunkID:-1 Root:root:/ File:C:/UE_4.27/FeaturePacks/TP_VehicleAdvBP.upack)
[2022.01.12-03.39.12:536][  0]LogPakFile: OnPakFileMounted2Time == 0.000057
[2022.01.12-03.39.12:538][  0]LogPakFile: PakFile PrimaryIndexSize=185
[2022.01.12-03.39.12:538][  0]LogPakFile: PakFile PathHashIndexSize=101
[2022.01.12-03.39.12:538][  0]LogPakFile: PakFile FullDirectoryIndexSize=144
[2022.01.12-03.39.12:538][  0]LogShaderLibrary: Display: ShaderCodeLibraryPakFileMountedCallback: PakFile 'C:/UE_4.27/FeaturePacks/TP_VehicleBP.upack' (chunk index -1, root 'root:/') mounted
[2022.01.12-03.39.12:538][  0]LogShaderLibrary: Display: ShaderCodeLibraryPakFileMountedCallback: pending pak file info (ChunkID:-1 Root:root:/ File:C:/UE_4.27/FeaturePacks/TP_VehicleBP.upack)
[2022.01.12-03.39.12:538][  0]LogPakFile: OnPakFileMounted2Time == 0.000059
[2022.01.12-03.39.12:539][  0]LogPakFile: PakFile PrimaryIndexSize=192
[2022.01.12-03.39.12:539][  0]LogPakFile: PakFile PathHashIndexSize=101
[2022.01.12-03.39.12:539][  0]LogPakFile: PakFile FullDirectoryIndexSize=158
[2022.01.12-03.39.12:539][  0]LogShaderLibrary: Display: ShaderCodeLibraryPakFileMountedCallback: PakFile 'C:/UE_4.27/FeaturePacks/TP_VirtualRealityBP.upack' (chunk index -1, root 'root:/') mounted
[2022.01.12-03.39.12:539][  0]LogShaderLibrary: Display: ShaderCodeLibraryPakFileMountedCallback: pending pak file info (ChunkID:-1 Root:root:/ File:C:/UE_4.27/FeaturePacks/TP_VirtualRealityBP.upack)
[2022.01.12-03.39.12:539][  0]LogPakFile: OnPakFileMounted2Time == 0.000049
[2022.01.12-03.39.12:639][  0]LogNativeClassHierarchy: Verbose: Native class hierarchy updated for 'AddContentDialog' in 0.0006 seconds. Added 0 classes and 0 folders.
[2022.01.12-03.39.12:641][  0]LogNativeClassHierarchy: Verbose: Native class hierarchy updated for 'SceneOutliner' in 0.0006 seconds. Added 2 classes and 0 folders.
[2022.01.12-03.39.12:795][  0]LogNativeClassHierarchy: Verbose: Native class hierarchy updated for 'HierarchicalLODOutliner' in 0.0006 seconds. Added 0 classes and 0 folders.
[2022.01.12-03.39.12:795][  0]LogLoad: (Engine Initialization) Total time: 13.24 seconds
[2022.01.12-03.39.12:795][  0]LogLoad: (Engine Initialization) Total Blueprint compile time: 0.00 seconds
[2022.01.12-03.39.12:806][  0]LogOcInput: OculusInput is initialized
[2022.01.12-03.39.12:852][  0]LogAssetRegistry: Asset discovery search completed in 8.4805 seconds
[2022.01.12-03.39.12:861][  0]LogCollectionManager: Fixed up redirectors for 0 collections in 0.000007 seconds (updated 0 objects)
[2022.01.12-03.39.12:862][  0]LogContentStreaming: Texture pool size now 1000 MB
[2022.01.12-03.39.12:875][  0]LogSlate: Took 0.000426 seconds to synchronously load lazily loaded font '../../../Engine/Content/Slate/Fonts/Roboto-Regular.ttf' (155K)
[2022.01.12-03.39.12:877][  0]LogSlate: Took 0.000375 seconds to synchronously load lazily loaded font '../../../Engine/Content/Editor/Slate/Fonts/FontAwesome.ttf' (139K)
[2022.01.12-03.39.12:879][  0]LogSlate: Took 0.000331 seconds to synchronously load lazily loaded font '../../../Engine/Content/Slate/Fonts/Roboto-Bold.ttf' (160K)
[2022.01.12-03.39.13:059][  0]LogRenderer: Reallocating scene render targets to support 804x360 Format 10 NumSamples 1 (Frame:1).
[2022.01.12-03.39.16:930][210]LogSlate: Window 'Message Log' being destroyed
[2022.01.12-03.41.48:883][228]LogSlate: Took 0.000299 seconds to synchronously load lazily loaded font '../../../Engine/Content/Slate/Fonts/Roboto-Italic.ttf' (157K)
[2022.01.12-03.41.50:624][256]LogRenderer: Reallocating scene render targets to support 1204x572 Format 10 NumSamples 1 (Frame:1866).
[2022.01.12-03.41.55:286][486]LogDirectoryWatcher: Display: A directory notification failed for 'E:/Personal Projects/HumanMiniGolfC++/GunMiniGolfC/GunMiniGolfCoded/Content/Collections/' because it could not be accessed. Aborting watch request...
[2022.01.12-03.41.55:286][486]LogDirectoryWatcher: Display: A directory notification failed for 'E:/Personal Projects/HumanMiniGolfC++/GunMiniGolfC/GunMiniGolfCoded/Content/Developers/Mitch/Collections/' because it could not be accessed. Aborting watch request...
[2022.01.12-03.41.56:279][495]LogDirectoryWatcher: Display: A directory notification failed for 'E:/Personal Projects/HumanMiniGolfC++/GunMiniGolfC/GunMiniGolfCoded/Saved/Collections/' because it could not be accessed. Aborting watch request...
