Log file open, 01/10/22 19:36:03
LogWindows: Failed to load 'aqProf.dll' (GetLastError=126)
LogWindows: File 'aqProf.dll' does not exist
LogWindows: Failed to load 'VtuneApi.dll' (GetLastError=126)
LogWindows: File 'VtuneApi.dll' does not exist
LogWindows: Failed to load 'VtuneApi32e.dll' (GetLastError=126)
LogWindows: File 'VtuneApi32e.dll' does not exist
LogConsoleResponse: Display: Failed to find resolution value strings in scalability ini. Falling back to default.
LogConsoleResponse: Display: Failed to find resolution value strings in scalability ini. Falling back to default.
LogInit: Display: Running engine for game: GunMiniGolfCoded
LogPlatformFile: Not using cached read wrapper
LogTaskGraph: Started task graph with 5 named threads and 26 total threads with 3 sets of task threads.
LogStats: Stats thread started at 0.312266
LogICUInternationalization: ICU TimeZone Detection - Raw Offset: -7:00, Platform Override: ''
LogInit: Display: Loading text-based GConfig....
LogPluginManager: Mounting plugin MeshPainting
LogPluginManager: Mounting plugin XGEController
LogPluginManager: Mounting plugin AISupport
LogPluginManager: Mounting plugin Paper2D
LogPluginManager: Mounting plugin LiveLink
LogPluginManager: Mounting plugin EnvironmentQueryEditor
LogPluginManager: Mounting plugin CameraShakePreviewer
LogPluginManager: Mounting plugin GameplayCameras
LogPluginManager: Mounting plugin OodleData
LogPluginManager: Mounting plugin OodleNetwork
LogPluginManager: Mounting plugin AssetManagerEditor
LogPluginManager: Mounting plugin CryptoKeys
LogPluginManager: Mounting plugin DataValidation
LogPluginManager: Mounting plugin FacialAnimation
LogPluginManager: Mounting plugin GeometryMode
LogPluginManager: Mounting plugin GameplayTagsEditor
LogPluginManager: Mounting plugin MacGraphicsSwitching
LogPluginManager: Mounting plugin MaterialAnalyzer
LogPluginManager: Mounting plugin PluginBrowser
LogPluginManager: Mounting plugin MobileLauncherProfileWizard
LogPluginManager: Mounting plugin SpeedTreeImporter
LogPluginManager: Mounting plugin DatasmithContent
LogPluginManager: Mounting plugin CurveEditorTools
LogPluginManager: Mounting plugin AlembicImporter
LogPluginManager: Mounting plugin AutomationUtils
LogPluginManager: Mounting plugin BackChannel
LogPluginManager: Mounting plugin ChaosClothEditor
LogPluginManager: Mounting plugin ChaosCloth
LogPluginManager: Mounting plugin ChaosEditor
LogPluginManager: Mounting plugin ChaosNiagara
LogPluginManager: Mounting plugin ChaosSolverPlugin
LogPluginManager: Mounting plugin Niagara
LogPluginManager: Mounting plugin VariantManagerContent
LogPluginManager: Mounting plugin CharacterAI
LogPluginManager: Mounting plugin GeometryCache
LogPluginManager: Mounting plugin GeometryCollectionPlugin
LogPluginManager: Mounting plugin GeometryProcessing
LogPluginManager: Mounting plugin MotoSynth
LogPluginManager: Mounting plugin OpenImageDenoise
LogPluginManager: Mounting plugin PlanarCut
LogPluginManager: Mounting plugin PlatformCrypto
LogPluginManager: Mounting plugin PythonScriptPlugin
LogPluginManager: Mounting plugin AnimationSharing
LogPluginManager: Mounting plugin CLionSourceCodeAccess
LogPluginManager: Mounting plugin CodeLiteSourceCodeAccess
LogPluginManager: Mounting plugin GitSourceControl
LogPluginManager: Mounting plugin KDevelopSourceCodeAccess
LogPluginManager: Mounting plugin NullSourceCodeAccess
LogPluginManager: Mounting plugin PerforceSourceControl
LogPluginManager: Mounting plugin PixWinPlugin
LogPluginManager: Mounting plugin PlasticSourceControl
LogPluginManager: Mounting plugin PropertyAccessNode
LogPluginManager: Mounting plugin PluginUtils
LogPluginManager: Mounting plugin SubversionSourceControl
LogPluginManager: Mounting plugin RiderSourceCodeAccess
LogPluginManager: Mounting plugin TextureFormatOodle
LogPluginManager: Mounting plugin UObjectPlugin
LogPluginManager: Mounting plugin VisualStudioSourceCodeAccess
LogPluginManager: Mounting plugin MagicLeap
LogPluginManager: Mounting plugin LuminPlatformFeatures
LogPluginManager: Mounting plugin MagicLeapLightEstimation
LogPluginManager: Mounting plugin XCodeSourceCodeAccess
LogPluginManager: Mounting plugin MagicLeapMedia
LogPluginManager: Mounting plugin MagicLeapPassableWorld
LogPluginManager: Mounting plugin MLSDK
LogPluginManager: Mounting plugin AndroidMedia
LogPluginManager: Mounting plugin AvfMedia
LogPluginManager: Mounting plugin VisualStudioCodeSourceCodeAccess
LogPluginManager: Mounting plugin MediaCompositing
LogPluginManager: Mounting plugin ImgMedia
LogPluginManager: Mounting plugin ProxyLODPlugin
LogPluginManager: Mounting plugin SkeletalReduction
LogPluginManager: Mounting plugin MediaPlayerEditor
LogPluginManager: Mounting plugin WmfMedia
LogPluginManager: Mounting plugin WebMMedia
LogPluginManager: Mounting plugin UdpMessaging
LogPluginManager: Mounting plugin TcpMessaging
LogPluginManager: Mounting plugin ActorSequence
LogPluginManager: Mounting plugin LevelSequenceEditor
LogPluginManager: Mounting plugin MatineeToLevelSequence
LogPluginManager: Mounting plugin TemplateSequence
LogPluginManager: Mounting plugin OnlineSubsystem
LogPluginManager: Mounting plugin OnlineSubsystemNull
LogPluginManager: Mounting plugin OnlineSubsystemUtils
LogPluginManager: Mounting plugin LauncherChunkInstaller
LogPluginManager: Mounting plugin ActorLayerUtilities
LogPluginManager: Mounting plugin AndroidDeviceProfileSelector
LogPluginManager: Mounting plugin AndroidMoviePlayer
LogPluginManager: Mounting plugin AndroidPermission
LogPluginManager: Mounting plugin AppleImageUtils
LogPluginManager: Mounting plugin AppleMoviePlayer
LogPluginManager: Mounting plugin ArchVisCharacter
LogPluginManager: Mounting plugin AssetTags
LogPluginManager: Mounting plugin AudioCapture
LogPluginManager: Mounting plugin AudioSynesthesia
LogPluginManager: Mounting plugin ChunkDownloader
LogPluginManager: Mounting plugin CableComponent
LogPluginManager: Mounting plugin CustomMeshComponent
LogPluginManager: Mounting plugin EditableMesh
LogPluginManager: Mounting plugin ExampleDeviceProfileSelector
LogPluginManager: Mounting plugin GoogleCloudMessaging
LogPluginManager: Mounting plugin GooglePAD
LogPluginManager: Mounting plugin IOSDeviceProfileSelector
LogPluginManager: Mounting plugin LinuxDeviceProfileSelector
LogPluginManager: Mounting plugin LocationServicesBPLibrary
LogPluginManager: Mounting plugin ScreenshotTools
LogPluginManager: Mounting plugin MobilePatchingUtils
LogPluginManager: Mounting plugin OpenXREyeTracker
LogPluginManager: Mounting plugin OpenXR
LogPluginManager: Mounting plugin OpenXRHandTracking
LogPluginManager: Mounting plugin PhysXVehicles
LogPluginManager: Mounting plugin PostSplashScreen
LogPluginManager: Mounting plugin PropertyAccessEditor
LogPluginManager: Mounting plugin ProceduralMeshComponent
LogPluginManager: Mounting plugin RuntimePhysXCooking
LogPluginManager: Mounting plugin SignificanceManager
LogPluginManager: Mounting plugin SoundFields
LogPluginManager: Mounting plugin Synthesis
LogPluginManager: Mounting plugin WebMMoviePlayer
LogPluginManager: Mounting plugin WindowsMoviePlayer
LogPluginManager: Mounting plugin Takes
LogPluginManager: Mounting plugin LightPropagationVolume
LogPluginManager: Mounting plugin ContentBrowserAssetDataSource
LogPluginManager: Mounting plugin ContentBrowserClassDataSource
LogPluginManager: Mounting plugin ContentBrowserFileDataSource
LogPluginManager: Mounting plugin OnlineSubsystemGooglePlay
LogPluginManager: Mounting plugin OnlineSubsystemIOS
LogPluginManager: Mounting plugin OculusVR
LogPluginManager: Mounting plugin SteamVR
PixWinPlugin: PIX capture plugin failed to initialize! Check that the process is launched from PIX.
LogInit: Using libcurl 7.55.1-DEV
LogInit:  - built for x86_64-pc-win32
LogInit:  - supports SSL with OpenSSL/1.1.1
LogInit:  - supports HTTP deflate (compression) using libz 1.2.8
LogInit:  - other features:
LogInit:      CURL_VERSION_SSL
LogInit:      CURL_VERSION_LIBZ
LogInit:      CURL_VERSION_IPV6
LogInit:      CURL_VERSION_ASYNCHDNS
LogInit:      CURL_VERSION_LARGEFILE
LogInit:      CURL_VERSION_IDN
LogInit:  CurlRequestOptions (configurable via config and command line):
LogInit:  - bVerifyPeer = true  - Libcurl will verify peer certificate
LogInit:  - bUseHttpProxy = false  - Libcurl will NOT use HTTP proxy
LogInit:  - bDontReuseConnections = false  - Libcurl will reuse connections
LogInit:  - MaxHostConnections = 16  - Libcurl will limit the number of connections to a host
LogInit:  - LocalHostAddr = Default
LogInit:  - BufferSize = 65536
LogOnline: OSS: Creating online subsystem instance for: NULL
LogInit: WinSock: version 1.1 (2.2), MaxSocks=32767, MaxUdp=65467
LogOnline: OSS: TryLoadSubsystemAndSetDefault: Loaded subsystem for module [NULL]
LogOculusPluginWrapper: OculusPlugin initialized successfully
LogHMD: FOculusHMDModule PreInit successfully
LogInit: Build: ++UE4+Release-4.27-CL-18319896
LogInit: Engine Version: 4.27.2-18319896+++UE4+Release-4.27
LogInit: Compatible Engine Version: 4.27.0-17155196+++UE4+Release-4.27
LogInit: Net CL: 17155196
LogInit: OS: Windows 10 (Release 2009) (), CPU: Intel(R) Core(TM) i7-9700K CPU @ 3.60GHz, GPU: NVIDIA GeForce RTX 2060
LogInit: Compiled (64-bit): Nov 30 2021 07:12:08
LogInit: Compiled with Visual C++: 19.24.28315.00
LogInit: Build Configuration: Development
LogInit: Branch Name: ++UE4+Release-4.27
LogInit: Command Line:  -EpicPortal -epicusername=slvr13 -epicuserid=02daed237b3343449dd99d8b9cbcd57f -epiclocale=en -epicsandboxid=ue
LogInit: Base Directory: C:/UE_4.27/Engine/Binaries/Win64/
LogInit: Allocator: TBB
LogInit: Installed Engine Build: 1
LogDevObjectVersion: Number of dev versions registered: 29
LogDevObjectVersion:   Dev-Blueprints (B0D832E4-1F89-4F0D-ACCF-7EB736FD4AA2): 10
LogDevObjectVersion:   Dev-Build (E1C64328-A22C-4D53-A36C-8E866417BD8C): 0
LogDevObjectVersion:   Dev-Core (375EC13C-06E4-48FB-B500-84F0262A717E): 4
LogDevObjectVersion:   Dev-Editor (E4B068ED-F494-42E9-A231-DA0B2E46BB41): 40
LogDevObjectVersion:   Dev-Framework (CFFC743F-43B0-4480-9391-14DF171D2073): 37
LogDevObjectVersion:   Dev-Mobile (B02B49B5-BB20-44E9-A304-32B752E40360): 3
LogDevObjectVersion:   Dev-Networking (A4E4105C-59A1-49B5-A7C5-40C4547EDFEE): 0
LogDevObjectVersion:   Dev-Online (39C831C9-5AE6-47DC-9A44-9C173E1C8E7C): 0
LogDevObjectVersion:   Dev-Physics (78F01B33-EBEA-4F98-B9B4-84EACCB95AA2): 14
LogDevObjectVersion:   Dev-Platform (6631380F-2D4D-43E0-8009-CF276956A95A): 0
LogDevObjectVersion:   Dev-Rendering (12F88B9F-8875-4AFC-A67C-D90C383ABD29): 45
LogDevObjectVersion:   Dev-Sequencer (7B5AE74C-D270-4C10-A958-57980B212A5A): 13
LogDevObjectVersion:   Dev-VR (D7296918-1DD6-4BDD-9DE2-64A83CC13884): 3
LogDevObjectVersion:   Dev-LoadTimes (C2A15278-BFE7-4AFE-6C17-90FF531DF755): 1
LogDevObjectVersion:   Private-Geometry (6EACA3D4-40EC-4CC1-B786-8BED09428FC5): 3
LogDevObjectVersion:   Dev-AnimPhys (29E575DD-E0A3-4627-9D10-D276232CDCEA): 17
LogDevObjectVersion:   Dev-Anim (AF43A65D-7FD3-4947-9873-3E8ED9C1BB05): 15
LogDevObjectVersion:   Dev-ReflectionCapture (6B266CEC-1EC7-4B8F-A30B-E4D90942FC07): 1
LogDevObjectVersion:   Dev-Automation (0DF73D61-A23F-47EA-B727-89E90C41499A): 1
LogDevObjectVersion:   FortniteMain (601D1886-AC64-4F84-AA16-D3DE0DEAC7D6): 47
LogDevObjectVersion:   FortniteRelease (E7086368-6B23-4C58-8439-1B7016265E91): 1
LogDevObjectVersion:   Dev-Enterprise (9DFFBCD6-494F-0158-E221-12823C92A888): 10
LogDevObjectVersion:   Dev-Niagara (F2AED0AC-9AFE-416F-8664-AA7FFA26D6FC): 1
LogDevObjectVersion:   Dev-Destruction (174F1F0B-B4C6-45A5-B13F-2EE8D0FB917D): 10
LogDevObjectVersion:   Dev-Physics-Ext (35F94A83-E258-406C-A318-09F59610247C): 41
LogDevObjectVersion:   Dev-PhysicsMaterial-Chaos (B68FC16E-8B1B-42E2-B453-215C058844FE): 1
LogDevObjectVersion:   Dev-CineCamera (B2E18506-4273-CFC2-A54E-F4BB758BBA07): 1
LogDevObjectVersion:   Dev-VirtualProduction (64F58936-FD1B-42BA-BA96-7289D5D0FA4E): 1
LogDevObjectVersion:   Dev-MediaFramework (6F0ED827-A609-4895-9C91-998D90180EA4): 2
LogInit: Presizing for max 25165824 objects, including 0 objects not considered by GC, pre-allocating 0 bytes for permanent pool.
LogConfig: Applying CVar settings from Section [/Script/Engine.StreamingSettings] File [E:/Personal Projects/HumanMiniGolfC++/GunMiniGolfC/GunMiniGolfCoded/Saved/Config/Windows/Engine.ini]
LogConfig: Setting CVar [[s.MinBulkDataSizeForAsyncLoading:131072]]
LogConfig: Setting CVar [[s.AsyncLoadingThreadEnabled:0]]
LogConfig: Setting CVar [[s.EventDrivenLoaderEnabled:1]]
LogConfig: Setting CVar [[s.WarnIfTimeLimitExceeded:0]]
LogConfig: Setting CVar [[s.TimeLimitExceededMultiplier:1.5]]
LogConfig: Setting CVar [[s.TimeLimitExceededMinTime:0.005]]
LogConfig: Setting CVar [[s.UseBackgroundLevelStreaming:1]]
LogConfig: Setting CVar [[s.PriorityAsyncLoadingExtraTime:15.0]]
LogConfig: Setting CVar [[s.LevelStreamingActorsUpdateTimeLimit:5.0]]
LogConfig: Setting CVar [[s.PriorityLevelStreamingActorsUpdateExtraTime:5.0]]
LogConfig: Setting CVar [[s.LevelStreamingComponentsRegistrationGranularity:10]]
LogConfig: Setting CVar [[s.UnregisterComponentsTimeLimit:1.0]]
LogConfig: Setting CVar [[s.LevelStreamingComponentsUnregistrationGranularity:5]]
LogConfig: Setting CVar [[s.FlushStreamingOnExit:1]]
LogInit: Object subsystem initialized
LogConfig: Setting CVar [[con.DebugEarlyDefault:1]]
LogConfig: Setting CVar [[r.setres:1280x720]]
[2022.01.11-02.36.03:698][  0]LogConfig: Setting CVar [[r.VSync:0]]
[2022.01.11-02.36.03:698][  0]LogConfig: Setting CVar [[r.RHICmdBypass:0]]
[2022.01.11-02.36.03:698][  0]LogConfig: Applying CVar settings from Section [/Script/Engine.RendererSettings] File [E:/Personal Projects/HumanMiniGolfC++/GunMiniGolfC/GunMiniGolfCoded/Saved/Config/Windows/Engine.ini]
[2022.01.11-02.36.03:698][  0]LogConfig: Setting CVar [[r.GPUCrashDebugging:0]]
[2022.01.11-02.36.03:698][  0]LogConfig: Applying CVar settings from Section [/Script/Engine.RendererOverrideSettings] File [E:/Personal Projects/HumanMiniGolfC++/GunMiniGolfC/GunMiniGolfCoded/Saved/Config/Windows/Engine.ini]
[2022.01.11-02.36.03:698][  0]LogConfig: Applying CVar settings from Section [/Script/Engine.StreamingSettings] File [E:/Personal Projects/HumanMiniGolfC++/GunMiniGolfC/GunMiniGolfCoded/Saved/Config/Windows/Engine.ini]
[2022.01.11-02.36.03:698][  0]LogConfig: Setting CVar [[s.MinBulkDataSizeForAsyncLoading:131072]]
[2022.01.11-02.36.03:698][  0]LogConfig: Setting CVar [[s.AsyncLoadingThreadEnabled:0]]
[2022.01.11-02.36.03:698][  0]LogConfig: Setting CVar [[s.EventDrivenLoaderEnabled:1]]
[2022.01.11-02.36.03:698][  0]LogConfig: Setting CVar [[s.WarnIfTimeLimitExceeded:0]]
[2022.01.11-02.36.03:698][  0]LogConfig: Setting CVar [[s.TimeLimitExceededMultiplier:1.5]]
[2022.01.11-02.36.03:698][  0]LogConfig: Setting CVar [[s.TimeLimitExceededMinTime:0.005]]
[2022.01.11-02.36.03:698][  0]LogConfig: Setting CVar [[s.UseBackgroundLevelStreaming:1]]
[2022.01.11-02.36.03:698][  0]LogConfig: Setting CVar [[s.PriorityAsyncLoadingExtraTime:15.0]]
[2022.01.11-02.36.03:698][  0]LogConfig: Setting CVar [[s.LevelStreamingActorsUpdateTimeLimit:5.0]]
[2022.01.11-02.36.03:698][  0]LogConfig: Setting CVar [[s.PriorityLevelStreamingActorsUpdateExtraTime:5.0]]
[2022.01.11-02.36.03:698][  0]LogConfig: Setting CVar [[s.LevelStreamingComponentsRegistrationGranularity:10]]
[2022.01.11-02.36.03:698][  0]LogConfig: Setting CVar [[s.UnregisterComponentsTimeLimit:1.0]]
[2022.01.11-02.36.03:698][  0]LogConfig: Setting CVar [[s.LevelStreamingComponentsUnregistrationGranularity:5]]
[2022.01.11-02.36.03:698][  0]LogConfig: Setting CVar [[s.FlushStreamingOnExit:1]]
[2022.01.11-02.36.03:698][  0]LogConfig: Applying CVar settings from Section [/Script/Engine.GarbageCollectionSettings] File [E:/Personal Projects/HumanMiniGolfC++/GunMiniGolfC/GunMiniGolfCoded/Saved/Config/Windows/Engine.ini]
[2022.01.11-02.36.03:698][  0]LogConfig: Setting CVar [[gc.MaxObjectsNotConsideredByGC:1]]
[2022.01.11-02.36.03:698][  0]LogConfig: Setting CVar [[gc.SizeOfPermanentObjectPool:0]]
[2022.01.11-02.36.03:698][  0]LogConfig: Setting CVar [[gc.FlushStreamingOnGC:0]]
[2022.01.11-02.36.03:698][  0]LogConfig: Setting CVar [[gc.NumRetriesBeforeForcingGC:10]]
[2022.01.11-02.36.03:698][  0]LogConfig: Setting CVar [[gc.AllowParallelGC:1]]
[2022.01.11-02.36.03:698][  0]LogConfig: Setting CVar [[gc.TimeBetweenPurgingPendingKillObjects:61.1]]
[2022.01.11-02.36.03:698][  0]LogConfig: Setting CVar [[gc.MaxObjectsInEditor:25165824]]
[2022.01.11-02.36.03:698][  0]LogConfig: Setting CVar [[gc.IncrementalBeginDestroyEnabled:1]]
[2022.01.11-02.36.03:698][  0]LogConfig: Setting CVar [[gc.CreateGCClusters:1]]
[2022.01.11-02.36.03:698][  0]LogConfig: Setting CVar [[gc.MinGCClusterSize:5]]
[2022.01.11-02.36.03:698][  0]LogConfig: Setting CVar [[gc.ActorClusteringEnabled:0]]
[2022.01.11-02.36.03:698][  0]LogConfig: Setting CVar [[gc.BlueprintClusteringEnabled:0]]
[2022.01.11-02.36.03:698][  0]LogConfig: Setting CVar [[gc.UseDisregardForGCOnDedicatedServers:0]]
[2022.01.11-02.36.03:698][  0]LogConfig: Setting CVar [[gc.MultithreadedDestructionEnabled:1]]
[2022.01.11-02.36.03:698][  0]LogConfig: Applying CVar settings from Section [/Script/Engine.NetworkSettings] File [E:/Personal Projects/HumanMiniGolfC++/GunMiniGolfC/GunMiniGolfCoded/Saved/Config/Windows/Engine.ini]
[2022.01.11-02.36.03:698][  0]LogConfig: Applying CVar settings from Section [/Script/UnrealEd.CookerSettings] File [E:/Personal Projects/HumanMiniGolfC++/GunMiniGolfC/GunMiniGolfCoded/Saved/Config/Windows/Engine.ini]
[2022.01.11-02.36.03:709][  0]LogConfig: Applying CVar settings from Section [ViewDistanceQuality@3] File [E:/Personal Projects/HumanMiniGolfC++/GunMiniGolfC/GunMiniGolfCoded/Saved/Config/Windows/Scalability.ini]
[2022.01.11-02.36.03:709][  0]LogConfig: Setting CVar [[r.SkeletalMeshLODBias:0]]
[2022.01.11-02.36.03:709][  0]LogConfig: Setting CVar [[r.ViewDistanceScale:1.0]]
[2022.01.11-02.36.03:709][  0]LogConfig: Applying CVar settings from Section [AntiAliasingQuality@3] File [E:/Personal Projects/HumanMiniGolfC++/GunMiniGolfC/GunMiniGolfCoded/Saved/Config/Windows/Scalability.ini]
[2022.01.11-02.36.03:709][  0]LogConfig: Setting CVar [[r.PostProcessAAQuality:4]]
[2022.01.11-02.36.03:709][  0]LogConfig: Applying CVar settings from Section [ShadowQuality@3] File [E:/Personal Projects/HumanMiniGolfC++/GunMiniGolfC/GunMiniGolfCoded/Saved/Config/Windows/Scalability.ini]
[2022.01.11-02.36.03:709][  0]LogConfig: Setting CVar [[r.LightFunctionQuality:1]]
[2022.01.11-02.36.03:709][  0]LogConfig: Setting CVar [[r.ShadowQuality:5]]
[2022.01.11-02.36.03:709][  0]LogConfig: Setting CVar [[r.Shadow.CSM.MaxCascades:10]]
[2022.01.11-02.36.03:709][  0]LogConfig: Setting CVar [[r.Shadow.MaxResolution:2048]]
[2022.01.11-02.36.03:709][  0]LogConfig: Setting CVar [[r.Shadow.MaxCSMResolution:2048]]
[2022.01.11-02.36.03:709][  0]LogConfig: Setting CVar [[r.Shadow.RadiusThreshold:0.01]]
[2022.01.11-02.36.03:709][  0]LogConfig: Setting CVar [[r.Shadow.DistanceScale:1.0]]
[2022.01.11-02.36.03:709][  0]LogConfig: Setting CVar [[r.Shadow.CSM.TransitionScale:1.0]]
[2022.01.11-02.36.03:709][  0]LogConfig: Setting CVar [[r.Shadow.PreShadowResolutionFactor:1.0]]
[2022.01.11-02.36.03:709][  0]LogConfig: Setting CVar [[r.DistanceFieldShadowing:1]]
[2022.01.11-02.36.03:709][  0]LogConfig: Setting CVar [[r.DistanceFieldAO:1]]
[2022.01.11-02.36.03:709][  0]LogConfig: Setting CVar [[r.AOQuality:2]]
[2022.01.11-02.36.03:709][  0]LogConfig: Setting CVar [[r.VolumetricFog:1]]
[2022.01.11-02.36.03:709][  0]LogConfig: Setting CVar [[r.VolumetricFog.GridPixelSize:8]]
[2022.01.11-02.36.03:709][  0]LogConfig: Setting CVar [[r.VolumetricFog.GridSizeZ:128]]
[2022.01.11-02.36.03:709][  0]LogConfig: Setting CVar [[r.VolumetricFog.HistoryMissSupersampleCount:4]]
[2022.01.11-02.36.03:709][  0]LogConfig: Setting CVar [[r.LightMaxDrawDistanceScale:1]]
[2022.01.11-02.36.03:709][  0]LogConfig: Setting CVar [[r.CapsuleShadows:1]]
[2022.01.11-02.36.03:709][  0]LogConfig: Applying CVar settings from Section [PostProcessQuality@3] File [E:/Personal Projects/HumanMiniGolfC++/GunMiniGolfC/GunMiniGolfCoded/Saved/Config/Windows/Scalability.ini]
[2022.01.11-02.36.03:709][  0]LogConfig: Setting CVar [[r.MotionBlurQuality:4]]
[2022.01.11-02.36.03:709][  0]LogConfig: Setting CVar [[r.AmbientOcclusionMipLevelFactor:0.4]]
[2022.01.11-02.36.03:709][  0]LogConfig: Setting CVar [[r.AmbientOcclusionMaxQuality:100]]
[2022.01.11-02.36.03:709][  0]LogConfig: Setting CVar [[r.AmbientOcclusionLevels:-1]]
[2022.01.11-02.36.03:710][  0]LogConfig: Setting CVar [[r.AmbientOcclusionRadiusScale:1.0]]
[2022.01.11-02.36.03:710][  0]LogConfig: Setting CVar [[r.DepthOfFieldQuality:2]]
[2022.01.11-02.36.03:710][  0]LogConfig: Setting CVar [[r.RenderTargetPoolMin:400]]
[2022.01.11-02.36.03:710][  0]LogConfig: Setting CVar [[r.LensFlareQuality:2]]
[2022.01.11-02.36.03:710][  0]LogConfig: Setting CVar [[r.SceneColorFringeQuality:1]]
[2022.01.11-02.36.03:710][  0]LogConfig: Setting CVar [[r.EyeAdaptationQuality:2]]
[2022.01.11-02.36.03:710][  0]LogConfig: Setting CVar [[r.BloomQuality:5]]
[2022.01.11-02.36.03:710][  0]LogConfig: Setting CVar [[r.FastBlurThreshold:100]]
[2022.01.11-02.36.03:710][  0]LogConfig: Setting CVar [[r.Upscale.Quality:3]]
[2022.01.11-02.36.03:710][  0]LogConfig: Setting CVar [[r.Tonemapper.GrainQuantization:1]]
[2022.01.11-02.36.03:710][  0]LogConfig: Setting CVar [[r.LightShaftQuality:1]]
[2022.01.11-02.36.03:710][  0]LogConfig: Setting CVar [[r.Filter.SizeScale:1]]
[2022.01.11-02.36.03:710][  0]LogConfig: Setting CVar [[r.Tonemapper.Quality:5]]
[2022.01.11-02.36.03:710][  0]LogConfig: Setting CVar [[r.DOF.Gather.AccumulatorQuality:1        ; higher gathering accumulator quality]]
[2022.01.11-02.36.03:710][  0]LogConfig: Setting CVar [[r.DOF.Gather.PostfilterMethod:1          ; Median3x3 postfilering method]]
[2022.01.11-02.36.03:710][  0]LogConfig: Setting CVar [[r.DOF.Gather.EnableBokehSettings:0       ; no bokeh simulation when gathering]]
[2022.01.11-02.36.03:710][  0]LogConfig: Setting CVar [[r.DOF.Gather.RingCount:4                 ; medium number of samples when gathering]]
[2022.01.11-02.36.03:710][  0]LogConfig: Setting CVar [[r.DOF.Scatter.ForegroundCompositing:1    ; additive foreground scattering]]
[2022.01.11-02.36.03:710][  0]LogConfig: Setting CVar [[r.DOF.Scatter.BackgroundCompositing:2    ; additive background scattering]]
[2022.01.11-02.36.03:710][  0]LogConfig: Setting CVar [[r.DOF.Scatter.EnableBokehSettings:1      ; bokeh simulation when scattering]]
[2022.01.11-02.36.03:710][  0]LogConfig: Setting CVar [[r.DOF.Scatter.MaxSpriteRatio:0.1         ; only a maximum of 10% of scattered bokeh]]
[2022.01.11-02.36.03:710][  0]LogConfig: Setting CVar [[r.DOF.Recombine.Quality:1                ; cheap slight out of focus]]
[2022.01.11-02.36.03:710][  0]LogConfig: Setting CVar [[r.DOF.Recombine.EnableBokehSettings:0    ; no bokeh simulation on slight out of focus]]
[2022.01.11-02.36.03:710][  0]LogConfig: Setting CVar [[r.DOF.TemporalAAQuality:1                ; more stable temporal accumulation]]
[2022.01.11-02.36.03:710][  0]LogConfig: Setting CVar [[r.DOF.Kernel.MaxForegroundRadius:0.025]]
[2022.01.11-02.36.03:710][  0]LogConfig: Setting CVar [[r.DOF.Kernel.MaxBackgroundRadius:0.025]]
[2022.01.11-02.36.03:710][  0]LogConfig: Applying CVar settings from Section [TextureQuality@3] File [E:/Personal Projects/HumanMiniGolfC++/GunMiniGolfC/GunMiniGolfCoded/Saved/Config/Windows/Scalability.ini]
[2022.01.11-02.36.03:710][  0]LogConfig: Setting CVar [[r.Streaming.MipBias:0]]
[2022.01.11-02.36.03:710][  0]LogConfig: Setting CVar [[r.Streaming.AmortizeCPUToGPUCopy:0]]
[2022.01.11-02.36.03:710][  0]LogConfig: Setting CVar [[r.Streaming.MaxNumTexturesToStreamPerFrame:0]]
[2022.01.11-02.36.03:710][  0]LogConfig: Setting CVar [[r.Streaming.Boost:1]]
[2022.01.11-02.36.03:710][  0]LogConfig: Setting CVar [[r.MaxAnisotropy:8]]
[2022.01.11-02.36.03:710][  0]LogConfig: Setting CVar [[r.VT.MaxAnisotropy:8]]
[2022.01.11-02.36.03:710][  0]LogConfig: Setting CVar [[r.Streaming.LimitPoolSizeToVRAM:0]]
[2022.01.11-02.36.03:710][  0]LogConfig: Setting CVar [[r.Streaming.PoolSize:1000]]
[2022.01.11-02.36.03:710][  0]LogConfig: Setting CVar [[r.Streaming.MaxEffectiveScreenSize:0]]
[2022.01.11-02.36.03:710][  0]LogConfig: Applying CVar settings from Section [EffectsQuality@3] File [E:/Personal Projects/HumanMiniGolfC++/GunMiniGolfC/GunMiniGolfCoded/Saved/Config/Windows/Scalability.ini]
[2022.01.11-02.36.03:710][  0]LogConfig: Setting CVar [[r.TranslucencyLightingVolumeDim:64]]
[2022.01.11-02.36.03:710][  0]LogConfig: Setting CVar [[r.RefractionQuality:2]]
[2022.01.11-02.36.03:710][  0]LogConfig: Setting CVar [[r.SSR.Quality:3]]
[2022.01.11-02.36.03:710][  0]LogConfig: Setting CVar [[r.SSR.HalfResSceneColor:0]]
[2022.01.11-02.36.03:710][  0]LogConfig: Setting CVar [[r.SceneColorFormat:4]]
[2022.01.11-02.36.03:710][  0]LogConfig: Setting CVar [[r.DetailMode:2]]
[2022.01.11-02.36.03:710][  0]LogConfig: Setting CVar [[r.TranslucencyVolumeBlur:1]]
[2022.01.11-02.36.03:710][  0]LogConfig: Setting CVar [[r.MaterialQualityLevel:1 ; High quality]]
[2022.01.11-02.36.03:710][  0]LogConfig: Setting CVar [[r.AnisotropicMaterials:1]]
[2022.01.11-02.36.03:710][  0]LogConfig: Setting CVar [[r.SSS.Scale:1]]
[2022.01.11-02.36.03:710][  0]LogConfig: Setting CVar [[r.SSS.SampleSet:2]]
[2022.01.11-02.36.03:710][  0]LogConfig: Setting CVar [[r.SSS.Quality:1]]
[2022.01.11-02.36.03:710][  0]LogConfig: Setting CVar [[r.SSS.HalfRes:0]]
[2022.01.11-02.36.03:710][  0]LogConfig: Setting CVar [[r.SSGI.Quality:3]]
[2022.01.11-02.36.03:710][  0]LogConfig: Setting CVar [[r.EmitterSpawnRateScale:1.0]]
[2022.01.11-02.36.03:710][  0]LogConfig: Setting CVar [[r.ParticleLightQuality:2]]
[2022.01.11-02.36.03:710][  0]LogConfig: Setting CVar [[r.SkyAtmosphere.AerialPerspectiveLUT.FastApplyOnOpaque:1 ; Always have FastSkyLUT 1 in this case to avoid wrong sky]]
[2022.01.11-02.36.03:710][  0]LogConfig: Setting CVar [[r.SkyAtmosphere.AerialPerspectiveLUT.SampleCountMaxPerSlice:4]]
[2022.01.11-02.36.03:710][  0]LogConfig: Setting CVar [[r.SkyAtmosphere.AerialPerspectiveLUT.DepthResolution:16.0]]
[2022.01.11-02.36.03:710][  0]LogConfig: Setting CVar [[r.SkyAtmosphere.FastSkyLUT:1]]
[2022.01.11-02.36.03:710][  0]LogConfig: Setting CVar [[r.SkyAtmosphere.FastSkyLUT.SampleCountMin:4.0]]
[2022.01.11-02.36.03:710][  0]LogConfig: Setting CVar [[r.SkyAtmosphere.FastSkyLUT.SampleCountMax:128.0]]
[2022.01.11-02.36.03:710][  0]LogConfig: Setting CVar [[r.SkyAtmosphere.SampleCountMin:4.0]]
[2022.01.11-02.36.03:710][  0]LogConfig: Setting CVar [[r.SkyAtmosphere.SampleCountMax:128.0]]
[2022.01.11-02.36.03:710][  0]LogConfig: Setting CVar [[r.SkyAtmosphere.TransmittanceLUT.UseSmallFormat:0]]
[2022.01.11-02.36.03:710][  0]LogConfig: Setting CVar [[r.SkyAtmosphere.TransmittanceLUT.SampleCount:10.0]]
[2022.01.11-02.36.03:710][  0]LogConfig: Setting CVar [[r.SkyAtmosphere.MultiScatteringLUT.SampleCount:15.0]]
[2022.01.11-02.36.03:710][  0]LogConfig: Setting CVar [[r.SkyLight.RealTimeReflectionCapture:1]]
[2022.01.11-02.36.03:710][  0]LogConfig: Applying CVar settings from Section [FoliageQuality@3] File [E:/Personal Projects/HumanMiniGolfC++/GunMiniGolfC/GunMiniGolfCoded/Saved/Config/Windows/Scalability.ini]
[2022.01.11-02.36.03:710][  0]LogConfig: Setting CVar [[foliage.DensityScale:1.0]]
[2022.01.11-02.36.03:710][  0]LogConfig: Setting CVar [[grass.DensityScale:1.0]]
[2022.01.11-02.36.03:710][  0]LogConfig: Applying CVar settings from Section [ShadingQuality@3] File [E:/Personal Projects/HumanMiniGolfC++/GunMiniGolfC/GunMiniGolfCoded/Saved/Config/Windows/Scalability.ini]
[2022.01.11-02.36.03:710][  0]LogConfig: Setting CVar [[r.HairStrands.SkyLighting.IntegrationType:2]]
[2022.01.11-02.36.03:710][  0]LogConfig: Setting CVar [[r.HairStrands.SkyAO.SampleCount:4]]
[2022.01.11-02.36.03:710][  0]LogConfig: Setting CVar [[r.HairStrands.Visibility.MSAA.SamplePerPixel:4]]
[2022.01.11-02.36.03:710][  0]LogInit: Selected Device Profile: [Windows]
[2022.01.11-02.36.03:710][  0]LogInit: Applying CVar settings loaded from the selected device profile: [Windows]
[2022.01.11-02.36.03:710][  0]LogHAL: Display: Platform has ~ 32 GB [34191577088 / 34359738368 / 32], which maps to Largest [LargestMinGB=32, LargerMinGB=12, DefaultMinGB=8, SmallerMinGB=6, SmallestMinGB=0)
[2022.01.11-02.36.03:710][  0]LogInit: Going up to parent DeviceProfile []
[2022.01.11-02.36.03:710][  0]LogConfig: Applying CVar settings from Section [ViewDistanceQuality@3] File [E:/Personal Projects/HumanMiniGolfC++/GunMiniGolfC/GunMiniGolfCoded/Saved/Config/Windows/Scalability.ini]
[2022.01.11-02.36.03:710][  0]LogConfig: Setting CVar [[r.SkeletalMeshLODBias:0]]
[2022.01.11-02.36.03:710][  0]LogConfig: Setting CVar [[r.ViewDistanceScale:1.0]]
[2022.01.11-02.36.03:710][  0]LogConfig: Applying CVar settings from Section [AntiAliasingQuality@3] File [E:/Personal Projects/HumanMiniGolfC++/GunMiniGolfC/GunMiniGolfCoded/Saved/Config/Windows/Scalability.ini]
[2022.01.11-02.36.03:710][  0]LogConfig: Setting CVar [[r.PostProcessAAQuality:4]]
[2022.01.11-02.36.03:710][  0]LogConfig: Applying CVar settings from Section [ShadowQuality@3] File [E:/Personal Projects/HumanMiniGolfC++/GunMiniGolfC/GunMiniGolfCoded/Saved/Config/Windows/Scalability.ini]
[2022.01.11-02.36.03:710][  0]LogConfig: Setting CVar [[r.LightFunctionQuality:1]]
[2022.01.11-02.36.03:710][  0]LogConfig: Setting CVar [[r.ShadowQuality:5]]
[2022.01.11-02.36.03:710][  0]LogConfig: Setting CVar [[r.Shadow.CSM.MaxCascades:10]]
[2022.01.11-02.36.03:710][  0]LogConfig: Setting CVar [[r.Shadow.MaxResolution:2048]]
[2022.01.11-02.36.03:710][  0]LogConfig: Setting CVar [[r.Shadow.MaxCSMResolution:2048]]
[2022.01.11-02.36.03:710][  0]LogConfig: Setting CVar [[r.Shadow.RadiusThreshold:0.01]]
[2022.01.11-02.36.03:710][  0]LogConfig: Setting CVar [[r.Shadow.DistanceScale:1.0]]
[2022.01.11-02.36.03:710][  0]LogConfig: Setting CVar [[r.Shadow.CSM.TransitionScale:1.0]]
[2022.01.11-02.36.03:710][  0]LogConfig: Setting CVar [[r.Shadow.PreShadowResolutionFactor:1.0]]
[2022.01.11-02.36.03:711][  0]LogConfig: Setting CVar [[r.DistanceFieldShadowing:1]]
[2022.01.11-02.36.03:711][  0]LogConfig: Setting CVar [[r.DistanceFieldAO:1]]
[2022.01.11-02.36.03:711][  0]LogConfig: Setting CVar [[r.AOQuality:2]]
[2022.01.11-02.36.03:711][  0]LogConfig: Setting CVar [[r.VolumetricFog:1]]
[2022.01.11-02.36.03:711][  0]LogConfig: Setting CVar [[r.VolumetricFog.GridPixelSize:8]]
[2022.01.11-02.36.03:711][  0]LogConfig: Setting CVar [[r.VolumetricFog.GridSizeZ:128]]
[2022.01.11-02.36.03:711][  0]LogConfig: Setting CVar [[r.VolumetricFog.HistoryMissSupersampleCount:4]]
[2022.01.11-02.36.03:711][  0]LogConfig: Setting CVar [[r.LightMaxDrawDistanceScale:1]]
[2022.01.11-02.36.03:711][  0]LogConfig: Setting CVar [[r.CapsuleShadows:1]]
[2022.01.11-02.36.03:711][  0]LogConfig: Applying CVar settings from Section [PostProcessQuality@3] File [E:/Personal Projects/HumanMiniGolfC++/GunMiniGolfC/GunMiniGolfCoded/Saved/Config/Windows/Scalability.ini]
[2022.01.11-02.36.03:711][  0]LogConfig: Setting CVar [[r.MotionBlurQuality:4]]
[2022.01.11-02.36.03:711][  0]LogConfig: Setting CVar [[r.AmbientOcclusionMipLevelFactor:0.4]]
[2022.01.11-02.36.03:711][  0]LogConfig: Setting CVar [[r.AmbientOcclusionMaxQuality:100]]
[2022.01.11-02.36.03:711][  0]LogConfig: Setting CVar [[r.AmbientOcclusionLevels:-1]]
[2022.01.11-02.36.03:711][  0]LogConfig: Setting CVar [[r.AmbientOcclusionRadiusScale:1.0]]
[2022.01.11-02.36.03:711][  0]LogConfig: Setting CVar [[r.DepthOfFieldQuality:2]]
[2022.01.11-02.36.03:711][  0]LogConfig: Setting CVar [[r.RenderTargetPoolMin:400]]
[2022.01.11-02.36.03:711][  0]LogConfig: Setting CVar [[r.LensFlareQuality:2]]
[2022.01.11-02.36.03:711][  0]LogConfig: Setting CVar [[r.SceneColorFringeQuality:1]]
[2022.01.11-02.36.03:711][  0]LogConfig: Setting CVar [[r.EyeAdaptationQuality:2]]
[2022.01.11-02.36.03:711][  0]LogConfig: Setting CVar [[r.BloomQuality:5]]
[2022.01.11-02.36.03:711][  0]LogConfig: Setting CVar [[r.FastBlurThreshold:100]]
[2022.01.11-02.36.03:711][  0]LogConfig: Setting CVar [[r.Upscale.Quality:3]]
[2022.01.11-02.36.03:711][  0]LogConfig: Setting CVar [[r.Tonemapper.GrainQuantization:1]]
[2022.01.11-02.36.03:711][  0]LogConfig: Setting CVar [[r.LightShaftQuality:1]]
[2022.01.11-02.36.03:711][  0]LogConfig: Setting CVar [[r.Filter.SizeScale:1]]
[2022.01.11-02.36.03:711][  0]LogConfig: Setting CVar [[r.Tonemapper.Quality:5]]
[2022.01.11-02.36.03:711][  0]LogConfig: Setting CVar [[r.DOF.Gather.AccumulatorQuality:1        ; higher gathering accumulator quality]]
[2022.01.11-02.36.03:711][  0]LogConfig: Setting CVar [[r.DOF.Gather.PostfilterMethod:1          ; Median3x3 postfilering method]]
[2022.01.11-02.36.03:711][  0]LogConfig: Setting CVar [[r.DOF.Gather.EnableBokehSettings:0       ; no bokeh simulation when gathering]]
[2022.01.11-02.36.03:711][  0]LogConfig: Setting CVar [[r.DOF.Gather.RingCount:4                 ; medium number of samples when gathering]]
[2022.01.11-02.36.03:711][  0]LogConfig: Setting CVar [[r.DOF.Scatter.ForegroundCompositing:1    ; additive foreground scattering]]
[2022.01.11-02.36.03:711][  0]LogConfig: Setting CVar [[r.DOF.Scatter.BackgroundCompositing:2    ; additive background scattering]]
[2022.01.11-02.36.03:711][  0]LogConfig: Setting CVar [[r.DOF.Scatter.EnableBokehSettings:1      ; bokeh simulation when scattering]]
[2022.01.11-02.36.03:711][  0]LogConfig: Setting CVar [[r.DOF.Scatter.MaxSpriteRatio:0.1         ; only a maximum of 10% of scattered bokeh]]
[2022.01.11-02.36.03:711][  0]LogConfig: Setting CVar [[r.DOF.Recombine.Quality:1                ; cheap slight out of focus]]
[2022.01.11-02.36.03:711][  0]LogConfig: Setting CVar [[r.DOF.Recombine.EnableBokehSettings:0    ; no bokeh simulation on slight out of focus]]
[2022.01.11-02.36.03:711][  0]LogConfig: Setting CVar [[r.DOF.TemporalAAQuality:1                ; more stable temporal accumulation]]
[2022.01.11-02.36.03:711][  0]LogConfig: Setting CVar [[r.DOF.Kernel.MaxForegroundRadius:0.025]]
[2022.01.11-02.36.03:711][  0]LogConfig: Setting CVar [[r.DOF.Kernel.MaxBackgroundRadius:0.025]]
[2022.01.11-02.36.03:711][  0]LogConfig: Applying CVar settings from Section [TextureQuality@3] File [E:/Personal Projects/HumanMiniGolfC++/GunMiniGolfC/GunMiniGolfCoded/Saved/Config/Windows/Scalability.ini]
[2022.01.11-02.36.03:711][  0]LogConfig: Setting CVar [[r.Streaming.MipBias:0]]
[2022.01.11-02.36.03:711][  0]LogConfig: Setting CVar [[r.Streaming.AmortizeCPUToGPUCopy:0]]
[2022.01.11-02.36.03:711][  0]LogConfig: Setting CVar [[r.Streaming.MaxNumTexturesToStreamPerFrame:0]]
[2022.01.11-02.36.03:711][  0]LogConfig: Setting CVar [[r.Streaming.Boost:1]]
[2022.01.11-02.36.03:711][  0]LogConfig: Setting CVar [[r.MaxAnisotropy:8]]
[2022.01.11-02.36.03:711][  0]LogConfig: Setting CVar [[r.VT.MaxAnisotropy:8]]
[2022.01.11-02.36.03:711][  0]LogConfig: Setting CVar [[r.Streaming.LimitPoolSizeToVRAM:0]]
[2022.01.11-02.36.03:711][  0]LogConfig: Setting CVar [[r.Streaming.PoolSize:1000]]
[2022.01.11-02.36.03:711][  0]LogConfig: Setting CVar [[r.Streaming.MaxEffectiveScreenSize:0]]
[2022.01.11-02.36.03:711][  0]LogConfig: Applying CVar settings from Section [EffectsQuality@3] File [E:/Personal Projects/HumanMiniGolfC++/GunMiniGolfC/GunMiniGolfCoded/Saved/Config/Windows/Scalability.ini]
[2022.01.11-02.36.03:711][  0]LogConfig: Setting CVar [[r.TranslucencyLightingVolumeDim:64]]
[2022.01.11-02.36.03:711][  0]LogConfig: Setting CVar [[r.RefractionQuality:2]]
[2022.01.11-02.36.03:711][  0]LogConfig: Setting CVar [[r.SSR.Quality:3]]
[2022.01.11-02.36.03:711][  0]LogConfig: Setting CVar [[r.SSR.HalfResSceneColor:0]]
[2022.01.11-02.36.03:711][  0]LogConfig: Setting CVar [[r.SceneColorFormat:4]]
[2022.01.11-02.36.03:711][  0]LogConfig: Setting CVar [[r.DetailMode:2]]
[2022.01.11-02.36.03:711][  0]LogConfig: Setting CVar [[r.TranslucencyVolumeBlur:1]]
[2022.01.11-02.36.03:711][  0]LogConfig: Setting CVar [[r.MaterialQualityLevel:1 ; High quality]]
[2022.01.11-02.36.03:711][  0]LogConfig: Setting CVar [[r.AnisotropicMaterials:1]]
[2022.01.11-02.36.03:711][  0]LogConfig: Setting CVar [[r.SSS.Scale:1]]
[2022.01.11-02.36.03:711][  0]LogConfig: Setting CVar [[r.SSS.SampleSet:2]]
[2022.01.11-02.36.03:711][  0]LogConfig: Setting CVar [[r.SSS.Quality:1]]
[2022.01.11-02.36.03:711][  0]LogConfig: Setting CVar [[r.SSS.HalfRes:0]]
[2022.01.11-02.36.03:711][  0]LogConfig: Setting CVar [[r.SSGI.Quality:3]]
[2022.01.11-02.36.03:711][  0]LogConfig: Setting CVar [[r.EmitterSpawnRateScale:1.0]]
[2022.01.11-02.36.03:711][  0]LogConfig: Setting CVar [[r.ParticleLightQuality:2]]
[2022.01.11-02.36.03:711][  0]LogConfig: Setting CVar [[r.SkyAtmosphere.AerialPerspectiveLUT.FastApplyOnOpaque:1 ; Always have FastSkyLUT 1 in this case to avoid wrong sky]]
[2022.01.11-02.36.03:711][  0]LogConfig: Setting CVar [[r.SkyAtmosphere.AerialPerspectiveLUT.SampleCountMaxPerSlice:4]]
[2022.01.11-02.36.03:711][  0]LogConfig: Setting CVar [[r.SkyAtmosphere.AerialPerspectiveLUT.DepthResolution:16.0]]
[2022.01.11-02.36.03:711][  0]LogConfig: Setting CVar [[r.SkyAtmosphere.FastSkyLUT:1]]
[2022.01.11-02.36.03:711][  0]LogConfig: Setting CVar [[r.SkyAtmosphere.FastSkyLUT.SampleCountMin:4.0]]
[2022.01.11-02.36.03:711][  0]LogConfig: Setting CVar [[r.SkyAtmosphere.FastSkyLUT.SampleCountMax:128.0]]
[2022.01.11-02.36.03:711][  0]LogConfig: Setting CVar [[r.SkyAtmosphere.SampleCountMin:4.0]]
[2022.01.11-02.36.03:711][  0]LogConfig: Setting CVar [[r.SkyAtmosphere.SampleCountMax:128.0]]
[2022.01.11-02.36.03:711][  0]LogConfig: Setting CVar [[r.SkyAtmosphere.TransmittanceLUT.UseSmallFormat:0]]
[2022.01.11-02.36.03:711][  0]LogConfig: Setting CVar [[r.SkyAtmosphere.TransmittanceLUT.SampleCount:10.0]]
[2022.01.11-02.36.03:711][  0]LogConfig: Setting CVar [[r.SkyAtmosphere.MultiScatteringLUT.SampleCount:15.0]]
[2022.01.11-02.36.03:711][  0]LogConfig: Setting CVar [[r.SkyLight.RealTimeReflectionCapture:1]]
[2022.01.11-02.36.03:711][  0]LogConfig: Applying CVar settings from Section [FoliageQuality@3] File [E:/Personal Projects/HumanMiniGolfC++/GunMiniGolfC/GunMiniGolfCoded/Saved/Config/Windows/Scalability.ini]
[2022.01.11-02.36.03:711][  0]LogConfig: Setting CVar [[foliage.DensityScale:1.0]]
[2022.01.11-02.36.03:711][  0]LogConfig: Setting CVar [[grass.DensityScale:1.0]]
[2022.01.11-02.36.03:711][  0]LogConfig: Applying CVar settings from Section [ShadingQuality@3] File [E:/Personal Projects/HumanMiniGolfC++/GunMiniGolfC/GunMiniGolfCoded/Saved/Config/Windows/Scalability.ini]
[2022.01.11-02.36.03:711][  0]LogConfig: Setting CVar [[r.HairStrands.SkyLighting.IntegrationType:2]]
[2022.01.11-02.36.03:711][  0]LogConfig: Setting CVar [[r.HairStrands.SkyAO.SampleCount:4]]
[2022.01.11-02.36.03:711][  0]LogConfig: Setting CVar [[r.HairStrands.Visibility.MSAA.SamplePerPixel:4]]
[2022.01.11-02.36.03:711][  0]LogConfig: Applying CVar settings from Section [Startup] File [../../../Engine/Config/ConsoleVariables.ini]
[2022.01.11-02.36.03:712][  0]LogConfig: Setting CVar [[net.UseAdaptiveNetUpdateFrequency:0]]
[2022.01.11-02.36.03:712][  0]LogConfig: Setting CVar [[p.chaos.AllowCreatePhysxBodies:1]]
[2022.01.11-02.36.03:712][  0]LogConfig: Setting CVar [[fx.SkipVectorVMBackendOptimizations:1]]
[2022.01.11-02.36.03:712][  0]LogConfig: Applying CVar settings from Section [ConsoleVariables] File [E:/Personal Projects/HumanMiniGolfC++/GunMiniGolfC/GunMiniGolfCoded/Saved/Config/Windows/Engine.ini]
[2022.01.11-02.36.03:712][  0]LogConfig: Applying CVar settings from Section [ConsoleVariables] File [E:/Personal Projects/HumanMiniGolfC++/GunMiniGolfC/GunMiniGolfCoded/Saved/Config/Windows/Editor.ini]
[2022.01.11-02.36.03:712][  0]LogInit: Computer: MITCH-WORKSTATI
[2022.01.11-02.36.03:712][  0]LogInit: User: Mitch
[2022.01.11-02.36.03:712][  0]LogInit: CPU Page size=4096, Cores=8
[2022.01.11-02.36.03:712][  0]LogInit: High frequency timer resolution =10.000000 MHz
[2022.01.11-02.36.03:712][  0]LogMemory: Memory total: Physical=31.8GB (32GB approx)
[2022.01.11-02.36.03:712][  0]LogMemory: Platform Memory Stats for Windows
[2022.01.11-02.36.03:712][  0]LogMemory: Process Physical Memory: 155.53 MB used, 155.53 MB peak
[2022.01.11-02.36.03:712][  0]LogMemory: Process Virtual Memory: 128.56 MB used, 128.56 MB peak
[2022.01.11-02.36.03:712][  0]LogMemory: Physical Memory: 14656.53 MB used,  17951.10 MB free, 32607.63 MB total
[2022.01.11-02.36.03:712][  0]LogMemory: Virtual Memory: 134199976.00 MB used,  17753.75 MB free, 134217728.00 MB total
[2022.01.11-02.36.03:717][  0]LogWindows: WindowsPlatformFeatures enabled
[2022.01.11-02.36.03:772][  0]LogInit: Physics initialised using underlying interface: PhysX
[2022.01.11-02.36.03:773][  0]LogInit: Using OS detected language (en-US).
[2022.01.11-02.36.03:773][  0]LogInit: Using OS detected locale (en-US).
[2022.01.11-02.36.03:778][  0]LogTextLocalizationManager: No specific localization for 'en-US' exists, so the 'en' localization will be used.
[2022.01.11-02.36.04:199][  0]LogInit: Setting process to per monitor DPI aware
[2022.01.11-02.36.04:218][  0]LogWindowsTextInputMethodSystem: Display: IME system deactivated.
[2022.01.11-02.36.04:238][  0]LogSlate: New Slate User Created.  User Index 0, Is Virtual User: 0
[2022.01.11-02.36.04:238][  0]LogSlate: Slate User Registered.  User Index 0, Is Virtual User: 0
[2022.01.11-02.36.04:375][  0]LogD3D11RHI: Loaded GFSDK_Aftermath_Lib.x64.dll
[2022.01.11-02.36.04:375][  0]LogD3D11RHI: D3D11 min allowed feature level: 11_0
[2022.01.11-02.36.04:375][  0]LogD3D11RHI: D3D11 max allowed feature level: 11_0
[2022.01.11-02.36.04:375][  0]LogD3D11RHI: D3D11 adapters:
[2022.01.11-02.36.04:488][  0]LogD3D11RHI:    0. 'NVIDIA GeForce RTX 2060' (Feature Level 11_0)
[2022.01.11-02.36.04:488][  0]LogD3D11RHI:       5980/0/16303 MB DedicatedVideo/DedicatedSystem/SharedSystem, Outputs:1, VendorId:0x10de
[2022.01.11-02.36.05:106][  0]LogD3D11RHI:    1. 'Intel(R) UHD Graphics 630' (Feature Level 11_0)
[2022.01.11-02.36.05:106][  0]LogD3D11RHI:       128/0/16303 MB DedicatedVideo/DedicatedSystem/SharedSystem, Outputs:0, VendorId:0x8086
[2022.01.11-02.36.05:109][  0]LogD3D11RHI:    2. 'Microsoft Basic Render Driver' (Feature Level 11_0)
[2022.01.11-02.36.05:109][  0]LogD3D11RHI:       0/0/16303 MB DedicatedVideo/DedicatedSystem/SharedSystem, Outputs:0, VendorId:0x1414
[2022.01.11-02.36.05:110][  0]LogD3D11RHI: Chosen D3D11 Adapter:
[2022.01.11-02.36.05:110][  0]LogD3D11RHI:     Description : NVIDIA GeForce RTX 2060
[2022.01.11-02.36.05:110][  0]LogD3D11RHI:     VendorId    : 10de
[2022.01.11-02.36.05:110][  0]LogD3D11RHI:     DeviceId    : 1f08
[2022.01.11-02.36.05:110][  0]LogD3D11RHI:     SubSysId    : 868e1043
[2022.01.11-02.36.05:110][  0]LogD3D11RHI:     Revision    : 00a1
[2022.01.11-02.36.05:110][  0]LogD3D11RHI:     DedicatedVideoMemory : 6270484480 bytes
[2022.01.11-02.36.05:110][  0]LogD3D11RHI:     DedicatedSystemMemory : 0 bytes
[2022.01.11-02.36.05:110][  0]LogD3D11RHI:     SharedSystemMemory : 17095788544 bytes
[2022.01.11-02.36.05:110][  0]LogD3D11RHI:     AdapterLuid : 0 87253
[2022.01.11-02.36.05:120][  0]LogD3D11RHI: Creating new Direct3DDevice
[2022.01.11-02.36.05:120][  0]LogD3D11RHI:     GPU DeviceId: 0x1f08 (for the marketing name, search the web for "GPU Device Id")
[2022.01.11-02.36.05:120][  0]LogWindows: EnumDisplayDevices:
[2022.01.11-02.36.05:121][  0]LogWindows:    0. 'NVIDIA GeForce RTX 2060' (P:1 D:1)
[2022.01.11-02.36.05:121][  0]LogWindows:    1. 'NVIDIA GeForce RTX 2060' (P:0 D:0)
[2022.01.11-02.36.05:122][  0]LogWindows:    2. 'NVIDIA GeForce RTX 2060' (P:0 D:0)
[2022.01.11-02.36.05:123][  0]LogWindows:    3. 'NVIDIA GeForce RTX 2060' (P:0 D:0)
[2022.01.11-02.36.05:123][  0]LogWindows:    4. 'Intel(R) UHD Graphics 630' (P:0 D:0)
[2022.01.11-02.36.05:124][  0]LogWindows:    5. 'Intel(R) UHD Graphics 630' (P:0 D:0)
[2022.01.11-02.36.05:124][  0]LogWindows:    6. 'Intel(R) UHD Graphics 630' (P:0 D:0)
[2022.01.11-02.36.05:124][  0]LogWindows: DebugString: PrimaryIsNotTheChoosenAdapter PrimaryIsNotTheChoosenAdapter PrimaryIsNotTheChoosenAdapter FoundDriverCount:4 
[2022.01.11-02.36.05:125][  0]LogD3D11RHI:     Adapter Name: NVIDIA GeForce RTX 2060
[2022.01.11-02.36.05:125][  0]LogD3D11RHI:   Driver Version: 497.29 (internal:30.0.14.9729, unified:497.29)
[2022.01.11-02.36.05:125][  0]LogD3D11RHI:      Driver Date: 12-15-2021
[2022.01.11-02.36.05:125][  0]LogRHI: Texture pool is 4186 MB (70% of 5980 MB)
[2022.01.11-02.36.05:125][  0]LogD3D11RHI: Creating D3DDevice using adapter:
[2022.01.11-02.36.05:125][  0]LogD3D11RHI:     Description : NVIDIA GeForce RTX 2060
[2022.01.11-02.36.05:125][  0]LogD3D11RHI:     VendorId    : 10de
[2022.01.11-02.36.05:125][  0]LogD3D11RHI:     DeviceId    : 1f08
[2022.01.11-02.36.05:125][  0]LogD3D11RHI:     SubSysId    : 868e1043
[2022.01.11-02.36.05:125][  0]LogD3D11RHI:     Revision    : 00a1
[2022.01.11-02.36.05:125][  0]LogD3D11RHI:     DedicatedVideoMemory : 6270484480 bytes
[2022.01.11-02.36.05:125][  0]LogD3D11RHI:     DedicatedSystemMemory : 0 bytes
[2022.01.11-02.36.05:125][  0]LogD3D11RHI:     SharedSystemMemory : 17095788544 bytes
[2022.01.11-02.36.05:125][  0]LogD3D11RHI:     AdapterLuid : 0 87253
[2022.01.11-02.36.05:221][  0]LogD3D11RHI: RHI has support for 64 bit atomics
[2022.01.11-02.36.05:222][  0]LogD3D11RHI: Async texture creation enabled
[2022.01.11-02.36.05:222][  0]LogD3D11RHI: Array index from any shader is supported
[2022.01.11-02.36.05:267][  0]LogD3D11RHI: GPU Timing Frequency: 1000.000000 (Debug: 2 1)
[2022.01.11-02.36.05:307][  0]LogRHI: GeForceNow SDK initialized: 1
[2022.01.11-02.36.05:699][  0]LogTargetPlatformManager: Display: Loaded TargetPlatform 'AllDesktop'
[2022.01.11-02.36.05:719][  0]LogTargetPlatformManager: Display: Loaded TargetPlatform 'Android'
[2022.01.11-02.36.05:719][  0]LogTargetPlatformManager: Display: Loaded TargetPlatform 'Android_ASTC'
[2022.01.11-02.36.05:719][  0]LogTargetPlatformManager: Display: Loaded TargetPlatform 'Android_DXT'
[2022.01.11-02.36.05:719][  0]LogTargetPlatformManager: Display: Loaded TargetPlatform 'Android_ETC2'
[2022.01.11-02.36.05:719][  0]LogTargetPlatformManager: Display: Loaded TargetPlatform 'AndroidClient'
[2022.01.11-02.36.05:719][  0]LogTargetPlatformManager: Display: Loaded TargetPlatform 'Android_ASTCClient'
[2022.01.11-02.36.05:719][  0]LogTargetPlatformManager: Display: Loaded TargetPlatform 'Android_DXTClient'
[2022.01.11-02.36.05:719][  0]LogTargetPlatformManager: Display: Loaded TargetPlatform 'Android_ETC2Client'
[2022.01.11-02.36.05:719][  0]LogTargetPlatformManager: Display: Loaded TargetPlatform 'Android_Multi'
[2022.01.11-02.36.05:719][  0]LogTargetPlatformManager: Display: Loaded TargetPlatform 'Android_MultiClient'
[2022.01.11-02.36.05:742][  0]LogTargetPlatformManager: Display: Loaded TargetPlatform 'IOSClient'
[2022.01.11-02.36.05:742][  0]LogTargetPlatformManager: Display: Loaded TargetPlatform 'IOS'
[2022.01.11-02.36.05:751][  0]LogTargetPlatformManager: Display: Loaded TargetPlatform 'Linux'
[2022.01.11-02.36.05:758][  0]LogTargetPlatformManager: Display: Loaded TargetPlatform 'LinuxNoEditor'
[2022.01.11-02.36.05:763][  0]LogTargetPlatformManager: Display: Loaded TargetPlatform 'LinuxClient'
[2022.01.11-02.36.05:768][  0]LogTargetPlatformManager: Display: Loaded TargetPlatform 'LinuxServer'
[2022.01.11-02.36.05:777][  0]LogTargetPlatformManager: Display: Loaded TargetPlatform 'LinuxAArch64NoEditor'
[2022.01.11-02.36.05:781][  0]LogTargetPlatformManager: Display: Loaded TargetPlatform 'LinuxAArch64Client'
[2022.01.11-02.36.05:785][  0]LogTargetPlatformManager: Display: Loaded TargetPlatform 'LinuxAArch64Server'
[2022.01.11-02.36.05:811][  0]LogTargetPlatformManager: Display: Loaded TargetPlatform 'Lumin'
[2022.01.11-02.36.05:811][  0]LogTargetPlatformManager: Display: Loaded TargetPlatform 'LuminClient'
[2022.01.11-02.36.05:820][  0]LogTargetPlatformManager: Display: Loaded TargetPlatform 'MacNoEditor'
[2022.01.11-02.36.05:826][  0]LogTargetPlatformManager: Display: Loaded TargetPlatform 'Mac'
[2022.01.11-02.36.05:831][  0]LogTargetPlatformManager: Display: Loaded TargetPlatform 'MacClient'
[2022.01.11-02.36.05:836][  0]LogTargetPlatformManager: Display: Loaded TargetPlatform 'MacServer'
[2022.01.11-02.36.05:845][  0]LogTargetPlatformManager: Display: Loaded TargetPlatform 'TVOSClient'
[2022.01.11-02.36.05:845][  0]LogTargetPlatformManager: Display: Loaded TargetPlatform 'TVOS'
[2022.01.11-02.36.05:854][  0]LogTargetPlatformManager: Display: Loaded TargetPlatform 'WindowsNoEditor'
[2022.01.11-02.36.05:861][  0]LogTargetPlatformManager: Display: Loaded TargetPlatform 'Windows'
[2022.01.11-02.36.05:866][  0]LogTargetPlatformManager: Display: Loaded TargetPlatform 'WindowsClient'
[2022.01.11-02.36.05:872][  0]LogTargetPlatformManager: Display: Loaded TargetPlatform 'WindowsServer'
[2022.01.11-02.36.05:872][  0]LogTargetPlatformManager: Display: Building Assets For Windows
[2022.01.11-02.36.05:880][  0]LogAudioDebug: Display: Lib vorbis DLL was dynamically loaded.
[2022.01.11-02.36.05:915][  0]LogTextureFormatOodle: Display: Oodle Texture 2.9.0 init RDO Off
[2022.01.11-02.36.05:959][  0]LogRendererCore: Ray tracing is disabled. Reason: r.RayTracing=0.
[2022.01.11-02.36.05:959][  0]LogShaderCompilers: Guid format shader working directory is -22 characters bigger than the processId version (E:/Personal Projects/HumanMiniGolfC++/GunMiniGolfC/GunMiniGolfCoded/Intermediate/Shaders/WorkingDirectory/13852/).
[2022.01.11-02.36.05:959][  0]LogShaderCompilers: Cleaned the shader compiler working directory 'C:/Users/Mitch/AppData/Local/Temp/UnrealShaderWorkingDir/1C0813434BF06BA0F603B48194802E78/'.
[2022.01.11-02.36.05:959][  0]LogXGEController: Cannot use XGE Controller as Incredibuild is not installed on this machine.
[2022.01.11-02.36.05:959][  0]LogShaderCompilers: Cannot use XGE Shader Compiler as Incredibuild is not installed on this machine.
[2022.01.11-02.36.05:959][  0]LogShaderCompilers: Display: Using Local Shader Compiler.
[2022.01.11-02.36.06:632][  0]LogDerivedDataCache: Display: Max Cache Size: 512 MB
[2022.01.11-02.36.06:711][  0]LogDerivedDataCache: Loaded boot cache 0.08s 99MB C:/Users/Mitch/AppData/Local/UnrealEngine/4.27/DerivedDataCache/Boot.ddc.
[2022.01.11-02.36.06:711][  0]LogDerivedDataCache: Display: Loaded Boot cache: C:/Users/Mitch/AppData/Local/UnrealEngine/4.27/DerivedDataCache/Boot.ddc
[2022.01.11-02.36.06:711][  0]LogDerivedDataCache: FDerivedDataBackendGraph:  Pak pak cache file E:/Personal Projects/HumanMiniGolfC++/GunMiniGolfC/GunMiniGolfCoded/DerivedDataCache/DDC.ddp not found, will not use a pak cache.
[2022.01.11-02.36.06:711][  0]LogDerivedDataCache: Unable to find inner node Pak for hierarchical cache Hierarchy.
[2022.01.11-02.36.06:712][  0]LogDerivedDataCache: FDerivedDataBackendGraph:  CompressedPak pak cache file E:/Personal Projects/HumanMiniGolfC++/GunMiniGolfC/GunMiniGolfCoded/DerivedDataCache/Compressed.ddp not found, will not use a pak cache.
[2022.01.11-02.36.06:712][  0]LogDerivedDataCache: Unable to find inner node CompressedPak for hierarchical cache Hierarchy.
[2022.01.11-02.36.06:727][  0]LogDerivedDataCache: Display: Pak cache opened for reading ../../../Engine/DerivedDataCache/Compressed.ddp.
[2022.01.11-02.36.06:728][  0]LogDerivedDataCache: FDerivedDataBackendGraph:  EnterprisePak pak cache file ../../../Enterprise/DerivedDataCache/Compressed.ddp not found, will not use a pak cache.
[2022.01.11-02.36.06:728][  0]LogDerivedDataCache: Unable to find inner node EnterprisePak for hierarchical cache Hierarchy.
[2022.01.11-02.36.06:738][  0]LogDerivedDataCache: Speed tests for C:/Users/Mitch/AppData/Local/UnrealEngine/Common/DerivedDataCache took 0.01 seconds
[2022.01.11-02.36.06:739][  0]LogDerivedDataCache: Display: Performance to C:/Users/Mitch/AppData/Local/UnrealEngine/Common/DerivedDataCache: Latency=0.03ms. RandomReadSpeed=1170.60MBs, RandomWriteSpeed=98.42MBs. Assigned SpeedClass 'Local'
[2022.01.11-02.36.06:739][  0]LogDerivedDataCache: Using Local data cache path C:/Users/Mitch/AppData/Local/UnrealEngine/Common/DerivedDataCache: Writable
[2022.01.11-02.36.06:740][  0]LogDerivedDataCache: Shared data cache path not found in *engine.ini, will not use an Shared cache.
[2022.01.11-02.36.06:740][  0]LogDerivedDataCache: Unable to find inner node Shared for hierarchical cache Hierarchy.
[2022.01.11-02.36.06:782][  0]LogSlate: Using FreeType 2.10.0
[2022.01.11-02.36.06:783][  0]LogSlate: SlateFontServices - WITH_FREETYPE: 1, WITH_HARFBUZZ: 1
[2022.01.11-02.36.06:805][  0]LogAssetRegistry: FAssetRegistry took 0.0023 seconds to start up
[2022.01.11-02.36.07:053][  0]LogInit: Selected Device Profile: [Windows]
[2022.01.11-02.36.07:053][  0]LogInit: Active device profile: [000002966D271400][0000029668597040 49] Windows
[2022.01.11-02.36.07:053][  0]LogInit: Profiles: [000002966D271400][0000029668597040 49] Windows, [000002966D1FE600][000002966859F1C0 49] WindowsNoEditor, [000002966D20BF00][00000296685A3340 49] WindowsServer, [000002966D271600][00000296685A74C0 49] WindowsClient, [000002966D1FFD00][00000296685AB640 49] IOS, [000002966D208700][000002966D65D7C0 49] iPadAir, [000002966D1FC600][000002966D675940 49] iPadAir2, [000002966D16C500][000002966D67DC00 49] IPadPro, [000002966D16C600][000002966D6780C0 49] iPadAir3, [000002966D208300][000002966D680240 49] iPadAir4, [000002966D16D300][000002966D6843C0 49] iPadMini2, [000002966D20B900][000002966D688540 49] iPadMini3, [000002966D16F200][000002966D68C6C0 49] iPadMini4, [000002966D20BC00][00000296685D8840 49] iPadMini5, [000002966D16BE00][00000296685E0A80 49] iPhone6, [000002966D16BF00][000002966859AAC0 49] iPodTouch6, [000002966D273600][000002966D3F0D00 49] iPhone7, [000002966D271700][000002966D3ECD40 49] iPodTouch7, [000002966D168700][00000296685E8EC0 49] iPhone5S, [000002966D16EF00][00000296685ED040 49] iPhone6Plus, [000002966D16A000][00000296685F11C0 49] iPhone6S, [000002966D16D000][00000296685F5340 49] iPhone6SPlus, [000002966D168A00][00000296685F94C0 49] iPhone7Plus, [000002966D16FE00][00000296685DD640 49] iPhoneSE, [000002966D273200][000002966D3E97C0 49] iPhone8, [000002966D16ED00][000002966C17D940 49] iPhone8Plus, [000002966D272800][000002966C181AC0 49] iPhoneX, [000002966D16D800][000002966C1840C0 49] iPhoneXS, [000002966D272200][000002966C188240 49] iPhoneXSMax, [000002966D16D200][000002966C18C3C0 49] iPhoneXR, [000002966D270D00][0000029669DB8540 49] iPhone11, [000002966D16EE00][0000029669DBC6C0 49] iPhone11Pro, [000002966D271D00][0000029669B36840 49] iPhone11ProMax, [000002966D16D600][0000029669B429C0 49] iPhoneSE2, [000002966D270800][0000029669B32B40 49] iPhone12Mini, [000002966D16CF00][00000296685E4C80 49] iPhone12, [000002966D272600][0000029669DC0DC0 49] iPhone12Pro, [000002966D16E300][0000029669DC4F00 49] iPhone12ProMax, [000002966D270700][000002966BF3D080 49] iPadPro105, [000002966D16F400][000002966BF41200 49] iPadPro129, [000002966D270F00][000002966BF45380 49] iPadPro97, [000002966D16EA00][000002966BF49500 49] iPadPro2_129, [000002966D271E00][000002966BF4D680 49] iPad5, [000002966D16DB00][000002966BF51800 49] iPad6, [000002966D272500][000002966BF55980 49] iPad7, [000002966D16FD00][000002966BF59B00 49] iPad8, [000002966D272100][000002966BF5C100 49] iPadPro11, [000002966D16E600][000002966BF60280 49] iPadPro2_11, [000002966D270500][000002966C12A400 49] iPadPro3_129, [000002966D16DC00][000002966C12E580 49] iPadPro4_129, [000002966D272900][000002966C132700 49] AppleTV, [000002966D16CD00][000002966C136880 49] AppleTV4K, [000002966D270100][000002966C13AA00 49] TVOS, [000002966D16C300][000002966C13EB80 49] Mac, [000002966D273000][000002966C142D00 49] MacClient, [000002966D16D400][0000029669DC8E40 49] MacNoEditor, [000002966D273900][000002966C146F80 49] MacServer, [000002966D16C800][000002966C14B0C0 49] Linux, [000002966D271B00][000002966C153240 49] LinuxAArch64, [000002966D16D900][000002966C1573C0 49] LinuxNoEditor, [000002966D272B00][000002966C15B540 49] LinuxAArch64NoEditor, [000002966D16E100][000002966C15F6C0 49] LinuxClient, [000002966D271C00][000002966C163840 49] LinuxAArch64Client, [000002966D16CE00][000002966D48D9C0 49] LinuxServer, [000002966D272300][000002966D491B40 49] LinuxAArch64Server, [000002966D16DA00][000002966D494140 49] Android, [000002966D209100][000002966D4982C0 49] Android_Low, [000002966D16BC00][000002966D49C440 49] Android_Mid, [000002966D208F00][000002966D4A05C0 49] Android_High, [000002966D16B400][000002966D4A4740 49] Android_Default, [000002966D208E00][000002966D4A88C0 49] Android_Adreno4xx, [000002966D16BA00][000002966D4ACA40 49] Android_Adreno5xx_Low, [000002966D208600][000002966D4B0BC0 49] Android_Adreno5xx, [000002966D169900][000002966D4B4D40 49] Android_Adreno6xx, [000002966D209E00][000002966D4B8EC0 49] Android_Adreno6xx_Vulkan, [000002966D16B200][000002966C14F000 49] Android_Mali_T6xx, [000002966D20A900][000002966D4BD140 49] Android_Mali_T7xx, [000002966D168C00][000002966D4C1280 49] Android_Mali_T8xx, [000002966D20A700][000002966D4C53C0 49] Android_Mali_G71, [000002966D16AA00][000002966D4CD540 49] Android_Mali_G72, [000002966D20B100][000002966D4D16C0 49] Android_Mali_G72_Vulkan, [000002966D16A800][000002966D4D5840 49] Android_Mali_G76, [000002966D209700][000002966D4D99C0 49] Android_Mali_G76_Vulkan, [000002966D169500][000002966D4DDB40 49] Android_Mali_G77, [000002966D20A600][000002966D4E0140 49] Android_Mali_G77_Vulkan, [000002966D16BB00][000002966D4E42C0 49] Android_Mali_G78, [000002966D208900][000002966D4E8440 49] Android_Mali_G78_Vulkan, [000002966D168900][000002966D4EC5C0 49] Android_Mali_G710, [000002966D20A400][000002966D4F0740 49] Android_Mali_G710_Vulkan, [000002966D16B700][000002966D4F48C0 49] Android_Vulkan_SM5, [000002966D208D00][000002966D4F8A40 49] Android_PowerVR_G6xxx, [000002966D168E00][000002966D4FCBC0 49] Android_PowerVR_GT7xxx, [000002966D20B800][000002966D500D40 49] Android_PowerVR_GE8xxx, [000002966D169400][000002966D504EC0 49] Android_PowerVR_GM9xxx, [000002966D16D100][000002966D509040 49] Android_PowerVR_GM9xxx_Vulkan, [000002966D168500][000002966D4C9180 49] Android_TegraK1, [000002966D16D500][000002966D50D2C0 49] Android_Unknown_Vulkan, [000002966D16B300][000002966D511400 49] Lumin, [000002966D16FC00][000002966D515540 49] Lumin_Desktop, [000002966D169300][000002966D51D6C0 49] HoloLens, 
[2022.01.11-02.36.07:183][  0]LogMeshReduction: Using QuadricMeshReduction for automatic static mesh reduction
[2022.01.11-02.36.07:183][  0]LogMeshReduction: Using SimplygonMeshReduction for automatic skeletal mesh reduction
[2022.01.11-02.36.07:183][  0]LogMeshReduction: Using ProxyLODMeshReduction for automatic mesh merging
[2022.01.11-02.36.07:183][  0]LogMeshReduction: No distributed automatic mesh merging module available
[2022.01.11-02.36.07:183][  0]LogMeshMerging: No distributed automatic mesh merging module available
[2022.01.11-02.36.07:199][  0]LogNetVersion: GunMiniGolfCoded 1.0.0, NetCL: 17155196, EngineNetVer: 17, GameNetVer: 0 (Checksum: 2763643290)
[2022.01.11-02.36.07:586][  0]LogTexture: Default maximum texture size for cubemaps generated from long-lat sources has been changed from 512 to unlimited. In order to preserve old behaiour for '/Engine/MapTemplates/Sky/DaylightAmbientCubemap.DaylightAmbientCubemap', its maximum texture size has been explicitly set to 512.
[2022.01.11-02.36.07:674][  0]LogHMD: PokeAHoleMaterial loaded successfully
[2022.01.11-02.36.07:679][  0]LogUObjectArray: 17178 objects as part of root set at end of initial load.
[2022.01.11-02.36.07:679][  0]LogUObjectAllocator: 4302048 out of 0 bytes used by permanent object pool.
[2022.01.11-02.36.07:679][  0]LogUObjectArray: CloseDisregardForGC: 0/0 objects in disregard for GC pool
[2022.01.11-02.36.08:006][  0]LogNiagaraDebuggerClient: Niagara Debugger Client Initialized | Session: 0582098242BBBCF75BB349A4C5A8452E | Instance: 570F79B64E3387FFDAB304BA9DDC05A8 (MITCH-WORKSTATI-13852).
[2022.01.11-02.36.08:063][  0]LogPython: Using Python 3.7.7
[2022.01.11-02.36.08:824][  0]LogUdpMessaging: Initializing bridge on interface 0.0.0.0:0 to multicast group 230.0.0.1:6666.
[2022.01.11-02.36.08:834][  0]LogTcpMessaging: Initializing TcpMessaging bridge
[2022.01.11-02.36.09:482][  0]LogOpenImageDenoise: OIDN starting up
[2022.01.11-02.36.09:500][  0]SourceControl: Source control is disabled
[2022.01.11-02.36.09:500][  0]SourceControl: Source control is disabled
[2022.01.11-02.36.09:504][  0]SourceControl: Source control is disabled
[2022.01.11-02.36.09:509][  0]SourceControl: Source control is disabled
[2022.01.11-02.36.09:513][  0]SourceControl: Source control is disabled
[2022.01.11-02.36.09:531][  0]LogUProjectInfo: Found projects:
[2022.01.11-02.36.09:597][  0]LogAndroidPermission: UAndroidPermissionCallbackProxy::GetInstance
[2022.01.11-02.36.09:625][  0]LogAudioCaptureCore: Display: No Audio Capture implementations found. Audio input will be silent.
[2022.01.11-02.36.09:625][  0]LogAudioCaptureCore: Display: No Audio Capture implementations found. Audio input will be silent.
[2022.01.11-02.36.09:798][  0]LogCollectionManager: Loaded 0 collections in 0.002558 seconds
[2022.01.11-02.36.09:825][  0]LogFileCache: Scanning file cache for directory 'E:/Personal Projects/HumanMiniGolfC++/GunMiniGolfC/GunMiniGolfCoded/Saved/Collections/' took 0.00s
[2022.01.11-02.36.09:825][  0]LogFileCache: Scanning file cache for directory 'E:/Personal Projects/HumanMiniGolfC++/GunMiniGolfC/GunMiniGolfCoded/Content/Developers/Mitch/Collections/' took 0.00s
[2022.01.11-02.36.09:825][  0]LogFileCache: Scanning file cache for directory 'E:/Personal Projects/HumanMiniGolfC++/GunMiniGolfC/GunMiniGolfCoded/Content/Collections/' took 0.00s
[2022.01.11-02.36.09:825][  0]LogOcInput: OculusInput pre-init called
[2022.01.11-02.36.10:073][  0]LogEngine: Initializing Engine...
[2022.01.11-02.36.10:074][  0]LogHMD: PokeAHoleMaterial loaded successfully
[2022.01.11-02.36.10:075][  0]LogHMD: Initializing OVRPlugin session
[2022.01.11-02.36.10:352][  0]LogHMD: Allocating Oculus 3200 x 1600 rendertarget swapchain
[2022.01.11-02.36.10:353][  0]LogHMD: Oculus plugin initialized. Version: 4.27.2-18319896+++UE4+Release-4.27, OVRPlugin: 1.59.0
[2022.01.11-02.36.10:354][  0]LogStats: UGameplayTagsManager::InitializeManager -  0.000 s
[2022.01.11-02.36.10:522][  0]LogInit: Initializing FReadOnlyCVARCache
[2022.01.11-02.36.10:539][  0]LogAIModule: Creating AISystem for world Untitled
[2022.01.11-02.36.10:540][  0]LogAudio: Display: Initializing Audio Device Manager...
[2022.01.11-02.36.10:545][  0]LogAudio: Display: Loading Default Audio Settings Objects...
[2022.01.11-02.36.10:546][  0]LogAudio: Display: No default SoundConcurrencyObject specified (or failed to load).
[2022.01.11-02.36.10:546][  0]LogAudio: Display: Audio Device Manager Initialized
[2022.01.11-02.36.10:546][  0]LogAudio: Display: Creating Audio Device:                 Id: 1, Scope: Shared, Realtime: True
[2022.01.11-02.36.10:546][  0]LogAudioMixer: Display: Audio Mixer Platform Settings:
[2022.01.11-02.36.10:546][  0]LogAudioMixer: Display: 	Sample Rate:						  48000
[2022.01.11-02.36.10:546][  0]LogAudioMixer: Display: 	Callback Buffer Frame Size Requested: 1024
[2022.01.11-02.36.10:546][  0]LogAudioMixer: Display: 	Callback Buffer Frame Size To Use:	  1024
[2022.01.11-02.36.10:546][  0]LogAudioMixer: Display: 	Number of buffers to queue:			  2
[2022.01.11-02.36.10:546][  0]LogAudioMixer: Display: 	Max Channels (voices):				  32
[2022.01.11-02.36.10:546][  0]LogAudioMixer: Display: 	Number of Async Source Workers:		  0
[2022.01.11-02.36.10:546][  0]LogAudio: Display: AudioDevice MaxSources: 32
[2022.01.11-02.36.10:547][  0]LogAudio: Display: Audio Spatialization Plugin: None (built-in).
[2022.01.11-02.36.10:547][  0]LogAudio: Display: Audio Reverb Plugin: None (built-in).
[2022.01.11-02.36.10:547][  0]LogAudio: Display: Audio Occlusion Plugin: None (built-in).
[2022.01.11-02.36.10:547][  0]LogAudioMixer: Display: Initializing audio mixer.
[2022.01.11-02.36.10:606][  0]LogAudioMixer: Display: 0: FrontLeft
[2022.01.11-02.36.10:606][  0]LogAudioMixer: Display: 1: FrontRight
[2022.01.11-02.36.10:638][  0]LogAudioMixer: Display: Using Audio Device Headphones (SteelSeries Arctis 5 Game)
[2022.01.11-02.36.10:641][  0]LogAudioMixer: Display: Initializing Sound Submixes...
[2022.01.11-02.36.10:643][  0]LogAudioMixer: Display: Creating Master Submix 'MasterSubmixDefault'
[2022.01.11-02.36.10:643][  0]LogAudioMixer: Display: Creating Master Submix 'MasterReverbSubmixDefault'
[2022.01.11-02.36.10:644][  0]LogAudioMixer: Display: Creating Master Submix 'MasterEQSubmixDefault'
[2022.01.11-02.36.10:644][  0]LogAudioMixer: FMixerPlatformXAudio2::StartAudioStream() called
[2022.01.11-02.36.10:644][  0]LogAudioMixer: Display: Output buffers initialized: Frames=1024, Channels=2, Samples=2048
[2022.01.11-02.36.10:645][  0]LogAudioMixer: Display: Starting AudioMixerPlatformInterface::RunInternal()
[2022.01.11-02.36.10:645][  0]LogAudioMixer: Display: FMixerPlatformXAudio2::SubmitBuffer() called for the first time
[2022.01.11-02.36.10:645][  0]LogInit: FAudioDevice initialized.
[2022.01.11-02.36.10:646][  0]LogAudio: Display: Audio Device (ID: 1) registered with world 'Untitled'.
[2022.01.11-02.36.10:646][  0]LogNetVersion: Set ProjectVersion to 1.0.0.0. Version Checksum will be recalculated on next use.
[2022.01.11-02.36.10:733][  0]LogDerivedDataCache: Saved boot cache 0.09s 99MB C:/Users/Mitch/AppData/Local/UnrealEngine/4.27/DerivedDataCache/Boot.ddc.
[2022.01.11-02.36.10:734][  0]LogInit: Texture streaming: Enabled
[2022.01.11-02.36.10:748][  0]LogAnalytics: Display: [UEEditor.Rocket.Release] APIServer = https://datarouter.ol.epicgames.com/. AppVersion = 4.27.2-18319896+++UE4+Release-4.27
[2022.01.11-02.36.10:754][  0]LogEngineSessionManager: EngineSessionManager initialized
[2022.01.11-02.36.10:754][  0]LogEngineSessionManager: EngineSessionManager sent abnormal shutdown report. Type=Debugger, SessionId={CDE5418C-413C-71AE-0107-80B734BC5E9F}
[2022.01.11-02.36.10:754][  0]LogEngineSessionManager: EngineSessionManager sent abnormal shutdown report. Type=Crashed, SessionId={51321D38-49F5-6389-ACB9-C4826EAC4D95}
[2022.01.11-02.36.10:754][  0]LogEditorSessionSummary: Verbose: Initializing EditorSessionSummaryWriter for editor session tracking
[2022.01.11-02.36.10:756][  0]LogEditorSessionSummary: EditorSessionSummaryWriter initialized
[2022.01.11-02.36.10:783][  0]LogInit: Transaction tracking system initialized
[2022.01.11-02.36.10:811][  0]BlueprintLog: New page: Editor Load
[2022.01.11-02.36.10:905][  0]LocalizationService: Localization service is disabled
[2022.01.11-02.36.10:943][  0]TimingProfiler: Initialize
[2022.01.11-02.36.10:943][  0]TimingProfiler: OnSessionChanged
[2022.01.11-02.36.10:943][  0]LoadingProfiler: Initialize
[2022.01.11-02.36.10:943][  0]LoadingProfiler: OnSessionChanged
[2022.01.11-02.36.10:943][  0]NetworkingProfiler: Initialize
[2022.01.11-02.36.10:943][  0]NetworkingProfiler: OnSessionChanged
[2022.01.11-02.36.10:943][  0]MemoryProfiler: Initialize
[2022.01.11-02.36.10:943][  0]MemoryProfiler: OnSessionChanged
[2022.01.11-02.36.11:151][  0]LogCook: Display: CookSettings for Memory: MemoryMaxUsedVirtual 0MiB, MemoryMaxUsedPhysical 16384MiB, MemoryMinFreeVirtual 0MiB, MemoryMinFreePhysical 1024MiB
[2022.01.11-02.36.11:151][  0]LogCook: Display: Mobile HDR setting 1
[2022.01.11-02.36.11:402][  0]LogFileCache: Scanning file cache for directory 'E:/Personal Projects/HumanMiniGolfC++/GunMiniGolfC/GunMiniGolfCoded/Content/' took 0.01s
[2022.01.11-02.36.11:644][  0]LogInit: Display: Engine is initialized. Leaving FEngineLoop::Init()
[2022.01.11-02.36.11:647][  0]SourceControl: Source control is disabled
[2022.01.11-02.36.11:647][  0]LogUnrealEdMisc: Loading editor; pre map load, took 9.655
[2022.01.11-02.36.11:647][  0]Cmd: MAP LOAD FILE="E:/Personal Projects/HumanMiniGolfC++/GunMiniGolfC/GunMiniGolfCoded/Content/FirstPersonCPP/Maps/FirstPersonExampleMap.umap" TEMPLATE=0 SHOWPROGRESS=1 FEATURELEVEL=3
[2022.01.11-02.36.11:647][  0]LightingResults: New page: Lighting Build
[2022.01.11-02.36.11:649][  0]LogWorld: UWorld::CleanupWorld for Untitled, bSessionEnded=true, bCleanupResources=true
[2022.01.11-02.36.11:649][  0]LogSlate: InvalidateAllWidgets triggered.  All widgets were invalidated
[2022.01.11-02.36.11:649][  0]MapCheck: New page: Map Check
[2022.01.11-02.36.11:649][  0]LightingResults: New page: Lighting Build
[2022.01.11-02.36.11:657][  0]LogAudio: Display: Audio Device unregistered from world 'None'.
[2022.01.11-02.36.11:663][  0]LogUObjectHash: Compacting FUObjectHashTables data took   1.52ms
[2022.01.11-02.36.11:695][  0]LogLinker: Error: Failed import: class 'StaticMeshComponent' name 'BallMesh' outer 'Default__GrenadeTest_C'. There is another object (of 'SphereComponent' class) at the path.
[2022.01.11-02.36.11:695][  0]LogClass: Warning: Type mismatch in RadiusScale of GrenadeTest_C - Previous (StructProperty) Current(FloatProperty) for package:  E:/Personal Projects/HumanMiniGolfC++/GunMiniGolfC/GunMiniGolfCoded/Content/GunMiniGolf/Blueprints/GrenadeTest.uasset
[2022.01.11-02.36.11:695][  0]LogLinker: Error: Failed import: class 'StaticMeshComponent' name 'BallMesh' outer 'Default__GrenadeTest_C'. There is another object (of 'SphereComponent' class) at the path.
[2022.01.11-02.36.11:697][  0]LogLinker: Error: Failed import: class 'StaticMeshComponent' name 'BallMesh' outer 'Default__GrenadeTest_C'. There is another object (of 'SphereComponent' class) at the path.
[2022.01.11-02.36.11:701][  0]LogLinker: Error: Failed import: class 'StaticMeshComponent' name 'BallMesh' outer 'Default__GrenadeTest_C'. There is another object (of 'SphereComponent' class) at the path.
[2022.01.11-02.36.11:702][  0]LogLinker: Error: Failed import: class 'StaticMeshComponent' name 'BallMesh' outer 'GrenadeTest_2'. There is another object (of 'SphereComponent' class) at the path.
[2022.01.11-02.36.11:705][  0]LogLinker: Error: Failed import: class 'StaticMeshComponent' name 'BallMesh' outer 'GrenadeTest_2'. There is another object (of 'SphereComponent' class) at the path.
[2022.01.11-02.36.11:705][  0]LogLinker: Error: Failed import: class 'StaticMeshComponent' name 'BallMesh' outer 'GrenadeTest_2'. There is another object (of 'SphereComponent' class) at the path.
[2022.01.11-02.36.11:706][  0]LogLinker: Error: Failed import: class 'StaticMeshComponent' name 'BallMesh' outer 'GrenadeTest_2'. There is another object (of 'SphereComponent' class) at the path.
[2022.01.11-02.36.11:706][  0]LogLinker: Error: Failed import: class 'StaticMeshComponent' name 'BallMesh' outer 'GrenadeTest_2'. There is another object (of 'SphereComponent' class) at the path.
[2022.01.11-02.36.11:731][  0]LogAudio: Display: Audio Device (ID: 1) registered with world 'FirstPersonExampleMap'.
[2022.01.11-02.36.11:732][  0]LogAIModule: Creating AISystem for world FirstPersonExampleMap
[2022.01.11-02.36.11:737][  0]LogEditorServer: Finished looking for orphan Actors (0.000 secs)
[2022.01.11-02.36.11:745][  0]LogUObjectHash: Compacting FUObjectHashTables data took   0.75ms
[2022.01.11-02.36.11:746][  0]Cmd: MAP CHECKDEP NOCLEARLOG
[2022.01.11-02.36.11:746][  0]MapCheck: Map check complete: 0 Error(s), 0 Warning(s), took 0.08ms to complete.
[2022.01.11-02.36.11:746][  0]LogFileHelpers: Loading map 'FirstPersonExampleMap' took 0.100
[2022.01.11-02.36.11:748][  0]LogUnrealEdMisc: Total Editor Startup Time, took 9.756
[2022.01.11-02.36.11:923][  0]LogSlate: Updating window title bar state: overlay mode, drag disabled, window buttons hidden, title bar hidden
[2022.01.11-02.36.11:932][  0]LogSlate: Updating window title bar state: overlay mode, drag disabled, window buttons hidden, title bar hidden
[2022.01.11-02.36.11:938][  0]LogSlate: Updating window title bar state: overlay mode, drag disabled, window buttons hidden, title bar hidden
[2022.01.11-02.36.11:946][  0]LogSlate: Updating window title bar state: overlay mode, drag disabled, window buttons hidden, title bar hidden
[2022.01.11-02.36.11:965][  0]LogNativeClassHierarchy: Verbose: Native class hierarchy populated in 0.0134 seconds. Added 3827 classes and 930 folders.
[2022.01.11-02.36.11:967][  0]LogNativeClassHierarchy: Verbose: Native class hierarchy updated for 'WidgetCarousel' in 0.0003 seconds. Added 0 classes and 0 folders.
[2022.01.11-02.36.11:970][  0]LogPakFile: PakFile PrimaryIndexSize=187
[2022.01.11-02.36.11:970][  0]LogPakFile: PakFile PathHashIndexSize=101
[2022.01.11-02.36.11:970][  0]LogPakFile: PakFile FullDirectoryIndexSize=148
[2022.01.11-02.36.11:970][  0]LogShaderLibrary: Display: ShaderCodeLibraryPakFileMountedCallback: PakFile 'C:/UE_4.27/FeaturePacks/FP_FirstPerson.upack' (chunk index -1, root 'root:/') mounted
[2022.01.11-02.36.11:970][  0]LogShaderLibrary: Display: ShaderCodeLibraryPakFileMountedCallback: pending pak file info (ChunkID:-1 Root:root:/ File:C:/UE_4.27/FeaturePacks/FP_FirstPerson.upack)
[2022.01.11-02.36.11:970][  0]LogPakFile: OnPakFileMounted2Time == 0.000069
[2022.01.11-02.36.11:971][  0]LogPakFile: PakFile PrimaryIndexSize=189
[2022.01.11-02.36.11:971][  0]LogPakFile: PakFile PathHashIndexSize=101
[2022.01.11-02.36.11:971][  0]LogPakFile: PakFile FullDirectoryIndexSize=152
[2022.01.11-02.36.11:971][  0]LogShaderLibrary: Display: ShaderCodeLibraryPakFileMountedCallback: PakFile 'C:/UE_4.27/FeaturePacks/FP_FirstPersonBP.upack' (chunk index -1, root 'root:/') mounted
[2022.01.11-02.36.11:971][  0]LogShaderLibrary: Display: ShaderCodeLibraryPakFileMountedCallback: pending pak file info (ChunkID:-1 Root:root:/ File:C:/UE_4.27/FeaturePacks/FP_FirstPersonBP.upack)
[2022.01.11-02.36.11:971][  0]LogPakFile: OnPakFileMounted2Time == 0.000046
[2022.01.11-02.36.11:972][  0]LogPakFile: PakFile PrimaryIndexSize=191
[2022.01.11-02.36.11:972][  0]LogPakFile: PakFile PathHashIndexSize=101
[2022.01.11-02.36.11:972][  0]LogPakFile: PakFile FullDirectoryIndexSize=160
[2022.01.11-02.36.11:972][  0]LogShaderLibrary: Display: ShaderCodeLibraryPakFileMountedCallback: PakFile 'C:/UE_4.27/FeaturePacks/MobileStarterContent.upack' (chunk index -1, root 'root:/') mounted
[2022.01.11-02.36.11:972][  0]LogShaderLibrary: Display: ShaderCodeLibraryPakFileMountedCallback: pending pak file info (ChunkID:-1 Root:root:/ File:C:/UE_4.27/FeaturePacks/MobileStarterContent.upack)
[2022.01.11-02.36.11:972][  0]LogPakFile: OnPakFileMounted2Time == 0.000053
[2022.01.11-02.36.11:973][  0]LogPakFile: PakFile PrimaryIndexSize=185
[2022.01.11-02.36.11:973][  0]LogPakFile: PakFile PathHashIndexSize=101
[2022.01.11-02.36.11:973][  0]LogPakFile: PakFile FullDirectoryIndexSize=148
[2022.01.11-02.36.11:973][  0]LogShaderLibrary: Display: ShaderCodeLibraryPakFileMountedCallback: PakFile 'C:/UE_4.27/FeaturePacks/StarterContent.upack' (chunk index -1, root 'root:/') mounted
[2022.01.11-02.36.11:973][  0]LogShaderLibrary: Display: ShaderCodeLibraryPakFileMountedCallback: pending pak file info (ChunkID:-1 Root:root:/ File:C:/UE_4.27/FeaturePacks/StarterContent.upack)
[2022.01.11-02.36.11:973][  0]LogPakFile: OnPakFileMounted2Time == 0.000040
[2022.01.11-02.36.11:974][  0]LogPakFile: PakFile PrimaryIndexSize=190
[2022.01.11-02.36.11:974][  0]LogPakFile: PakFile PathHashIndexSize=101
[2022.01.11-02.36.11:974][  0]LogPakFile: PakFile FullDirectoryIndexSize=154
[2022.01.11-02.36.11:974][  0]LogShaderLibrary: Display: ShaderCodeLibraryPakFileMountedCallback: PakFile 'C:/UE_4.27/FeaturePacks/TP_2DSideScroller.upack' (chunk index -1, root 'root:/') mounted
[2022.01.11-02.36.11:974][  0]LogShaderLibrary: Display: ShaderCodeLibraryPakFileMountedCallback: pending pak file info (ChunkID:-1 Root:root:/ File:C:/UE_4.27/FeaturePacks/TP_2DSideScroller.upack)
[2022.01.11-02.36.11:974][  0]LogPakFile: OnPakFileMounted2Time == 0.000038
[2022.01.11-02.36.11:975][  0]LogPakFile: PakFile PrimaryIndexSize=192
[2022.01.11-02.36.11:975][  0]LogPakFile: PakFile PathHashIndexSize=101
[2022.01.11-02.36.11:975][  0]LogPakFile: PakFile FullDirectoryIndexSize=158
[2022.01.11-02.36.11:975][  0]LogShaderLibrary: Display: ShaderCodeLibraryPakFileMountedCallback: PakFile 'C:/UE_4.27/FeaturePacks/TP_2DSideScrollerBP.upack' (chunk index -1, root 'root:/') mounted
[2022.01.11-02.36.11:975][  0]LogShaderLibrary: Display: ShaderCodeLibraryPakFileMountedCallback: pending pak file info (ChunkID:-1 Root:root:/ File:C:/UE_4.27/FeaturePacks/TP_2DSideScrollerBP.upack)
[2022.01.11-02.36.11:975][  0]LogPakFile: OnPakFileMounted2Time == 0.000031
[2022.01.11-02.36.11:975][  0]LogPakFile: PakFile PrimaryIndexSize=182
[2022.01.11-02.36.11:975][  0]LogPakFile: PakFile PathHashIndexSize=101
[2022.01.11-02.36.11:975][  0]LogPakFile: PakFile FullDirectoryIndexSize=138
[2022.01.11-02.36.11:975][  0]LogShaderLibrary: Display: ShaderCodeLibraryPakFileMountedCallback: PakFile 'C:/UE_4.27/FeaturePacks/TP_Flying.upack' (chunk index -1, root 'root:/') mounted
[2022.01.11-02.36.11:975][  0]LogShaderLibrary: Display: ShaderCodeLibraryPakFileMountedCallback: pending pak file info (ChunkID:-1 Root:root:/ File:C:/UE_4.27/FeaturePacks/TP_Flying.upack)
[2022.01.11-02.36.11:975][  0]LogPakFile: OnPakFileMounted2Time == 0.000031
[2022.01.11-02.36.11:976][  0]LogPakFile: PakFile PrimaryIndexSize=184
[2022.01.11-02.36.11:976][  0]LogPakFile: PakFile PathHashIndexSize=101
[2022.01.11-02.36.11:976][  0]LogPakFile: PakFile FullDirectoryIndexSize=142
[2022.01.11-02.36.11:976][  0]LogShaderLibrary: Display: ShaderCodeLibraryPakFileMountedCallback: PakFile 'C:/UE_4.27/FeaturePacks/TP_FlyingBP.upack' (chunk index -1, root 'root:/') mounted
[2022.01.11-02.36.11:976][  0]LogShaderLibrary: Display: ShaderCodeLibraryPakFileMountedCallback: pending pak file info (ChunkID:-1 Root:root:/ File:C:/UE_4.27/FeaturePacks/TP_FlyingBP.upack)
[2022.01.11-02.36.11:976][  0]LogPakFile: OnPakFileMounted2Time == 0.000031
[2022.01.11-02.36.11:977][  0]LogPakFile: PakFile PrimaryIndexSize=188
[2022.01.11-02.36.11:977][  0]LogPakFile: PakFile PathHashIndexSize=101
[2022.01.11-02.36.11:977][  0]LogPakFile: PakFile FullDirectoryIndexSize=150
[2022.01.11-02.36.11:977][  0]LogShaderLibrary: Display: ShaderCodeLibraryPakFileMountedCallback: PakFile 'C:/UE_4.27/FeaturePacks/TP_HandheldARBP.upack' (chunk index -1, root 'root:/') mounted
[2022.01.11-02.36.11:977][  0]LogShaderLibrary: Display: ShaderCodeLibraryPakFileMountedCallback: pending pak file info (ChunkID:-1 Root:root:/ File:C:/UE_4.27/FeaturePacks/TP_HandheldARBP.upack)
[2022.01.11-02.36.11:977][  0]LogPakFile: OnPakFileMounted2Time == 0.000031
[2022.01.11-02.36.11:978][  0]LogPakFile: PakFile PrimaryIndexSize=182
[2022.01.11-02.36.11:978][  0]LogPakFile: PakFile PathHashIndexSize=101
[2022.01.11-02.36.11:978][  0]LogPakFile: PakFile FullDirectoryIndexSize=138
[2022.01.11-02.36.11:978][  0]LogShaderLibrary: Display: ShaderCodeLibraryPakFileMountedCallback: PakFile 'C:/UE_4.27/FeaturePacks/TP_Puzzle.upack' (chunk index -1, root 'root:/') mounted
[2022.01.11-02.36.11:978][  0]LogShaderLibrary: Display: ShaderCodeLibraryPakFileMountedCallback: pending pak file info (ChunkID:-1 Root:root:/ File:C:/UE_4.27/FeaturePacks/TP_Puzzle.upack)
[2022.01.11-02.36.11:978][  0]LogPakFile: OnPakFileMounted2Time == 0.000051
[2022.01.11-02.36.11:979][  0]LogPakFile: PakFile PrimaryIndexSize=184
[2022.01.11-02.36.11:979][  0]LogPakFile: PakFile PathHashIndexSize=101
[2022.01.11-02.36.11:979][  0]LogPakFile: PakFile FullDirectoryIndexSize=142
[2022.01.11-02.36.11:979][  0]LogShaderLibrary: Display: ShaderCodeLibraryPakFileMountedCallback: PakFile 'C:/UE_4.27/FeaturePacks/TP_PuzzleBP.upack' (chunk index -1, root 'root:/') mounted
[2022.01.11-02.36.11:979][  0]LogShaderLibrary: Display: ShaderCodeLibraryPakFileMountedCallback: pending pak file info (ChunkID:-1 Root:root:/ File:C:/UE_4.27/FeaturePacks/TP_PuzzleBP.upack)
[2022.01.11-02.36.11:979][  0]LogPakFile: OnPakFileMounted2Time == 0.000033
[2022.01.11-02.36.11:980][  0]LogPakFile: PakFile PrimaryIndexSize=183
[2022.01.11-02.36.11:980][  0]LogPakFile: PakFile PathHashIndexSize=101
[2022.01.11-02.36.11:980][  0]LogPakFile: PakFile FullDirectoryIndexSize=140
[2022.01.11-02.36.11:980][  0]LogShaderLibrary: Display: ShaderCodeLibraryPakFileMountedCallback: PakFile 'C:/UE_4.27/FeaturePacks/TP_Rolling.upack' (chunk index -1, root 'root:/') mounted
[2022.01.11-02.36.11:980][  0]LogShaderLibrary: Display: ShaderCodeLibraryPakFileMountedCallback: pending pak file info (ChunkID:-1 Root:root:/ File:C:/UE_4.27/FeaturePacks/TP_Rolling.upack)
[2022.01.11-02.36.11:980][  0]LogPakFile: OnPakFileMounted2Time == 0.000041
[2022.01.11-02.36.11:981][  0]LogPakFile: PakFile PrimaryIndexSize=185
[2022.01.11-02.36.11:981][  0]LogPakFile: PakFile PathHashIndexSize=101
[2022.01.11-02.36.11:981][  0]LogPakFile: PakFile FullDirectoryIndexSize=144
[2022.01.11-02.36.11:981][  0]LogShaderLibrary: Display: ShaderCodeLibraryPakFileMountedCallback: PakFile 'C:/UE_4.27/FeaturePacks/TP_RollingBP.upack' (chunk index -1, root 'root:/') mounted
[2022.01.11-02.36.11:981][  0]LogShaderLibrary: Display: ShaderCodeLibraryPakFileMountedCallback: pending pak file info (ChunkID:-1 Root:root:/ File:C:/UE_4.27/FeaturePacks/TP_RollingBP.upack)
[2022.01.11-02.36.11:981][  0]LogPakFile: OnPakFileMounted2Time == 0.000044
[2022.01.11-02.36.11:982][  0]LogPakFile: PakFile PrimaryIndexSize=188
[2022.01.11-02.36.11:982][  0]LogPakFile: PakFile PathHashIndexSize=101
[2022.01.11-02.36.11:982][  0]LogPakFile: PakFile FullDirectoryIndexSize=150
[2022.01.11-02.36.11:982][  0]LogShaderLibrary: Display: ShaderCodeLibraryPakFileMountedCallback: PakFile 'C:/UE_4.27/FeaturePacks/TP_SideScroller.upack' (chunk index -1, root 'root:/') mounted
[2022.01.11-02.36.11:982][  0]LogShaderLibrary: Display: ShaderCodeLibraryPakFileMountedCallback: pending pak file info (ChunkID:-1 Root:root:/ File:C:/UE_4.27/FeaturePacks/TP_SideScroller.upack)
[2022.01.11-02.36.11:982][  0]LogPakFile: OnPakFileMounted2Time == 0.000034
[2022.01.11-02.36.11:983][  0]LogPakFile: PakFile PrimaryIndexSize=190
[2022.01.11-02.36.11:983][  0]LogPakFile: PakFile PathHashIndexSize=101
[2022.01.11-02.36.11:983][  0]LogPakFile: PakFile FullDirectoryIndexSize=154
[2022.01.11-02.36.11:983][  0]LogShaderLibrary: Display: ShaderCodeLibraryPakFileMountedCallback: PakFile 'C:/UE_4.27/FeaturePacks/TP_SideScrollerBP.upack' (chunk index -1, root 'root:/') mounted
[2022.01.11-02.36.11:983][  0]LogShaderLibrary: Display: ShaderCodeLibraryPakFileMountedCallback: pending pak file info (ChunkID:-1 Root:root:/ File:C:/UE_4.27/FeaturePacks/TP_SideScrollerBP.upack)
[2022.01.11-02.36.11:983][  0]LogPakFile: OnPakFileMounted2Time == 0.000037
[2022.01.11-02.36.11:984][  0]LogPakFile: PakFile PrimaryIndexSize=187
[2022.01.11-02.36.11:984][  0]LogPakFile: PakFile PathHashIndexSize=101
[2022.01.11-02.36.11:984][  0]LogPakFile: PakFile FullDirectoryIndexSize=148
[2022.01.11-02.36.11:984][  0]LogShaderLibrary: Display: ShaderCodeLibraryPakFileMountedCallback: PakFile 'C:/UE_4.27/FeaturePacks/TP_ThirdPerson.upack' (chunk index -1, root 'root:/') mounted
[2022.01.11-02.36.11:984][  0]LogShaderLibrary: Display: ShaderCodeLibraryPakFileMountedCallback: pending pak file info (ChunkID:-1 Root:root:/ File:C:/UE_4.27/FeaturePacks/TP_ThirdPerson.upack)
[2022.01.11-02.36.11:984][  0]LogPakFile: OnPakFileMounted2Time == 0.000037
[2022.01.11-02.36.11:984][  0]LogPakFile: PakFile PrimaryIndexSize=189
[2022.01.11-02.36.11:984][  0]LogPakFile: PakFile PathHashIndexSize=101
[2022.01.11-02.36.11:985][  0]LogPakFile: PakFile FullDirectoryIndexSize=152
[2022.01.11-02.36.11:985][  0]LogShaderLibrary: Display: ShaderCodeLibraryPakFileMountedCallback: PakFile 'C:/UE_4.27/FeaturePacks/TP_ThirdPersonBP.upack' (chunk index -1, root 'root:/') mounted
[2022.01.11-02.36.11:985][  0]LogShaderLibrary: Display: ShaderCodeLibraryPakFileMountedCallback: pending pak file info (ChunkID:-1 Root:root:/ File:C:/UE_4.27/FeaturePacks/TP_ThirdPersonBP.upack)
[2022.01.11-02.36.11:985][  0]LogPakFile: OnPakFileMounted2Time == 0.000034
[2022.01.11-02.36.11:986][  0]LogPakFile: PakFile PrimaryIndexSize=183
[2022.01.11-02.36.11:986][  0]LogPakFile: PakFile PathHashIndexSize=101
[2022.01.11-02.36.11:986][  0]LogPakFile: PakFile FullDirectoryIndexSize=140
[2022.01.11-02.36.11:986][  0]LogShaderLibrary: Display: ShaderCodeLibraryPakFileMountedCallback: PakFile 'C:/UE_4.27/FeaturePacks/TP_TopDown.upack' (chunk index -1, root 'root:/') mounted
[2022.01.11-02.36.11:986][  0]LogShaderLibrary: Display: ShaderCodeLibraryPakFileMountedCallback: pending pak file info (ChunkID:-1 Root:root:/ File:C:/UE_4.27/FeaturePacks/TP_TopDown.upack)
[2022.01.11-02.36.11:986][  0]LogPakFile: OnPakFileMounted2Time == 0.000054
[2022.01.11-02.36.11:987][  0]LogPakFile: PakFile PrimaryIndexSize=185
[2022.01.11-02.36.11:987][  0]LogPakFile: PakFile PathHashIndexSize=101
[2022.01.11-02.36.11:987][  0]LogPakFile: PakFile FullDirectoryIndexSize=144
[2022.01.11-02.36.11:987][  0]LogShaderLibrary: Display: ShaderCodeLibraryPakFileMountedCallback: PakFile 'C:/UE_4.27/FeaturePacks/TP_TopDownBP.upack' (chunk index -1, root 'root:/') mounted
[2022.01.11-02.36.11:987][  0]LogShaderLibrary: Display: ShaderCodeLibraryPakFileMountedCallback: pending pak file info (ChunkID:-1 Root:root:/ File:C:/UE_4.27/FeaturePacks/TP_TopDownBP.upack)
[2022.01.11-02.36.11:987][  0]LogPakFile: OnPakFileMounted2Time == 0.000053
[2022.01.11-02.36.11:988][  0]LogPakFile: PakFile PrimaryIndexSize=185
[2022.01.11-02.36.11:988][  0]LogPakFile: PakFile PathHashIndexSize=101
[2022.01.11-02.36.11:988][  0]LogPakFile: PakFile FullDirectoryIndexSize=144
[2022.01.11-02.36.11:988][  0]LogShaderLibrary: Display: ShaderCodeLibraryPakFileMountedCallback: PakFile 'C:/UE_4.27/FeaturePacks/TP_TwinStick.upack' (chunk index -1, root 'root:/') mounted
[2022.01.11-02.36.11:988][  0]LogShaderLibrary: Display: ShaderCodeLibraryPakFileMountedCallback: pending pak file info (ChunkID:-1 Root:root:/ File:C:/UE_4.27/FeaturePacks/TP_TwinStick.upack)
[2022.01.11-02.36.11:988][  0]LogPakFile: OnPakFileMounted2Time == 0.000054
[2022.01.11-02.36.11:989][  0]LogPakFile: PakFile PrimaryIndexSize=187
[2022.01.11-02.36.11:990][  0]LogPakFile: PakFile PathHashIndexSize=101
[2022.01.11-02.36.11:990][  0]LogPakFile: PakFile FullDirectoryIndexSize=148
[2022.01.11-02.36.11:990][  0]LogShaderLibrary: Display: ShaderCodeLibraryPakFileMountedCallback: PakFile 'C:/UE_4.27/FeaturePacks/TP_TwinStickBP.upack' (chunk index -1, root 'root:/') mounted
[2022.01.11-02.36.11:990][  0]LogShaderLibrary: Display: ShaderCodeLibraryPakFileMountedCallback: pending pak file info (ChunkID:-1 Root:root:/ File:C:/UE_4.27/FeaturePacks/TP_TwinStickBP.upack)
[2022.01.11-02.36.11:990][  0]LogPakFile: OnPakFileMounted2Time == 0.000042
[2022.01.11-02.36.11:991][  0]LogPakFile: PakFile PrimaryIndexSize=183
[2022.01.11-02.36.11:991][  0]LogPakFile: PakFile PathHashIndexSize=101
[2022.01.11-02.36.11:991][  0]LogPakFile: PakFile FullDirectoryIndexSize=140
[2022.01.11-02.36.11:991][  0]LogShaderLibrary: Display: ShaderCodeLibraryPakFileMountedCallback: PakFile 'C:/UE_4.27/FeaturePacks/TP_Vehicle.upack' (chunk index -1, root 'root:/') mounted
[2022.01.11-02.36.11:991][  0]LogShaderLibrary: Display: ShaderCodeLibraryPakFileMountedCallback: pending pak file info (ChunkID:-1 Root:root:/ File:C:/UE_4.27/FeaturePacks/TP_Vehicle.upack)
[2022.01.11-02.36.11:991][  0]LogPakFile: OnPakFileMounted2Time == 0.000046
[2022.01.11-02.36.11:992][  0]LogPakFile: PakFile PrimaryIndexSize=186
[2022.01.11-02.36.11:992][  0]LogPakFile: PakFile PathHashIndexSize=101
[2022.01.11-02.36.11:992][  0]LogPakFile: PakFile FullDirectoryIndexSize=146
[2022.01.11-02.36.11:992][  0]LogShaderLibrary: Display: ShaderCodeLibraryPakFileMountedCallback: PakFile 'C:/UE_4.27/FeaturePacks/TP_VehicleAdv.upack' (chunk index -1, root 'root:/') mounted
[2022.01.11-02.36.11:992][  0]LogShaderLibrary: Display: ShaderCodeLibraryPakFileMountedCallback: pending pak file info (ChunkID:-1 Root:root:/ File:C:/UE_4.27/FeaturePacks/TP_VehicleAdv.upack)
[2022.01.11-02.36.11:992][  0]LogPakFile: OnPakFileMounted2Time == 0.000041
[2022.01.11-02.36.11:993][  0]LogPakFile: PakFile PrimaryIndexSize=188
[2022.01.11-02.36.11:993][  0]LogPakFile: PakFile PathHashIndexSize=101
[2022.01.11-02.36.11:993][  0]LogPakFile: PakFile FullDirectoryIndexSize=150
[2022.01.11-02.36.11:993][  0]LogShaderLibrary: Display: ShaderCodeLibraryPakFileMountedCallback: PakFile 'C:/UE_4.27/FeaturePacks/TP_VehicleAdvBP.upack' (chunk index -1, root 'root:/') mounted
[2022.01.11-02.36.11:993][  0]LogShaderLibrary: Display: ShaderCodeLibraryPakFileMountedCallback: pending pak file info (ChunkID:-1 Root:root:/ File:C:/UE_4.27/FeaturePacks/TP_VehicleAdvBP.upack)
[2022.01.11-02.36.11:993][  0]LogPakFile: OnPakFileMounted2Time == 0.000040
[2022.01.11-02.36.11:994][  0]LogPakFile: PakFile PrimaryIndexSize=185
[2022.01.11-02.36.11:994][  0]LogPakFile: PakFile PathHashIndexSize=101
[2022.01.11-02.36.11:994][  0]LogPakFile: PakFile FullDirectoryIndexSize=144
[2022.01.11-02.36.11:994][  0]LogShaderLibrary: Display: ShaderCodeLibraryPakFileMountedCallback: PakFile 'C:/UE_4.27/FeaturePacks/TP_VehicleBP.upack' (chunk index -1, root 'root:/') mounted
[2022.01.11-02.36.11:994][  0]LogShaderLibrary: Display: ShaderCodeLibraryPakFileMountedCallback: pending pak file info (ChunkID:-1 Root:root:/ File:C:/UE_4.27/FeaturePacks/TP_VehicleBP.upack)
[2022.01.11-02.36.11:994][  0]LogPakFile: OnPakFileMounted2Time == 0.000039
[2022.01.11-02.36.11:995][  0]LogPakFile: PakFile PrimaryIndexSize=192
[2022.01.11-02.36.11:995][  0]LogPakFile: PakFile PathHashIndexSize=101
[2022.01.11-02.36.11:995][  0]LogPakFile: PakFile FullDirectoryIndexSize=158
[2022.01.11-02.36.11:995][  0]LogShaderLibrary: Display: ShaderCodeLibraryPakFileMountedCallback: PakFile 'C:/UE_4.27/FeaturePacks/TP_VirtualRealityBP.upack' (chunk index -1, root 'root:/') mounted
[2022.01.11-02.36.11:995][  0]LogShaderLibrary: Display: ShaderCodeLibraryPakFileMountedCallback: pending pak file info (ChunkID:-1 Root:root:/ File:C:/UE_4.27/FeaturePacks/TP_VirtualRealityBP.upack)
[2022.01.11-02.36.11:995][  0]LogPakFile: OnPakFileMounted2Time == 0.000042
[2022.01.11-02.36.12:075][  0]LogNativeClassHierarchy: Verbose: Native class hierarchy updated for 'AddContentDialog' in 0.0009 seconds. Added 0 classes and 0 folders.
[2022.01.11-02.36.12:076][  0]LogNativeClassHierarchy: Verbose: Native class hierarchy updated for 'SceneOutliner' in 0.0004 seconds. Added 2 classes and 0 folders.
[2022.01.11-02.36.12:181][  0]LogNativeClassHierarchy: Verbose: Native class hierarchy updated for 'HierarchicalLODOutliner' in 0.0004 seconds. Added 0 classes and 0 folders.
[2022.01.11-02.36.12:181][  0]LogLoad: (Engine Initialization) Total time: 10.19 seconds
[2022.01.11-02.36.12:181][  0]LogLoad: (Engine Initialization) Total Blueprint compile time: 0.00 seconds
[2022.01.11-02.36.12:204][  0]LogOcInput: OculusInput is initialized
[2022.01.11-02.36.12:245][  0]LogAssetRegistry: Asset discovery search completed in 5.4402 seconds
[2022.01.11-02.36.12:252][  0]LogCollectionManager: Fixed up redirectors for 0 collections in 0.000003 seconds (updated 0 objects)
[2022.01.11-02.36.12:254][  0]LogContentStreaming: Texture pool size now 1000 MB
[2022.01.11-02.36.12:270][  0]LogSlate: Took 0.001049 seconds to synchronously load lazily loaded font '../../../Engine/Content/Slate/Fonts/Roboto-Regular.ttf' (155K)
[2022.01.11-02.36.12:271][  0]LogSlate: Took 0.000179 seconds to synchronously load lazily loaded font '../../../Engine/Content/Editor/Slate/Fonts/FontAwesome.ttf' (139K)
[2022.01.11-02.36.12:272][  0]LogSlate: Took 0.000244 seconds to synchronously load lazily loaded font '../../../Engine/Content/Slate/Fonts/Roboto-Bold.ttf' (160K)
[2022.01.11-02.36.12:411][  0]LogRenderer: Reallocating scene render targets to support 804x360 Format 10 NumSamples 1 (Frame:1).
[2022.01.11-02.36.13:539][  4]LogSlate: Took 0.000213 seconds to synchronously load lazily loaded font '../../../Engine/Content/Slate/Fonts/Roboto-Light.ttf' (167K)
[2022.01.11-02.36.32:410][ 59]LogRenderer: Reallocating scene render targets to support 1204x572 Format 10 NumSamples 1 (Frame:3).
[2022.01.11-02.36.35:747][267]LogTemp: Repeating last play command: Selected Viewport
[2022.01.11-02.36.35:754][267]LogPlayLevel: PlayLevel: No blueprints needed recompiling
[2022.01.11-02.36.35:755][267]PIE: New page: PIE session: FirstPersonExampleMap (Jan 10, 2022, 12:36:35 PM)
[2022.01.11-02.36.35:757][267]LogOnline: OSS: Creating online subsystem instance for: NULL
[2022.01.11-02.36.35:762][267]LogOnline: OSS: TryLoadSubsystemAndSetDefault: Loaded subsystem for module [NULL]
[2022.01.11-02.36.35:762][267]LogPlayLevel: Creating play world package: /Game/FirstPersonCPP/Maps/UEDPIE_0_FirstPersonExampleMap
[2022.01.11-02.36.35:803][267]LogPlayLevel: PIE: StaticDuplicateObject took: (0.040042s)
[2022.01.11-02.36.35:805][267]LogAIModule: Creating AISystem for world FirstPersonExampleMap
[2022.01.11-02.36.35:806][267]LogPlayLevel: PIE: World Init took: (0.003138s)
[2022.01.11-02.36.35:806][267]LogPlayLevel: PIE: Created PIE world by copying editor world from /Game/FirstPersonCPP/Maps/FirstPersonExampleMap.FirstPersonExampleMap to /Game/FirstPersonCPP/Maps/UEDPIE_0_FirstPersonExampleMap.FirstPersonExampleMap (0.043841s)
[2022.01.11-02.36.35:818][267]LogUObjectHash: Compacting FUObjectHashTables data took   1.67ms
[2022.01.11-02.36.35:820][267]LogAudio: Display: Creating Audio Device:                 Id: 2, Scope: Unique, Realtime: True
[2022.01.11-02.36.35:820][267]LogAudioMixer: Display: Audio Mixer Platform Settings:
[2022.01.11-02.36.35:820][267]LogAudioMixer: Display: 	Sample Rate:						  48000
[2022.01.11-02.36.35:820][267]LogAudioMixer: Display: 	Callback Buffer Frame Size Requested: 1024
[2022.01.11-02.36.35:820][267]LogAudioMixer: Display: 	Callback Buffer Frame Size To Use:	  1024
[2022.01.11-02.36.35:820][267]LogAudioMixer: Display: 	Number of buffers to queue:			  2
[2022.01.11-02.36.35:820][267]LogAudioMixer: Display: 	Max Channels (voices):				  32
[2022.01.11-02.36.35:820][267]LogAudioMixer: Display: 	Number of Async Source Workers:		  0
[2022.01.11-02.36.35:820][267]LogAudio: Display: AudioDevice MaxSources: 32
[2022.01.11-02.36.35:821][267]LogAudio: Display: Audio Spatialization Plugin: None (built-in).
[2022.01.11-02.36.35:821][267]LogAudio: Display: Audio Reverb Plugin: None (built-in).
[2022.01.11-02.36.35:821][267]LogAudio: Display: Audio Occlusion Plugin: None (built-in).
[2022.01.11-02.36.35:821][267]LogAudioMixer: Display: Initializing audio mixer.
[2022.01.11-02.36.35:831][267]LogAudioMixer: Display: 0: FrontLeft
[2022.01.11-02.36.35:832][267]LogAudioMixer: Display: 1: FrontRight
[2022.01.11-02.36.35:841][267]LogAudioMixer: Display: Using Audio Device Headphones (SteelSeries Arctis 5 Game)
[2022.01.11-02.36.35:841][267]LogAudioMixer: Display: Initializing Sound Submixes...
[2022.01.11-02.36.35:842][267]LogAudioMixer: Display: Creating Master Submix 'MasterSubmixDefault'
[2022.01.11-02.36.35:842][267]LogAudioMixer: Display: Creating Master Submix 'MasterReverbSubmixDefault'
[2022.01.11-02.36.35:842][267]LogAudioMixer: Display: Creating Master Submix 'MasterEQSubmixDefault'
[2022.01.11-02.36.35:842][267]LogAudioMixer: FMixerPlatformXAudio2::StartAudioStream() called
[2022.01.11-02.36.35:842][267]LogAudioMixer: Display: Output buffers initialized: Frames=1024, Channels=2, Samples=2048
[2022.01.11-02.36.35:844][267]LogAudioMixer: Display: Starting AudioMixerPlatformInterface::RunInternal()
[2022.01.11-02.36.35:844][267]LogAudioMixer: Display: FMixerPlatformXAudio2::SubmitBuffer() called for the first time
[2022.01.11-02.36.35:844][267]LogInit: FAudioDevice initialized.
[2022.01.11-02.36.35:845][267]LogAudio: Display: Audio Device (ID: 2) registered with world 'FirstPersonExampleMap'.
[2022.01.11-02.36.35:861][267]LogLoad: Game class is 'GunMiniGolfCodedGameMode'
[2022.01.11-02.36.35:865][267]LogWorld: Bringing World /Game/FirstPersonCPP/Maps/UEDPIE_0_FirstPersonExampleMap.FirstPersonExampleMap up for play (max tick rate 0) at 2022.01.10-19.36.35
[2022.01.11-02.36.35:866][267]LogWorld: Bringing up level for play took: 0.003445
[2022.01.11-02.36.35:866][267]LogOnline: OSS: Creating online subsystem instance for: :Context_2
[2022.01.11-02.36.35:873][267]LogNativeClassHierarchy: Verbose: Native class hierarchy updated for 'MovieSceneCapture' in 0.0005 seconds. Added 20 classes and 0 folders.
[2022.01.11-02.36.35:874][267]PIE: Server logged in
[2022.01.11-02.36.35:876][267]PIE: Play in editor total start time 0.124 seconds.
[2022.01.11-02.36.35:888][267]LogHMD: Allocating Oculus 2688 x 1600 rendertarget swapchain
[2022.01.11-02.36.37:257][347]LogSlate: Updating window title bar state: overlay mode, drag disabled, window buttons hidden, title bar hidden
[2022.01.11-02.36.37:257][347]LogWorld: BeginTearingDown for /Game/FirstPersonCPP/Maps/UEDPIE_0_FirstPersonExampleMap
[2022.01.11-02.36.37:258][347]LogWorld: UWorld::CleanupWorld for FirstPersonExampleMap, bSessionEnded=true, bCleanupResources=true
[2022.01.11-02.36.37:258][347]LogSlate: InvalidateAllWidgets triggered.  All widgets were invalidated
[2022.01.11-02.36.37:275][347]LogPlayLevel: Display: Shutting down PIE online subsystems
[2022.01.11-02.36.37:278][347]LogOutputDevice: Warning: 

Script Stack (0 frames):

[2022.01.11-02.36.37:278][347]LogWindows: Windows GetLastError: The operation completed successfully. (0)
[2022.01.11-02.36.39:605][347]LogWindows: Error: === Critical error: ===
[2022.01.11-02.36.39:605][347]LogWindows: Error: 
[2022.01.11-02.36.39:605][347]LogWindows: Error: Assertion failed: !IsRooted() [File:D:\Build\++UE4\Sync\Engine\Source\Runtime\CoreUObject\Public\UObject/UObjectBaseUtility.h] [Line: 173] 
[2022.01.11-02.36.39:605][347]LogWindows: Error: 
[2022.01.11-02.36.39:605][347]LogWindows: Error: 
[2022.01.11-02.36.39:605][347]LogWindows: Error: 
[2022.01.11-02.36.39:605][347]LogWindows: Error: [Callstack] 0x00007ff8ec314a6c KERNELBASE.dll!UnknownFunction []
[2022.01.11-02.36.39:605][347]LogWindows: Error: [Callstack] 0x00007ff83d9b39b8 UE4Editor-Core.dll!UnknownFunction []
[2022.01.11-02.36.39:605][347]LogWindows: Error: [Callstack] 0x000000dbc41777d0 UnknownFunction []
[2022.01.11-02.36.39:605][347]LogWindows: Error: [Callstack] 0x0000000000000400 UnknownFunction []
[2022.01.11-02.36.39:606][347]LogWindows: Error: [Callstack] 0x0000000000000064 UnknownFunction []
[2022.01.11-02.36.39:606][347]LogWindows: Error: [Callstack] 0x0000008000004000 UnknownFunction []
[2022.01.11-02.36.39:606][347]LogWindows: Error: 
[2022.01.11-02.36.39:613][347]LogExit: Executing StaticShutdownAfterError
[2022.01.11-02.36.39:619][347]LogWindows: FPlatformMisc::RequestExit(1)
[2022.01.11-02.36.39:619][347]LogWindows: FPlatformMisc::RequestExitWithStatus(1, 3)
[2022.01.11-02.36.39:619][347]LogCore: Engine exit requested (reason: Win RequestExit)
[2022.01.11-02.36.39:623][347]Log file closed, 01/10/22 19:36:39
