  Using 'git status' to determine working set for adaptive non-unity build (E:\Personal Projects\HumanMiniGolfC++\GunMiniGolfC).
  Deleted hot-reload file: E:\Personal Projects\HumanMiniGolfC++\GunMiniGolfC\GunMiniGolfCoded\Binaries\Win64\UE4Editor-GunMiniGolfCoded-0003.dll
  Deleted hot-reload file: E:\Personal Projects\HumanMiniGolfC++\GunMiniGolfC\GunMiniGolfCoded\Binaries\Win64\UE4Editor-GunMiniGolfCoded-0003.pdb
  Deleted hot-reload file: E:\Personal Projects\HumanMiniGolfC++\GunMiniGolfC\GunMiniGolfCoded\Binaries\Win64\UE4Editor-GunMiniGolfCoded-0040.dll
  Deleted hot-reload file: E:\Personal Projects\HumanMiniGolfC++\GunMiniGolfC\GunMiniGolfCoded\Binaries\Win64\UE4Editor-GunMiniGolfCoded-0040.pdb
  Deleted hot-reload file: E:\Personal Projects\HumanMiniGolfC++\GunMiniGolfC\GunMiniGolfCoded\Binaries\Win64\UE4Editor-GunMiniGolfCoded-0391.dll
  Deleted hot-reload file: E:\Personal Projects\HumanMiniGolfC++\GunMiniGolfC\GunMiniGolfCoded\Binaries\Win64\UE4Editor-GunMiniGolfCoded-0391.pdb
  Deleted hot-reload file: E:\Personal Projects\HumanMiniGolfC++\GunMiniGolfC\GunMiniGolfCoded\Binaries\Win64\UE4Editor-GunMiniGolfCoded-0734.dll
  Deleted hot-reload file: E:\Personal Projects\HumanMiniGolfC++\GunMiniGolfC\GunMiniGolfCoded\Binaries\Win64\UE4Editor-GunMiniGolfCoded-0734.pdb
  Deleted hot-reload file: E:\Personal Projects\HumanMiniGolfC++\GunMiniGolfC\GunMiniGolfCoded\Binaries\Win64\UE4Editor-GunMiniGolfCoded-0898.dll
  Deleted hot-reload file: E:\Personal Projects\HumanMiniGolfC++\GunMiniGolfC\GunMiniGolfCoded\Binaries\Win64\UE4Editor-GunMiniGolfCoded-0898.pdb
  Deleted hot-reload file: E:\Personal Projects\HumanMiniGolfC++\GunMiniGolfC\GunMiniGolfCoded\Binaries\Win64\UE4Editor-GunMiniGolfCoded-1834.dll
  Deleted hot-reload file: E:\Personal Projects\HumanMiniGolfC++\GunMiniGolfC\GunMiniGolfCoded\Binaries\Win64\UE4Editor-GunMiniGolfCoded-1834.pdb
  Deleted hot-reload file: E:\Personal Projects\HumanMiniGolfC++\GunMiniGolfC\GunMiniGolfCoded\Binaries\Win64\UE4Editor-GunMiniGolfCoded-1990.dll
  Deleted hot-reload file: E:\Personal Projects\HumanMiniGolfC++\GunMiniGolfC\GunMiniGolfCoded\Binaries\Win64\UE4Editor-GunMiniGolfCoded-1990.pdb
  Deleted hot-reload file: E:\Personal Projects\HumanMiniGolfC++\GunMiniGolfC\GunMiniGolfCoded\Binaries\Win64\UE4Editor-GunMiniGolfCoded-2563.dll
  Deleted hot-reload file: E:\Personal Projects\HumanMiniGolfC++\GunMiniGolfC\GunMiniGolfCoded\Binaries\Win64\UE4Editor-GunMiniGolfCoded-2563.pdb
  Deleted hot-reload file: E:\Personal Projects\HumanMiniGolfC++\GunMiniGolfC\GunMiniGolfCoded\Binaries\Win64\UE4Editor-GunMiniGolfCoded-2740.dll
  Deleted hot-reload file: E:\Personal Projects\HumanMiniGolfC++\GunMiniGolfC\GunMiniGolfCoded\Binaries\Win64\UE4Editor-GunMiniGolfCoded-2740.pdb
  Deleted hot-reload file: E:\Personal Projects\HumanMiniGolfC++\GunMiniGolfC\GunMiniGolfCoded\Binaries\Win64\UE4Editor-GunMiniGolfCoded-3131.dll
  Deleted hot-reload file: E:\Personal Projects\HumanMiniGolfC++\GunMiniGolfC\GunMiniGolfCoded\Binaries\Win64\UE4Editor-GunMiniGolfCoded-3131.pdb
  Deleted hot-reload file: E:\Personal Projects\HumanMiniGolfC++\GunMiniGolfC\GunMiniGolfCoded\Binaries\Win64\UE4Editor-GunMiniGolfCoded-3499.dll
  Deleted hot-reload file: E:\Personal Projects\HumanMiniGolfC++\GunMiniGolfC\GunMiniGolfCoded\Binaries\Win64\UE4Editor-GunMiniGolfCoded-3499.pdb
  Deleted hot-reload file: E:\Personal Projects\HumanMiniGolfC++\GunMiniGolfC\GunMiniGolfCoded\Binaries\Win64\UE4Editor-GunMiniGolfCoded-3602.dll
  Deleted hot-reload file: E:\Personal Projects\HumanMiniGolfC++\GunMiniGolfC\GunMiniGolfCoded\Binaries\Win64\UE4Editor-GunMiniGolfCoded-3602.pdb
  Deleted hot-reload file: E:\Personal Projects\HumanMiniGolfC++\GunMiniGolfC\GunMiniGolfCoded\Binaries\Win64\UE4Editor-GunMiniGolfCoded-4854.dll
  Deleted hot-reload file: E:\Personal Projects\HumanMiniGolfC++\GunMiniGolfC\GunMiniGolfCoded\Binaries\Win64\UE4Editor-GunMiniGolfCoded-4854.pdb
  Deleted hot-reload file: E:\Personal Projects\HumanMiniGolfC++\GunMiniGolfC\GunMiniGolfCoded\Binaries\Win64\UE4Editor-GunMiniGolfCoded-6346.dll
  Deleted hot-reload file: E:\Personal Projects\HumanMiniGolfC++\GunMiniGolfC\GunMiniGolfCoded\Binaries\Win64\UE4Editor-GunMiniGolfCoded-6346.pdb
  Deleted hot-reload file: E:\Personal Projects\HumanMiniGolfC++\GunMiniGolfC\GunMiniGolfCoded\Binaries\Win64\UE4Editor-GunMiniGolfCoded-6469.dll
  Deleted hot-reload file: E:\Personal Projects\HumanMiniGolfC++\GunMiniGolfC\GunMiniGolfCoded\Binaries\Win64\UE4Editor-GunMiniGolfCoded-6469.pdb
  Deleted hot-reload file: E:\Personal Projects\HumanMiniGolfC++\GunMiniGolfC\GunMiniGolfCoded\Binaries\Win64\UE4Editor-GunMiniGolfCoded-6541.dll
  Deleted hot-reload file: E:\Personal Projects\HumanMiniGolfC++\GunMiniGolfC\GunMiniGolfCoded\Binaries\Win64\UE4Editor-GunMiniGolfCoded-6541.pdb
  Deleted hot-reload file: E:\Personal Projects\HumanMiniGolfC++\GunMiniGolfC\GunMiniGolfCoded\Binaries\Win64\UE4Editor-GunMiniGolfCoded-6965.dll
  Deleted hot-reload file: E:\Personal Projects\HumanMiniGolfC++\GunMiniGolfC\GunMiniGolfCoded\Binaries\Win64\UE4Editor-GunMiniGolfCoded-6965.pdb
  Deleted hot-reload file: E:\Personal Projects\HumanMiniGolfC++\GunMiniGolfC\GunMiniGolfCoded\Binaries\Win64\UE4Editor-GunMiniGolfCoded-7043.dll
  Deleted hot-reload file: E:\Personal Projects\HumanMiniGolfC++\GunMiniGolfC\GunMiniGolfCoded\Binaries\Win64\UE4Editor-GunMiniGolfCoded-7043.pdb
  Deleted hot-reload file: E:\Personal Projects\HumanMiniGolfC++\GunMiniGolfC\GunMiniGolfCoded\Binaries\Win64\UE4Editor-GunMiniGolfCoded-7112.dll
  Deleted hot-reload file: E:\Personal Projects\HumanMiniGolfC++\GunMiniGolfC\GunMiniGolfCoded\Binaries\Win64\UE4Editor-GunMiniGolfCoded-7112.pdb
  Deleted hot-reload file: E:\Personal Projects\HumanMiniGolfC++\GunMiniGolfC\GunMiniGolfCoded\Binaries\Win64\UE4Editor-GunMiniGolfCoded-7651.dll
  Deleted hot-reload file: E:\Personal Projects\HumanMiniGolfC++\GunMiniGolfC\GunMiniGolfCoded\Binaries\Win64\UE4Editor-GunMiniGolfCoded-7651.pdb
  Deleted hot-reload file: E:\Personal Projects\HumanMiniGolfC++\GunMiniGolfC\GunMiniGolfCoded\Binaries\Win64\UE4Editor-GunMiniGolfCoded-8467.dll
  Deleted hot-reload file: E:\Personal Projects\HumanMiniGolfC++\GunMiniGolfC\GunMiniGolfCoded\Binaries\Win64\UE4Editor-GunMiniGolfCoded-8467.pdb
  Deleted hot-reload file: E:\Personal Projects\HumanMiniGolfC++\GunMiniGolfC\GunMiniGolfCoded\Binaries\Win64\UE4Editor-GunMiniGolfCoded-8594.dll
  Deleted hot-reload file: E:\Personal Projects\HumanMiniGolfC++\GunMiniGolfC\GunMiniGolfCoded\Binaries\Win64\UE4Editor-GunMiniGolfCoded-8594.pdb
  Deleted hot-reload file: E:\Personal Projects\HumanMiniGolfC++\GunMiniGolfC\GunMiniGolfCoded\Binaries\Win64\UE4Editor-GunMiniGolfCoded-8786.dll
  Deleted hot-reload file: E:\Personal Projects\HumanMiniGolfC++\GunMiniGolfC\GunMiniGolfCoded\Binaries\Win64\UE4Editor-GunMiniGolfCoded-8786.pdb
  Deleted hot-reload file: E:\Personal Projects\HumanMiniGolfC++\GunMiniGolfC\GunMiniGolfCoded\Binaries\Win64\UE4Editor-GunMiniGolfCoded-8943.dll
  Deleted hot-reload file: E:\Personal Projects\HumanMiniGolfC++\GunMiniGolfC\GunMiniGolfCoded\Binaries\Win64\UE4Editor-GunMiniGolfCoded-8943.pdb
  Deleted hot-reload file: E:\Personal Projects\HumanMiniGolfC++\GunMiniGolfC\GunMiniGolfCoded\Binaries\Win64\UE4Editor-GunMiniGolfCoded-9368.dll
  Deleted hot-reload file: E:\Personal Projects\HumanMiniGolfC++\GunMiniGolfC\GunMiniGolfCoded\Binaries\Win64\UE4Editor-GunMiniGolfCoded-9368.pdb
  Deleted hot-reload file: E:\Personal Projects\HumanMiniGolfC++\GunMiniGolfC\GunMiniGolfCoded\Binaries\Win64\UE4Editor-GunMiniGolfCoded-9794.dll
  Deleted hot-reload file: E:\Personal Projects\HumanMiniGolfC++\GunMiniGolfC\GunMiniGolfCoded\Binaries\Win64\UE4Editor-GunMiniGolfCoded-9794.pdb
  Deleted hot-reload file: E:\Personal Projects\HumanMiniGolfC++\GunMiniGolfC\GunMiniGolfCoded\Intermediate\Build\Win64\UE4Editor\Development\GunMiniGolfCoded\UE4Editor-GunMiniGolfCoded-0003.lib
  Deleted hot-reload file: E:\Personal Projects\HumanMiniGolfC++\GunMiniGolfC\GunMiniGolfCoded\Intermediate\Build\Win64\UE4Editor\Development\GunMiniGolfCoded\UE4Editor-GunMiniGolfCoded-0040.lib
  Deleted hot-reload file: E:\Personal Projects\HumanMiniGolfC++\GunMiniGolfC\GunMiniGolfCoded\Intermediate\Build\Win64\UE4Editor\Development\GunMiniGolfCoded\UE4Editor-GunMiniGolfCoded-0391.lib
  Deleted hot-reload file: E:\Personal Projects\HumanMiniGolfC++\GunMiniGolfC\GunMiniGolfCoded\Intermediate\Build\Win64\UE4Editor\Development\GunMiniGolfCoded\UE4Editor-GunMiniGolfCoded-0734.lib
  Deleted hot-reload file: E:\Personal Projects\HumanMiniGolfC++\GunMiniGolfC\GunMiniGolfCoded\Intermediate\Build\Win64\UE4Editor\Development\GunMiniGolfCoded\UE4Editor-GunMiniGolfCoded-0898.lib
  Deleted hot-reload file: E:\Personal Projects\HumanMiniGolfC++\GunMiniGolfC\GunMiniGolfCoded\Intermediate\Build\Win64\UE4Editor\Development\GunMiniGolfCoded\UE4Editor-GunMiniGolfCoded-1834.lib
  Deleted hot-reload file: E:\Personal Projects\HumanMiniGolfC++\GunMiniGolfC\GunMiniGolfCoded\Intermediate\Build\Win64\UE4Editor\Development\GunMiniGolfCoded\UE4Editor-GunMiniGolfCoded-1990.lib
  Deleted hot-reload file: E:\Personal Projects\HumanMiniGolfC++\GunMiniGolfC\GunMiniGolfCoded\Intermediate\Build\Win64\UE4Editor\Development\GunMiniGolfCoded\UE4Editor-GunMiniGolfCoded-2563.lib
  Deleted hot-reload file: E:\Personal Projects\HumanMiniGolfC++\GunMiniGolfC\GunMiniGolfCoded\Intermediate\Build\Win64\UE4Editor\Development\GunMiniGolfCoded\UE4Editor-GunMiniGolfCoded-2740.lib
  Deleted hot-reload file: E:\Personal Projects\HumanMiniGolfC++\GunMiniGolfC\GunMiniGolfCoded\Intermediate\Build\Win64\UE4Editor\Development\GunMiniGolfCoded\UE4Editor-GunMiniGolfCoded-3131.lib
  Deleted hot-reload file: E:\Personal Projects\HumanMiniGolfC++\GunMiniGolfC\GunMiniGolfCoded\Intermediate\Build\Win64\UE4Editor\Development\GunMiniGolfCoded\UE4Editor-GunMiniGolfCoded-3499.lib
  Deleted hot-reload file: E:\Personal Projects\HumanMiniGolfC++\GunMiniGolfC\GunMiniGolfCoded\Intermediate\Build\Win64\UE4Editor\Development\GunMiniGolfCoded\UE4Editor-GunMiniGolfCoded-3602.lib
  Deleted hot-reload file: E:\Personal Projects\HumanMiniGolfC++\GunMiniGolfC\GunMiniGolfCoded\Intermediate\Build\Win64\UE4Editor\Development\GunMiniGolfCoded\UE4Editor-GunMiniGolfCoded-4854.lib
  Deleted hot-reload file: E:\Personal Projects\HumanMiniGolfC++\GunMiniGolfC\GunMiniGolfCoded\Intermediate\Build\Win64\UE4Editor\Development\GunMiniGolfCoded\UE4Editor-GunMiniGolfCoded-6346.lib
  Deleted hot-reload file: E:\Personal Projects\HumanMiniGolfC++\GunMiniGolfC\GunMiniGolfCoded\Intermediate\Build\Win64\UE4Editor\Development\GunMiniGolfCoded\UE4Editor-GunMiniGolfCoded-6469.lib
  Deleted hot-reload file: E:\Personal Projects\HumanMiniGolfC++\GunMiniGolfC\GunMiniGolfCoded\Intermediate\Build\Win64\UE4Editor\Development\GunMiniGolfCoded\UE4Editor-GunMiniGolfCoded-6541.lib
  Deleted hot-reload file: E:\Personal Projects\HumanMiniGolfC++\GunMiniGolfC\GunMiniGolfCoded\Intermediate\Build\Win64\UE4Editor\Development\GunMiniGolfCoded\UE4Editor-GunMiniGolfCoded-6965.lib
  Deleted hot-reload file: E:\Personal Projects\HumanMiniGolfC++\GunMiniGolfC\GunMiniGolfCoded\Intermediate\Build\Win64\UE4Editor\Development\GunMiniGolfCoded\UE4Editor-GunMiniGolfCoded-7043.lib
  Deleted hot-reload file: E:\Personal Projects\HumanMiniGolfC++\GunMiniGolfC\GunMiniGolfCoded\Intermediate\Build\Win64\UE4Editor\Development\GunMiniGolfCoded\UE4Editor-GunMiniGolfCoded-7112.lib
  Deleted hot-reload file: E:\Personal Projects\HumanMiniGolfC++\GunMiniGolfC\GunMiniGolfCoded\Intermediate\Build\Win64\UE4Editor\Development\GunMiniGolfCoded\UE4Editor-GunMiniGolfCoded-7651.lib
  Deleted hot-reload file: E:\Personal Projects\HumanMiniGolfC++\GunMiniGolfC\GunMiniGolfCoded\Intermediate\Build\Win64\UE4Editor\Development\GunMiniGolfCoded\UE4Editor-GunMiniGolfCoded-8467.lib
  Deleted hot-reload file: E:\Personal Projects\HumanMiniGolfC++\GunMiniGolfC\GunMiniGolfCoded\Intermediate\Build\Win64\UE4Editor\Development\GunMiniGolfCoded\UE4Editor-GunMiniGolfCoded-8594.lib
  Deleted hot-reload file: E:\Personal Projects\HumanMiniGolfC++\GunMiniGolfC\GunMiniGolfCoded\Intermediate\Build\Win64\UE4Editor\Development\GunMiniGolfCoded\UE4Editor-GunMiniGolfCoded-8786.lib
  Deleted hot-reload file: E:\Personal Projects\HumanMiniGolfC++\GunMiniGolfC\GunMiniGolfCoded\Intermediate\Build\Win64\UE4Editor\Development\GunMiniGolfCoded\UE4Editor-GunMiniGolfCoded-8943.lib
  Deleted hot-reload file: E:\Personal Projects\HumanMiniGolfC++\GunMiniGolfC\GunMiniGolfCoded\Intermediate\Build\Win64\UE4Editor\Development\GunMiniGolfCoded\UE4Editor-GunMiniGolfCoded-9368.lib
  Deleted hot-reload file: E:\Personal Projects\HumanMiniGolfC++\GunMiniGolfC\GunMiniGolfCoded\Intermediate\Build\Win64\UE4Editor\Development\GunMiniGolfCoded\UE4Editor-GunMiniGolfCoded-9794.lib
  Building GunMiniGolfCodedEditor...
  Using Visual Studio 2022 14.30.30706 toolchain (C:\Program Files\Microsoft Visual Studio\2022\Community\VC\Tools\MSVC\14.30.30705) and Windows 10.0.19041.0 SDK (C:\Program Files (x86)\Windows Kits\10).
  Building 4 actions with 8 processes...
    [1/4] BaseCharacter.cpp
    [2/4] UE4Editor-GunMiniGolfCoded.lib
       Creating library E:\Personal Projects\HumanMiniGolfC++\GunMiniGolfC\GunMiniGolfCoded\Intermediate\Build\Win64\UE4Editor\Development\GunMiniGolfCoded\UE4Editor-GunMiniGolfCoded.lib and object E:\Personal Projects\HumanMiniGolfC++\GunMiniGolfC\GunMiniGolfCoded\Intermediate\Build\Win64\UE4Editor\Development\GunMiniGolfCoded\UE4Editor-GunMiniGolfCoded.exp
    [3/4] UE4Editor-GunMiniGolfCoded.dll
       Creating library E:\Personal Projects\HumanMiniGolfC++\GunMiniGolfC\GunMiniGolfCoded\Intermediate\Build\Win64\UE4Editor\Development\GunMiniGolfCoded\UE4Editor-GunMiniGolfCoded.suppressed.lib and object E:\Personal Projects\HumanMiniGolfC++\GunMiniGolfC\GunMiniGolfCoded\Intermediate\Build\Win64\UE4Editor\Development\GunMiniGolfCoded\UE4Editor-GunMiniGolfCoded.suppressed.exp
    [4/4] GunMiniGolfCodedEditor.target
  Total time in Parallel executor: 3.71 seconds
  Total execution time: 4.78 seconds
